

Starting up. 15:00.19
---------------------
[15:01:24]ATTACK: Gunner attacked Deathclaw  (NEWHP: 500)(12,134,1)
[15:01:24]ATTACK: Deathclaw attacked Gunner  (NEWHP: 300)(11,134,1)
[15:01:24]ATTACK: venus human trap attacked venus human trap  (NEWHP: 75)(295,225,1)
[15:01:25]ATTACK: Gunner shot Deathclaw with the bullet (NEWHP: 460)(390,395,1)
[15:01:25]ATTACK: Gunner shot Deathclaw with the bullet (NEWHP: 420)(390,396,1)
[15:01:26]ATTACK: Gunner attacked Deathclaw  (NEWHP: 500)(11,134,1)
[15:01:26]ATTACK: Deathclaw attacked Gunner  (NEWHP: 245)(10,134,1)
[15:01:26]ATTACK: Deathclaw attacked Gunner  (NEWHP: 188)(10,134,1)
[15:01:26]ATTACK: giant rad scorpion (681) attacked Default Cyborg-340  (NEWHP: 100)(40,159,1)
[15:01:26]ATTACK: venus human trap attacked venus human trap  (NEWHP: 50)(295,225,1)
[15:01:26]ATTACK: Mutant attacked Molerat  (NEWHP: 50)(125,238,1)
[15:01:26]ATTACK: Mutant attacked Mutant  (NEWHP: 250)(144,238,1)
[15:01:26]ATTACK: Molerat attacked Mutant  (NEWHP: 250)(126,237,1)
[15:01:26]ATTACK: Molerat attacked Mutant  (NEWHP: 250)(126,237,1)
[15:01:26]ATTACK: Mutant attacked Mutant  (NEWHP: 225)(144,238,1)
[15:01:26]ATTACK: Mutant attacked Mutant  (NEWHP: 200)(144,238,1)
[15:01:26]ATTACK: Molerat attacked Mutant  (NEWHP: 250)(125,237,1)
[15:01:26]ATTACK: Mutant attacked Molerat  (NEWHP: 50)(126,238,1)
[15:01:26]ATTACK: Molerat attacked Mutant  (NEWHP: 250)(126,237,1)
[15:01:26]ATTACK: Mutant attacked Mutant  (NEWHP: 250)(143,237,1)
[15:01:26]ATTACK: Mutant attacked Mutant  (NEWHP: 173)(144,238,1)
[15:01:26]ATTACK: Deathclaw attacked Gunner  (NEWHP: 300)(392,397,1)
[15:01:26]ATTACK: Gunner attacked Deathclaw  (NEWHP: 420)(391,397,1)
[15:01:28]ATTACK: Gunner attacked Deathclaw  (NEWHP: 500)(10,134,1)
[15:01:28]ATTACK: Deathclaw attacked Gunner  (NEWHP: 147)(9,135,1)
[15:01:28]ATTACK: Deathclaw attacked Gunner  (NEWHP: 107)(9,135,1)
[15:01:28]ATTACK: giant rad scorpion (681) attacked Default Cyborg-340  (NEWHP: 84)(40,159,1)
[15:01:28]ATTACK: venus human trap attacked venus human trap  (NEWHP: 25)(295,225,1)
[15:01:29]ATTACK: Mutant attacked Molerat  (NEWHP: 16)(127,240,1)
[15:01:29]ATTACK: Mutant attacked Mutant  (NEWHP: 144)(142,238,1)
[15:01:29]ATTACK: Mutant attacked Mutant  (NEWHP: 119)(142,238,1)
[15:01:29]ATTACK: Molerat attacked Mutant  (NEWHP: 250)(126,239,1)
[15:01:29]ATTACK: Mutant attacked Molerat  (NEWHP: 17)(126,240,1)
[15:01:29]ATTACK: Mutant attacked Mutant  (NEWHP: 250)(143,239,1)
[15:01:29]ATTACK: Mutant attacked Mutant  (NEWHP: 89)(142,238,1)
[15:01:29]ATTACK: Mutant attacked Mutant  (NEWHP: 63)(142,238,1)
[15:01:29]ATTACK: Cazador attacked Space Bat  (NEWHP: 15)(165,157,1)
[15:01:31]ATTACK: Gunner attacked Deathclaw  (NEWHP: 500)(15,137,1)
[15:01:31]ATTACK: Deathclaw attacked Gunner  (NEWHP: 54)(16,137,1)
[15:01:31]ATTACK: giant rad scorpion (681) attacked Default Cyborg-340  (NEWHP: 64)(40,159,1)
[15:01:31]ATTACK: Mutant attacked Mutant  (NEWHP: 32)(142,238,1)
[15:01:31]ATTACK: Molerat attacked Mutant  (NEWHP: 250)(127,241,1)
[15:01:31]ATTACK: Molerat attacked Mutant  (NEWHP: 250)(127,241,1)
[15:01:31]ATTACK: Molerat attacked Mutant  (NEWHP: 250)(127,241,1)
[15:01:31]ATTACK: Gunner shot Deathclaw with the bullet (NEWHP: 380)(392,394,1)
[15:01:31]ATTACK: Gunner shot Deathclaw with the bullet (NEWHP: 340)(393,394,1)
[15:01:31]ATTACK: Gunner shot Deathclaw with the bullet (NEWHP: 300)(393,394,1)
[15:01:33]ATTACK: Gunner attacked Deathclaw  (NEWHP: 500)(12,134,1)
[15:01:33]ATTACK: Deathclaw attacked Gunner  (NEWHP: 1)(11,134,1)
[15:01:33]ATTACK: giant rad scorpion (681) attacked Default Cyborg-340  (NEWHP: 49)(40,159,1)
[15:01:33]ATTACK: Molerat attacked Mutant  (NEWHP: 250)(127,241,1)
[15:01:33]ATTACK: Molerat attacked Mutant  (NEWHP: 250)(127,241,1)
[15:01:33]ATTACK: Molerat attacked Mutant  (NEWHP: 250)(127,241,1)
[15:01:33]ATTACK: Mutant attacked Molerat  (NEWHP: 50)(126,241,1)
[15:01:33]ATTACK: Deathclaw attacked Gunner  (NEWHP: 242)(389,394,1)
[15:01:33]ATTACK: Gunner attacked Deathclaw  (NEWHP: 300)(390,394,1)
[15:01:35]ATTACK: giant rad scorpion (681) attacked Default Cyborg-340  (NEWHP: 33)(40,159,1)
[15:01:35]ATTACK: Mutant attacked Molerat  (NEWHP: 50)(128,240,1)
[15:01:35]ATTACK: Molerat attacked Mutant  (NEWHP: 250)(127,241,1)
[15:01:35]ATTACK: Molerat attacked Mutant  (NEWHP: 250)(127,241,1)
[15:01:35]ATTACK: Molerat attacked Mutant  (NEWHP: 250)(127,241,1)
[15:01:35]ATTACK: Mutant attacked Molerat  (NEWHP: 17)(126,241,1)
[15:01:37]ATTACK: giant rad scorpion (681) attacked Default Cyborg-340  (NEWHP: 18)(40,159,1)
[15:01:37]ATTACK: Mutant attacked Molerat  (NEWHP: 25)(128,240,1)
[15:01:37]ATTACK: Molerat attacked Mutant  (NEWHP: 250)(127,241,1)
[15:01:38]ATTACK: Gunner shot Deathclaw with the bullet (NEWHP: 260)(394,394,1)
[15:01:38]ATTACK: Gunner shot Deathclaw with the bullet (NEWHP: 220)(394,394,1)
[15:01:38]ATTACK: Gunner shot Deathclaw with the bullet (NEWHP: 180)(393,393,1)
[15:01:39]ATTACK: giant rad scorpion (681) attacked Default Cyborg-340  (NEWHP: -2)(40,159,1)
[15:01:39]ATTACK: Molerat attacked Mutant  (NEWHP: 250)(127,241,1)
[15:01:39]ATTACK: Mutant attacked Molerat  (NEWHP: 50)(127,240,1)
[15:01:42]ATTACK: giant rad scorpion (681) attacked Default Cyborg-340  (NEWHP: -21)(40,159,1)
[15:01:42]ATTACK: Mutant attacked Molerat  (NEWHP: 17)(127,240,1)
[15:01:44]ATTACK: giant rad scorpion (681) attacked Default Cyborg-340  (NEWHP: -39)(40,159,1)
[15:01:44]ATTACK: Gunner shot Deathclaw with the bullet (NEWHP: 140)(390,394,1)
[15:01:44]ATTACK: Gunner shot Deathclaw with the bullet (NEWHP: 100)(390,394,1)
[15:01:44]ATTACK: Gunner shot Deathclaw with the bullet (NEWHP: 60)(389,395,1)
[15:01:46]ATTACK: giant rad scorpion (681) attacked Default Cyborg-340  (NEWHP: -56)(40,159,1)
[15:01:48]ATTACK: giant rad scorpion (681) attacked Default Cyborg-340  (NEWHP: -73)(40,159,1)
[15:01:50]ATTACK: giant rad scorpion (681) attacked Default Cyborg-340  (NEWHP: -93)(40,159,1)
[15:01:50]ATTACK: venus human trap attacked venus human trap  (NEWHP: 60)(295,226,1)
[15:01:50]ATTACK: Gunner shot Deathclaw with the bullet (NEWHP: 20)(389,397,1)
[15:01:51]ATTACK: Gunner shot Deathclaw with the bullet (NEWHP: 0)(389,397,1)
[15:01:51]ATTACK: Gunner shot Deathclaw with the bullet (NEWHP: 0)(389,397,1)
[15:01:52]ATTACK: venus human trap attacked venus human trap  (NEWHP: 60)(294,226,1)
[15:01:54]ATTACK: venus human trap attacked venus human trap  (NEWHP: 35)(293,226,1)
[15:01:54]ATTACK: venus human trap attacked venus human trap  (NEWHP: 30)(294,226,1)
[15:01:57]ATTACK: venus human trap attacked venus human trap  (NEWHP: 10)(293,226,1)
[15:02:37]ATTACK: Molerat attacked Gekkon  (NEWHP: 60)(121,148,1)
[15:02:37]ATTACK: Gekkon attacked Molerat  (NEWHP: 50)(120,148,1)
[15:02:39]ATTACK: Molerat attacked Gekkon  (NEWHP: 50)(121,148,1)
[15:02:39]ATTACK: Molerat attacked Gekkon  (NEWHP: 43)(121,148,1)
[15:02:39]ATTACK: Molerat attacked Gekkon  (NEWHP: 35)(121,148,1)
[15:02:39]ATTACK: Gekkon attacked Molerat  (NEWHP: 37)(120,148,1)
[15:02:39]ATTACK: Gekkon attacked Molerat  (NEWHP: 23)(120,148,1)
[15:02:39]ATTACK: Gekkon attacked Molerat  (NEWHP: 11)(120,148,1)
[15:02:46]ATTACK: Molerat attacked Gekkon  (NEWHP: 28)(121,148,1)
[15:02:46]ATTACK: Molerat attacked Gekkon  (NEWHP: 19)(121,148,1)
[15:02:46]ATTACK: Gekkon attacked Molerat  (NEWHP: 50)(120,149,1)
[15:02:48]ATTACK: Molerat attacked Gekkon  (NEWHP: 10)(121,148,1)
[15:02:48]ATTACK: Molerat attacked Gekkon  (NEWHP: 60)(119,149,1)
[15:02:48]ATTACK: Gekkon attacked Molerat  (NEWHP: 50)(120,148,1)
[15:02:48]ATTACK: Gekkon attacked Molerat  (NEWHP: 50)(119,147,1)
[15:02:48]ATTACK: Gekkon attacked Molerat  (NEWHP: 35)(120,149,1)
[15:02:48]ATTACK: Gekkon attacked Molerat  (NEWHP: 38)(120,148,1)
[15:02:50]ATTACK: Molerat attacked Gekkon  (NEWHP: 53)(118,149,1)
[15:02:50]ATTACK: Gekkon attacked Molerat  (NEWHP: 24)(120,148,1)
[15:02:50]ATTACK: Gekkon attacked Molerat  (NEWHP: 12)(120,148,1)
[15:02:50]ATTACK: Gekkon attacked Molerat  (NEWHP: 21)(119,149,1)
[15:02:50]ATTACK: Gekkon attacked Molerat  (NEWHP: 37)(118,148,1)
[15:02:50]ATTACK: Gekkon attacked Molerat  (NEWHP: 9)(119,149,1)
[15:02:52]ATTACK: Molerat attacked Gekkon  (NEWHP: 60)(119,148,1)
[15:02:52]ATTACK: Gekkon attacked Molerat  (NEWHP: 26)(118,148,1)
[15:02:52]ATTACK: Gekkon attacked Molerat  (NEWHP: 16)(118,148,1)
[15:02:52]ATTACK: Gekkon attacked Molerat  (NEWHP: 1)(118,148,1)
[15:02:56]ATTACK: Molerat attacked Gekkon  (NEWHP: 60)(118,147,1)
[15:02:56]ATTACK: Gekkon attacked Molerat  (NEWHP: 50)(118,148,1)
[15:02:56]ATTACK: Gekkon attacked Molerat  (NEWHP: 35)(119,148,1)
[15:02:56]ATTACK: Gekkon attacked Molerat  (NEWHP: 21)(119,148,1)
[15:02:59]ATTACK: Gekkon attacked Molerat  (NEWHP: 10)(119,147,1)
[15:03:01]ATTACK: Molerat attacked Gekkon  (NEWHP: 53)(118,146,1)
[15:03:01]ATTACK: Gekkon attacked Molerat  (NEWHP: 50)(117,147,1)
[15:03:03]ATTACK: Molerat attacked Gekkon  (NEWHP: 46)(119,145,1)
[15:03:03]ATTACK: Gekkon attacked Molerat  (NEWHP: 38)(118,144,1)
[15:03:03]ATTACK: Gekkon attacked Molerat  (NEWHP: 26)(118,144,1)
[15:03:03]ATTACK: Gekkon attacked Molerat  (NEWHP: 16)(118,144,1)
[15:03:03]ATTACK: Gekkon attacked Molerat  (NEWHP: 2)(118,144,1)
[15:03:05]ATTACK: Molerat attacked Gekkon  (NEWHP: 60)(118,143,1)
[15:03:05]ATTACK: Gekkon attacked Molerat  (NEWHP: 50)(117,142,1)
[15:03:05]ATTACK: Gekkon attacked Molerat  (NEWHP: 39)(117,142,1)
[15:03:09]ATTACK: Molerat attacked Gekkon  (NEWHP: 46)(116,143,1)
[15:03:09]ATTACK: Gekkon attacked Molerat  (NEWHP: 29)(117,142,1)
[15:03:09]ATTACK: Gekkon attacked Molerat  (NEWHP: 14)(117,142,1)
[15:03:09]ATTACK: Gekkon attacked Molerat  (NEWHP: 1)(117,142,1)
[15:03:22]ATTACK: Molerat attacked Gekkon  (NEWHP: 60)(106,137,1)
[15:03:22]ATTACK: Gekkon attacked Molerat  (NEWHP: 50)(105,136,1)
[15:03:24]ATTACK: Molerat attacked Gekkon  (NEWHP: 52)(106,137,1)
[15:03:24]ATTACK: Gekkon attacked Molerat  (NEWHP: 35)(105,136,1)
[15:03:27]ATTACK: Molerat attacked Gekkon  (NEWHP: 44)(106,137,1)
[15:03:27]ATTACK: Gekkon attacked Molerat  (NEWHP: 20)(105,136,1)
[15:03:29]ATTACK: Molerat attacked Gekkon  (NEWHP: 34)(106,137,1)
[15:03:29]ATTACK: Gekkon attacked Molerat  (NEWHP: 9)(105,136,1)
[15:03:54]ATTACK: Molerat attacked Gekkon  (NEWHP: 60)(121,133,1)
[15:03:55]ATTACK: Gekkon attacked Molerat  (NEWHP: 50)(122,132,1)
[15:03:57]ATTACK: Molerat attacked Gekkon  (NEWHP: 53)(121,133,1)
[15:03:57]ATTACK: Molerat attacked Gekkon  (NEWHP: 44)(121,133,1)
[15:03:57]ATTACK: Gekkon attacked Molerat  (NEWHP: 35)(122,132,1)
[15:03:59]ATTACK: Molerat attacked Gekkon  (NEWHP: 35)(121,133,1)
[15:03:59]ATTACK: Molerat attacked Gekkon  (NEWHP: 27)(121,133,1)
[15:03:59]ATTACK: Gekkon attacked Molerat  (NEWHP: 20)(122,132,1)
[15:04:01]ATTACK: Molerat attacked Gekkon  (NEWHP: 18)(121,133,1)
[15:04:01]ATTACK: Molerat attacked Gekkon  (NEWHP: 9)(121,133,1)
[15:04:01]ATTACK: Gekkon attacked Molerat  (NEWHP: 5)(122,132,1)
[15:04:03]ATTACK: Gekkon attacked Molerat  (NEWHP: 50)(121,132,1)
[15:04:05]ATTACK: Molerat attacked Gekkon  (NEWHP: 36)(120,132,1)
[15:04:05]ATTACK: Gekkon attacked Molerat  (NEWHP: 36)(121,133,1)
[15:04:05]ATTACK: Gekkon attacked Molerat  (NEWHP: 23)(121,133,1)
[15:04:07]ATTACK: Molerat attacked Gekkon  (NEWHP: 4)(120,134,1)
[15:04:07]ATTACK: Gekkon attacked Molerat  (NEWHP: 11)(121,133,1)
[15:04:20]ATTACK: yaogai attacked Gekkon  (NEWHP: 60)(138,163,1)
[15:04:20]ATTACK: Gekkon attacked yaogai  (NEWHP: 300)(138,164,1)
[15:04:22]ATTACK: yaogai attacked Gekkon  (NEWHP: 31)(138,163,1)
[15:04:29]ATTACK: Mutant attacked Gekkon  (NEWHP: 26)(99,137,1)
[15:04:42]ATTACK: yaogai attacked Gekkon  (NEWHP: 60)(137,162,1)
[15:04:42]ATTACK: Gekkon attacked yaogai  (NEWHP: 285)(138,163,1)
[15:04:44]ATTACK: yaogai attacked Gekkon  (NEWHP: 32)(137,162,1)
[15:04:44]ATTACK: venus human trap attacked venus human trap  (NEWHP: 60)(169,164,1)
[15:04:46]ATTACK: venus human trap attacked venus human trap  (NEWHP: 35)(169,164,1)
[15:04:57]ATTACK: venus human trap attacked venus human trap  (NEWHP: 5)(171,164,1)
[15:06:35]ATTACK: giant rad scorpion (991) attacked Gekkon  (NEWHP: 60)(103,83,1)
[15:06:35]ATTACK: Gekkon attacked giant rad scorpion (991)  (NEWHP: 200)(103,82,1)
[15:06:37]ATTACK: giant rad scorpion (991) attacked Gekkon  (NEWHP: 41)(103,83,1)
[15:06:37]ATTACK: Gekkon attacked giant rad scorpion (991)  (NEWHP: 186)(103,82,1)
[15:06:39]ATTACK: giant rad scorpion (991) attacked Gekkon  (NEWHP: 24)(103,83,1)
[15:06:39]ATTACK: Gekkon attacked giant rad scorpion (991)  (NEWHP: 174)(103,82,1)
[15:06:41]ATTACK: giant rad scorpion (991) attacked Gekkon  (NEWHP: 8)(103,83,1)
[15:06:48]ATTACK: Molerat attacked Gekkon  (NEWHP: 29)(122,133,1)
[15:06:48]ATTACK: Gekkon attacked Molerat  (NEWHP: 50)(122,132,1)
[15:06:50]ATTACK: Molerat attacked Gekkon  (NEWHP: 19)(122,133,1)
[15:06:50]ATTACK: Gekkon attacked Molerat  (NEWHP: 38)(122,132,1)
[15:06:52]ATTACK: Molerat attacked Gekkon  (NEWHP: 10)(122,133,1)
[15:06:52]ATTACK: Gekkon attacked Molerat  (NEWHP: 27)(122,132,1)
[15:06:54]ATTACK: Molerat attacked Gekkon  (NEWHP: 1)(122,133,1)
[15:06:54]ATTACK: yaogai attacked Gekkon  (NEWHP: 60)(137,157,1)
[15:06:54]ATTACK: Gekkon attacked yaogai  (NEWHP: 273)(137,158,1)
[15:06:56]ATTACK: yaogai attacked Gekkon  (NEWHP: 30)(137,157,1)
[15:06:56]ATTACK: Gekkon attacked yaogai  (NEWHP: 260)(137,158,1)
[15:06:58]ATTACK: yaogai attacked Gekkon  (NEWHP: 5)(137,157,1)
[15:07:11]ATTACK: rad scorpion (546) attacked mouse  (NEWHP: 5)(243,236,1)
[15:07:41]ATTACK: giant rad scorpion (395) attacked Gekkon  (NEWHP: 60)(108,66,1)
[15:07:41]ATTACK: Gekkon attacked giant rad scorpion (395)  (NEWHP: 200)(107,66,1)
[15:07:43]ATTACK: giant rad scorpion (395) attacked Gekkon  (NEWHP: 42)(108,66,1)
[15:07:43]ATTACK: Gekkon attacked giant rad scorpion (395)  (NEWHP: 190)(107,66,1)
[15:07:45]ATTACK: giant rad scorpion (395) attacked Gekkon  (NEWHP: 25)(108,66,1)
[15:07:45]ATTACK: Gekkon attacked giant rad scorpion (395)  (NEWHP: 179)(107,66,1)
[15:07:47]ATTACK: giant rad scorpion (395) attacked Gekkon  (NEWHP: 8)(108,66,1)
[15:10:10]ATTACK: yaogai attacked Gekkon  (NEWHP: 60)(137,159,1)
[15:10:10]ATTACK: Gekkon attacked yaogai  (NEWHP: 248)(138,160,1)
[15:10:12]ATTACK: yaogai attacked Gekkon  (NEWHP: 27)(137,159,1)
[15:10:16]ATTACK: yaogai attacked Gekkon  (NEWHP: 54)(138,159,1)
[15:10:16]ATTACK: Gekkon attacked yaogai  (NEWHP: 236)(138,160,1)
[15:10:18]ATTACK: yaogai attacked Gekkon  (NEWHP: 23)(138,159,1)
[15:11:16]ATTACK: Cazador attacked venus human trap  (NEWHP: 35)(160,151,1)
[15:11:18]ATTACK: venus human trap attacked Cazador  (NEWHP: 40)(161,151,1)
[15:11:18]ATTACK: Cazador attacked venus human trap  (NEWHP: 18)(160,151,1)
[15:12:59]ATTACK: yaogai attacked Gekkon  (NEWHP: 60)(139,158,1)
[15:12:59]ATTACK: Gekkon attacked yaogai  (NEWHP: 224)(139,159,1)
[15:13:01]ATTACK: yaogai attacked Gekkon  (NEWHP: 30)(139,158,1)
[15:13:11]ATTACK: Mutant attacked Molerat  (NEWHP: 50)(92,137,3)
[15:13:11]ATTACK: Molerat attacked Mutant  (NEWHP: 250)(92,138,3)
[15:13:13]ATTACK: Mutant attacked Molerat  (NEWHP: 18)(92,137,3)
[15:13:51]ATTACK: Mutant attacked Merideth Yeskey(jackerzz)  (NEWHP: 100)(227,98,1)
[15:14:02]ATTACK: venus human trap attacked venus human trap  (NEWHP: 5)(268,228,1)
[15:15:01]ATTACK: yaogai attacked Gekko nest  (NEWHP: 150)(129,155,1)
[15:15:03]ATTACK: yaogai attacked Gekko nest  (NEWHP: 124)(129,155,1)
[15:15:03]ATTACK: Gekkon attacked yaogai  (NEWHP: 210)(130,155,1)
[15:15:05]ATTACK: yaogai attacked Gekkon  (NEWHP: 60)(129,154,1)
[15:15:05]ATTACK: Gekkon attacked yaogai  (NEWHP: 196)(130,155,1)
[15:15:07]ATTACK: yaogai attacked Gekkon  (NEWHP: 27)(129,154,1)
[15:15:07]ATTACK: Gekkon attacked yaogai  (NEWHP: 183)(130,155,1)
[15:15:09]ATTACK: yaogai attacked Gekko nest  (NEWHP: 90)(129,155,1)
[15:15:09]ATTACK: Gekkon attacked yaogai  (NEWHP: 168)(130,155,1)
[15:15:11]ATTACK: yaogai attacked Gekkon  (NEWHP: 1)(129,154,1)
[15:15:16]ATTACK: yaogai attacked Gekko nest  (NEWHP: 56)(129,155,1)
[15:15:18]ATTACK: yaogai attacked Gekko nest  (NEWHP: 22)(129,155,1)
[15:15:45]ATTACK: giant rad scorpion (986) attacked Gekkon  (NEWHP: 60)(40,67,1)
[15:15:45]ATTACK: Gekkon attacked giant rad scorpion (986)  (NEWHP: 200)(39,67,1)
[15:15:47]ATTACK: giant rad scorpion (986) attacked Gekkon  (NEWHP: 43)(40,67,1)
[15:15:47]ATTACK: Gekkon attacked giant rad scorpion (986)  (NEWHP: 188)(39,67,1)
[15:15:49]ATTACK: giant rad scorpion (986) attacked Gekkon  (NEWHP: 26)(40,67,1)
[15:15:49]ATTACK: Gekkon attacked giant rad scorpion (986)  (NEWHP: 176)(39,67,1)
[15:15:49]ATTACK: yaogai attacked Gekkon  (NEWHP: 60)(129,154,1)
[15:15:49]ATTACK: Gekkon attacked yaogai  (NEWHP: 157)(128,154,1)
[15:15:51]ATTACK: giant rad scorpion (986) attacked Gekkon  (NEWHP: 7)(40,67,1)
[15:15:51]ATTACK: yaogai attacked Gekkon  (NEWHP: 33)(129,154,1)
[15:15:51]ATTACK: Gekkon attacked yaogai  (NEWHP: 143)(128,154,1)
[15:15:53]ATTACK: yaogai attacked Gekkon  (NEWHP: 6)(129,154,1)
[15:17:29]ATTACK: yaogai attacked Gekkon  (NEWHP: 60)(122,149,1)
[15:17:29]ATTACK: Gekkon attacked yaogai  (NEWHP: 132)(123,150,1)
[15:17:29]ATTACK: yaogai attacked Gekkon  (NEWHP: 35)(122,149,1)
[15:17:29]ATTACK: Gekkon attacked yaogai  (NEWHP: 121)(123,150,1)
[15:17:30]ATTACK: yaogai attacked Gekkon  (NEWHP: 1)(122,149,1)
[15:17:36]ATTACK: giant rad scorpion (992) attacked mouse  (NEWHP: 5)(246,250,1)
[15:17:38]ATTACK: Gekkon attacked Mutant  (NEWHP: 250)(57,118,1)
[15:17:38]ATTACK: Mutant attacked Gekkon  (NEWHP: 60)(56,117,1)
[15:17:38]ATTACK: Gekkon attacked Mutant  (NEWHP: 250)(57,118,1)
[15:17:38]ATTACK: Mutant attacked Gekkon  (NEWHP: 28)(56,117,1)
[15:17:42]ATTACK: giant rad scorpion (992) attacked mouse  (NEWHP: 5)(253,248,1)
[15:17:49]ATTACK: giant rad scorpion (992) attacked mouse  (NEWHP: 5)(244,255,1)


Starting up. 15:36.54
---------------------
[15:38:59]ATTACK: Gunner attacked Deathclaw  (NEWHP: 500)(12,134,1)
[15:38:59]ATTACK: Deathclaw attacked Gunner  (NEWHP: 300)(11,134,1)
[15:38:59]ATTACK: venus human trap attacked venus human trap  (NEWHP: 75)(296,226,1)
[15:38:59]ATTACK: Mutant attacked Molerat  (NEWHP: 50)(125,235,1)
[15:38:59]ATTACK: Gunner shot Deathclaw with the bullet (NEWHP: 460)(390,395,1)
[15:38:59]ATTACK: Gunner shot Deathclaw with the bullet (NEWHP: 420)(390,396,1)
[15:39:01]ATTACK: Gunner attacked Deathclaw  (NEWHP: 500)(11,134,1)
[15:39:01]ATTACK: Deathclaw attacked Gunner  (NEWHP: 241)(10,134,1)
[15:39:01]ATTACK: Deathclaw attacked Gunner  (NEWHP: 195)(10,134,1)
[15:39:01]ATTACK: giant rad scorpion (141) attacked Default Cyborg-780  (NEWHP: 100)(40,159,1)
[15:39:01]ATTACK: venus human trap attacked venus human trap  (NEWHP: 50)(296,226,1)
[15:39:01]ATTACK: Mutant attacked Molerat  (NEWHP: 23)(124,235,1)
[15:39:01]ATTACK: Mutant attacked Mutant  (NEWHP: 250)(143,239,1)
[15:39:01]ATTACK: Molerat attacked Mutant  (NEWHP: 250)(125,235,1)
[15:39:01]ATTACK: Mutant attacked Mutant  (NEWHP: 220)(143,239,1)
[15:39:01]ATTACK: Molerat attacked Mutant  (NEWHP: 250)(125,235,1)
[15:39:01]ATTACK: Mutant attacked Mutant  (NEWHP: 193)(143,239,1)
[15:39:01]ATTACK: Molerat attacked Mutant  (NEWHP: 250)(125,235,1)
[15:39:01]ATTACK: Mutant attacked Molerat  (NEWHP: 50)(125,236,1)
[15:39:01]ATTACK: Molerat attacked Mutant  (NEWHP: 250)(125,237,1)
[15:39:01]ATTACK: Mutant attacked Mutant  (NEWHP: 250)(143,238,1)
[15:39:01]ATTACK: Mutant attacked Mutant  (NEWHP: 167)(143,239,1)
[15:39:01]ATTACK: Deathclaw attacked Gunner  (NEWHP: 300)(392,397,1)
[15:39:01]ATTACK: Gunner attacked Deathclaw  (NEWHP: 420)(391,397,1)
[15:39:03]ATTACK: Gunner attacked Deathclaw  (NEWHP: 500)(10,134,1)
[15:39:03]ATTACK: Deathclaw attacked Gunner  (NEWHP: 154)(9,135,1)
[15:39:03]ATTACK: Deathclaw attacked Gunner  (NEWHP: 106)(9,135,1)
[15:39:03]ATTACK: giant rad scorpion (141) attacked Default Cyborg-780  (NEWHP: 81)(40,159,1)
[15:39:03]ATTACK: venus human trap attacked venus human trap  (NEWHP: 25)(295,226,1)
[15:39:03]ATTACK: Mutant attacked Mutant  (NEWHP: 138)(142,240,1)
[15:39:03]ATTACK: Molerat attacked Mutant  (NEWHP: 250)(125,235,1)
[15:39:03]ATTACK: Mutant attacked Mutant  (NEWHP: 104)(142,240,1)
[15:39:03]ATTACK: Molerat attacked Mutant  (NEWHP: 250)(125,235,1)
[15:39:03]ATTACK: Mutant attacked Mutant  (NEWHP: 69)(142,240,1)
[15:39:03]ATTACK: Molerat attacked Mutant  (NEWHP: 250)(125,235,1)
[15:39:03]ATTACK: Mutant attacked Molerat  (NEWHP: 23)(125,236,1)
[15:39:03]ATTACK: Molerat attacked Mutant  (NEWHP: 250)(125,237,1)
[15:39:03]ATTACK: Mutant attacked Mutant  (NEWHP: 220)(141,239,1)
[15:39:03]ATTACK: Mutant attacked Mutant  (NEWHP: 40)(142,240,1)
[15:39:03]ATTACK: Mutant attacked Mutant  (NEWHP: 13)(142,240,1)
[15:39:03]ATTACK: Cazador attacked Space Bat  (NEWHP: 15)(164,158,1)
[15:39:05]ATTACK: Gunner attacked Deathclaw  (NEWHP: 500)(14,137,1)
[15:39:05]ATTACK: Deathclaw attacked Gunner  (NEWHP: 58)(15,137,1)
[15:39:05]ATTACK: giant rad scorpion (141) attacked Default Cyborg-780  (NEWHP: 62)(40,159,1)
[15:39:05]ATTACK: venus human trap attacked venus human trap  (NEWHP: 75)(294,225,1)
[15:39:05]ATTACK: Molerat attacked Mutant  (NEWHP: 250)(125,235,1)
[15:39:05]ATTACK: Molerat attacked Mutant  (NEWHP: 250)(125,235,1)
[15:39:05]ATTACK: Molerat attacked Mutant  (NEWHP: 250)(125,237,1)
[15:39:05]ATTACK: Gunner shot Deathclaw with the bullet (NEWHP: 380)(389,396,1)
[15:39:05]ATTACK: Gunner shot Deathclaw with the bullet (NEWHP: 340)(390,397,1)
[15:39:06]ATTACK: Gunner shot Deathclaw with the bullet (NEWHP: 300)(390,397,1)
[15:39:07]ATTACK: Deathclaw attacked Gunner  (NEWHP: 18)(16,135,1)
[15:39:07]ATTACK: giant rad scorpion (141) attacked Default Cyborg-780  (NEWHP: 43)(40,159,1)
[15:39:07]ATTACK: Molerat attacked Mutant  (NEWHP: 250)(125,235,1)
[15:39:07]ATTACK: Molerat attacked Mutant  (NEWHP: 250)(125,235,1)
[15:39:07]ATTACK: Molerat attacked Mutant  (NEWHP: 250)(125,237,1)
[15:39:09]ATTACK: giant rad scorpion (141) attacked Default Cyborg-780  (NEWHP: 27)(40,159,1)
[15:39:09]ATTACK: Mutant attacked Molerat  (NEWHP: 50)(124,236,1)
[15:39:09]ATTACK: Molerat attacked Mutant  (NEWHP: 250)(125,236,1)
[15:39:09]ATTACK: Molerat attacked Mutant  (NEWHP: 250)(125,236,1)
[15:39:09]ATTACK: Mutant attacked Molerat  (NEWHP: 50)(124,235,1)
[15:39:09]ATTACK: Molerat attacked Mutant  (NEWHP: 250)(125,235,1)
[15:39:11]ATTACK: giant rad scorpion (141) attacked Default Cyborg-780  (NEWHP: 7)(40,159,1)
[15:39:11]ATTACK: venus human trap attacked venus human trap  (NEWHP: 50)(294,226,1)
[15:39:11]ATTACK: Mutant attacked Molerat  (NEWHP: 25)(124,236,1)
[15:39:11]ATTACK: Molerat attacked Mutant  (NEWHP: 250)(125,236,1)
[15:39:11]ATTACK: Molerat attacked Mutant  (NEWHP: 250)(125,236,1)
[15:39:11]ATTACK: Mutant attacked Molerat  (NEWHP: 21)(124,235,1)
[15:39:11]ATTACK: Deathclaw attacked Gunner  (NEWHP: 258)(394,397,1)
[15:39:11]ATTACK: Gunner attacked Deathclaw  (NEWHP: 300)(393,398,1)
[15:39:14]ATTACK: giant rad scorpion (141) attacked Default Cyborg-780  (NEWHP: -13)(40,159,1)
[15:39:14]ATTACK: Molerat attacked Mutant  (NEWHP: 250)(125,236,1)
[15:39:14]ATTACK: Deathclaw attacked Gunner  (NEWHP: 212)(389,394,1)
[15:39:14]ATTACK: Gunner attacked Deathclaw  (NEWHP: 300)(390,393,1)
[15:39:16]ATTACK: giant rad scorpion (141) attacked Default Cyborg-780  (NEWHP: -29)(40,159,1)
[15:39:16]ATTACK: venus human trap attacked venus human trap  (NEWHP: 75)(292,227,1)
[15:39:16]ATTACK: venus human trap attacked venus human trap  (NEWHP: 25)(293,226,1)
[15:39:16]ATTACK: Mutant attacked Molerat  (NEWHP: 50)(125,237,1)
[15:39:16]ATTACK: Gunner shot Deathclaw with the bullet (NEWHP: 260)(391,398,1)
[15:39:16]ATTACK: Gunner shot Deathclaw with the bullet (NEWHP: 220)(392,398,1)
[15:39:17]ATTACK: Gunner shot Deathclaw with the bullet (NEWHP: 180)(393,398,1)
[15:39:18]ATTACK: giant rad scorpion (141) attacked Default Cyborg-780  (NEWHP: -48)(40,159,1)
[15:39:18]ATTACK: Mutant attacked Molerat  (NEWHP: 16)(124,235,1)
[15:39:18]ATTACK: Deathclaw attacked Gunner  (NEWHP: 164)(392,393,1)
[15:39:18]ATTACK: Gunner attacked Deathclaw  (NEWHP: 180)(393,394,1)
[15:39:20]ATTACK: giant rad scorpion (141) attacked Default Cyborg-780  (NEWHP: -63)(40,159,1)
[15:39:22]ATTACK: giant rad scorpion (141) attacked Default Cyborg-780  (NEWHP: -80)(40,159,1)
[15:39:22]ATTACK: Gunner shot Deathclaw with the bullet (NEWHP: 140)(393,396,1)
[15:39:23]ATTACK: Gunner shot Deathclaw with the bullet (NEWHP: 100)(393,395,1)
[15:39:23]ATTACK: Gunner shot Deathclaw with the bullet (NEWHP: 60)(393,394,1)
[15:39:25]ATTACK: giant rad scorpion (141) attacked Default Cyborg-780  (NEWHP: -99)(40,159,1)
[15:39:29]ATTACK: Gunner shot Deathclaw with the bullet (NEWHP: 20)(391,393,1)
[15:39:29]ATTACK: Gunner shot Deathclaw with the bullet (NEWHP: 0)(390,393,1)
[15:39:29]ATTACK: Gunner shot Deathclaw with the bullet (NEWHP: 0)(390,393,1)
[15:39:57]ATTACK: Molerat attacked Gekkon  (NEWHP: 60)(119,147,1)
[15:39:57]ATTACK: Molerat attacked Gekkon  (NEWHP: 52)(119,147,1)
[15:39:57]ATTACK: Molerat attacked Gekkon  (NEWHP: 42)(119,147,1)
[15:39:57]ATTACK: Gekkon attacked Molerat  (NEWHP: 50)(118,147,1)
[15:39:59]ATTACK: Molerat attacked Gekkon  (NEWHP: 36)(119,147,1)
[15:39:59]ATTACK: Molerat attacked Gekkon  (NEWHP: 31)(119,147,1)
[15:39:59]ATTACK: Molerat attacked Gekkon  (NEWHP: 26)(119,147,1)
[15:39:59]ATTACK: Gekkon attacked Molerat  (NEWHP: 50)(118,146,1)
[15:40:01]ATTACK: Molerat attacked Gekkon  (NEWHP: 16)(119,147,1)
[15:40:01]ATTACK: Molerat attacked Gekkon  (NEWHP: 11)(119,147,1)
[15:40:01]ATTACK: Molerat attacked Gekkon  (NEWHP: 5)(119,147,1)
[15:40:05]ATTACK: Molerat attacked Gekkon  (NEWHP: 60)(119,146,1)
[15:40:05]ATTACK: Gekkon attacked Molerat  (NEWHP: 35)(118,145,1)
[15:40:08]ATTACK: Molerat attacked Gekkon  (NEWHP: 52)(119,146,1)
[15:40:08]ATTACK: Molerat attacked Gekkon  (NEWHP: 42)(119,146,1)
[15:40:08]ATTACK: Molerat attacked Gekkon  (NEWHP: 36)(119,146,1)
[15:40:08]ATTACK: Gekkon attacked Molerat  (NEWHP: 20)(118,145,1)
[15:40:10]ATTACK: Molerat attacked Gekkon  (NEWHP: 26)(119,146,1)
[15:40:10]ATTACK: Molerat attacked Gekkon  (NEWHP: 17)(119,146,1)
[15:40:10]ATTACK: Molerat attacked Gekkon  (NEWHP: 12)(119,146,1)
[15:40:10]ATTACK: Gekkon attacked Molerat  (NEWHP: 5)(118,145,1)
[15:40:12]ATTACK: Molerat attacked Gekkon  (NEWHP: 4)(119,146,1)
[15:40:12]ATTACK: Gekkon attacked Molerat  (NEWHP: 50)(119,147,1)
[15:40:12]ATTACK: Gekkon attacked Molerat  (NEWHP: 35)(119,147,1)
[15:40:14]ATTACK: Molerat attacked Gekkon  (NEWHP: 60)(120,147,1)
[15:40:14]ATTACK: Gekkon attacked Molerat  (NEWHP: 24)(119,146,1)
[15:40:16]ATTACK: Molerat attacked Gekkon  (NEWHP: 54)(120,148,1)
[15:40:16]ATTACK: Gekkon attacked Molerat  (NEWHP: 9)(119,147,1)
[15:40:18]ATTACK: Molerat attacked Gekkon  (NEWHP: 45)(120,148,1)
[15:40:20]ATTACK: Molerat attacked Gekkon  (NEWHP: 40)(120,148,1)
[15:40:20]ATTACK: Molerat attacked Gekkon  (NEWHP: 60)(119,147,1)
[15:40:20]ATTACK: Gekkon attacked Molerat  (NEWHP: 36)(119,148,1)
[15:40:20]ATTACK: Gekkon attacked Molerat  (NEWHP: 26)(119,148,1)
[15:40:22]ATTACK: Molerat attacked Gekkon  (NEWHP: 30)(120,147,1)
[15:40:22]ATTACK: Molerat attacked Gekkon  (NEWHP: 52)(119,147,1)
[15:40:22]ATTACK: Gekkon attacked Molerat  (NEWHP: 13)(119,148,1)
[15:40:22]ATTACK: Gekkon attacked Molerat  (NEWHP: 2)(119,148,1)
[15:40:25]ATTACK: Molerat attacked Gekkon  (NEWHP: 42)(119,147,1)
[15:40:27]ATTACK: Molerat attacked Gekkon  (NEWHP: 32)(119,147,1)
[15:40:27]ATTACK: Gekkon attacked Molerat  (NEWHP: 50)(118,147,1)
[15:40:29]ATTACK: Molerat attacked Gekkon  (NEWHP: 24)(119,147,1)
[15:40:29]ATTACK: Gekkon attacked Molerat  (NEWHP: 35)(119,146,1)
[15:40:29]ATTACK: Gekkon attacked Molerat  (NEWHP: 22)(119,146,1)
[15:40:31]ATTACK: Molerat attacked Gekkon  (NEWHP: 15)(119,147,1)
[15:40:31]ATTACK: Gekkon attacked Molerat  (NEWHP: 12)(119,146,1)
[15:40:37]ATTACK: venus human trap attacked venus human trap  (NEWHP: 35)(268,228,1)
[15:40:42]ATTACK: venus human trap attacked venus human trap  (NEWHP: 10)(269,228,1)
[15:40:55]ATTACK: yaogai attacked Gekkon  (NEWHP: 60)(143,159,1)
[15:40:55]ATTACK: Gekkon attacked yaogai  (NEWHP: 300)(143,160,1)
[15:40:57]ATTACK: yaogai attacked Gekkon  (NEWHP: 35)(143,159,1)
[15:40:57]ATTACK: Gekkon attacked yaogai  (NEWHP: 286)(143,160,1)
[15:40:59]ATTACK: yaogai attacked Gekkon  (NEWHP: 1)(143,159,1)
[15:41:03]ATTACK: Merideth Yeskey(jackerzz) attacked Gekkon with butcher's cleaver(INTENT: HARM) (DAMTYPE: BRUTE) (NEWHP: 45)(168,94,1)
[15:41:03]ATTACK: Gekkon attacked Merideth Yeskey(jackerzz)  (NEWHP: 100)(169,95,1)
[15:41:04]ATTACK: Merideth Yeskey(jackerzz) attacked Gekkon with butcher's cleaver(INTENT: HARM) (DAMTYPE: BRUTE) (NEWHP: 30)(168,94,1)
[15:41:05]ATTACK: Merideth Yeskey(jackerzz) attacked Gekkon with butcher's cleaver(INTENT: HARM) (DAMTYPE: BRUTE) (NEWHP: 15)(168,94,1)
[15:41:05]ATTACK: Gekkon attacked Merideth Yeskey(jackerzz)  (NEWHP: 87)(169,95,1)
[15:41:06]ATTACK: Merideth Yeskey(jackerzz) attacked Gekkon with butcher's cleaver(INTENT: HARM) (DAMTYPE: BRUTE) (NEWHP: 0)(168,94,1)
[15:41:49]ATTACK: Merideth Yeskey(jackerzz) attacked Merideth Yeskey(jackerzz) with butcher's cleaver(INTENT: HARM) (DAMTYPE: BRUTE) (NEWHP: 74)(171,240,1)
[15:41:50]ATTACK: Merideth Yeskey(jackerzz) attacked Merideth Yeskey(jackerzz) with butcher's cleaver(INTENT: HARM) (DAMTYPE: BRUTE) (NEWHP: 59)(171,244,1)
[15:41:51]ATTACK: Merideth Yeskey(jackerzz) attacked Merideth Yeskey(jackerzz) with butcher's cleaver(INTENT: HARM) (DAMTYPE: BRUTE) (NEWHP: 59)(171,247,1)
[15:41:52]ATTACK: Merideth Yeskey(jackerzz) attacked Merideth Yeskey(jackerzz) with butcher's cleaver(INTENT: HARM) (DAMTYPE: BRUTE) (NEWHP: 59)(171,249,1)
[15:41:53]ATTACK: Merideth Yeskey(jackerzz) attacked Merideth Yeskey(jackerzz) with butcher's cleaver(INTENT: HARM) (DAMTYPE: BRUTE) (NEWHP: 14)(171,252,1)
[15:41:54]ATTACK: Merideth Yeskey(jackerzz) attacked Merideth Yeskey(jackerzz) with butcher's cleaver(INTENT: HARM) (DAMTYPE: BRUTE) (NEWHP: 14)(171,253,1)
[15:43:08]ATTACK: Molerat attacked Gekkon  (NEWHP: 10)(108,139,1)
[15:43:52]ATTACK: giant rad scorpion (47) attacked Gekkon  (NEWHP: 60)(100,72,1)
[15:43:52]ATTACK: Gekkon attacked giant rad scorpion (47)  (NEWHP: 200)(99,72,1)
[15:43:54]ATTACK: giant rad scorpion (47) attacked Gekkon  (NEWHP: 44)(100,72,1)
[15:43:54]ATTACK: Gekkon attacked giant rad scorpion (47)  (NEWHP: 186)(99,72,1)
[15:43:54]ATTACK: Molerat attacked Gekkon  (NEWHP: 60)(121,152,1)
[15:43:54]ATTACK: Gekkon attacked Molerat  (NEWHP: 50)(120,151,1)
[15:43:54]ATTACK: Gekkon attacked Molerat  (NEWHP: 40)(120,151,1)
[15:43:56]ATTACK: giant rad scorpion (47) attacked Gekkon  (NEWHP: 27)(100,72,1)
[15:43:56]ATTACK: Gekkon attacked giant rad scorpion (47)  (NEWHP: 172)(99,72,1)
[15:43:56]ATTACK: Molerat attacked Gekkon  (NEWHP: 23)(120,150,1)
[15:43:57]ATTACK: Gekkon attacked Molerat  (NEWHP: 25)(120,151,1)
[15:43:57]ATTACK: Gekkon attacked Molerat  (NEWHP: 10)(120,151,1)
[15:43:59]ATTACK: giant rad scorpion (47) attacked Gekkon  (NEWHP: 8)(100,72,1)
[15:44:30]ATTACK: Deathclaw attacked Gunner  (NEWHP: 107)(394,395,1)
[15:44:30]ATTACK: Gunner attacked Deathclaw  (NEWHP: 500)(393,395,1)
[15:44:32]ATTACK: Deathclaw attacked Gunner  (NEWHP: 57)(389,398,1)
[15:44:32]ATTACK: Gunner attacked Deathclaw  (NEWHP: 500)(390,398,1)
[15:44:34]ATTACK: Deathclaw attacked Gunner  (NEWHP: 12)(385,397,1)
[15:44:47]ATTACK: yaogai attacked Gekkon  (NEWHP: 60)(141,163,1)
[15:44:47]ATTACK: Gekkon attacked yaogai  (NEWHP: 272)(142,163,1)
[15:44:49]ATTACK: yaogai attacked Gekkon  (NEWHP: 32)(141,163,1)
[15:44:49]ATTACK: Gekkon attacked yaogai  (NEWHP: 260)(142,163,1)
[15:44:52]ATTACK: yaogai attacked Gekkon  (NEWHP: 4)(141,163,1)
[15:45:02]ATTACK: Molerat attacked Gekkon  (NEWHP: 53)(116,139,1)
[15:45:02]ATTACK: Gekkon attacked Molerat  (NEWHP: 50)(117,138,1)
[15:45:04]ATTACK: Molerat attacked Gekkon  (NEWHP: 45)(116,139,1)
[15:45:04]ATTACK: Gekkon attacked Molerat  (NEWHP: 37)(117,138,1)
[15:45:06]ATTACK: Molerat attacked Gekkon  (NEWHP: 40)(116,139,1)
[15:45:06]ATTACK: Gekkon attacked Molerat  (NEWHP: 22)(117,138,1)
[15:45:08]ATTACK: Molerat attacked Gekkon  (NEWHP: 32)(116,139,1)
[15:45:08]ATTACK: Gekkon attacked Molerat  (NEWHP: 9)(117,138,1)
[15:45:40]ATTACK: Molerat attacked Gekkon  (NEWHP: 15)(111,142,1)
[15:45:40]ATTACK: Gekkon attacked Molerat  (NEWHP: 50)(110,142,1)
[15:45:42]ATTACK: Molerat attacked Gekkon  (NEWHP: 8)(111,142,1)
[15:45:42]ATTACK: Gekkon attacked Molerat  (NEWHP: 39)(110,142,1)
[15:45:42]ATTACK: Gekkon attacked Molerat  (NEWHP: 29)(110,142,1)
[15:45:44]ATTACK: Molerat attacked Gekkon  (NEWHP: 3)(111,142,1)
[15:45:45]ATTACK: Gekkon attacked Molerat  (NEWHP: 14)(110,142,1)
[15:46:22]ATTACK: Molerat attacked Gekkon  (NEWHP: 23)(106,137,1)
[15:46:22]ATTACK: Gekkon attacked Molerat  (NEWHP: 50)(105,137,1)
[15:46:24]ATTACK: Molerat attacked Gekkon  (NEWHP: 14)(106,137,1)
[15:46:24]ATTACK: Gekkon attacked Molerat  (NEWHP: 39)(105,137,1)
[15:46:26]ATTACK: Molerat attacked Gekkon  (NEWHP: 5)(106,137,1)
[15:46:29]ATTACK: yaogai attacked Gekkon  (NEWHP: 60)(142,163,1)
[15:46:29]ATTACK: Gekkon attacked yaogai  (NEWHP: 250)(143,163,1)
[15:46:31]ATTACK: yaogai attacked Gekkon  (NEWHP: 27)(142,163,1)
[15:46:50]ATTACK: yaogai attacked Gekkon  (NEWHP: 60)(143,161,1)
[15:46:50]ATTACK: Gekkon attacked yaogai  (NEWHP: 236)(143,162,1)
[15:46:52]ATTACK: yaogai attacked Gekkon  (NEWHP: 26)(143,161,1)
[15:46:56]ATTACK: venus human trap attacked venus human trap  (NEWHP: 25)(165,164,1)


Starting up. 15:56.45
---------------------
[16:04:48]ATTACK: Deathclaw attacked Gunner  (NEWHP: 300)(11,134,1)
[16:04:48]ATTACK: Gunner shot Deathclaw with the bullet (NEWHP: 460)(10,136,1)
[16:04:48]ATTACK: Gunner shot Deathclaw with the bullet (NEWHP: 460)(390,395,1)
[16:04:48]ATTACK: Gunner shot Deathclaw with the bullet (NEWHP: 420)(10,136,1)
[16:04:49]ATTACK: Gunner shot Deathclaw with the bullet (NEWHP: 380)(10,136,1)
[16:04:49]ATTACK: Gunner shot Deathclaw with the bullet (NEWHP: 420)(390,396,1)
[16:04:50]ATTACK: Gunner attacked Deathclaw  (NEWHP: 380)(10,136,1)
[16:04:50]ATTACK: Deathclaw attacked Gunner  (NEWHP: 258)(10,135,1)
[16:04:50]ATTACK: Deathclaw attacked Gunner  (NEWHP: 209)(10,135,1)
[16:04:50]ATTACK: giant rad scorpion (746) attacked Default Cyborg-15  (NEWHP: 100)(40,159,1)
[16:04:50]ATTACK: Mutant attacked Molerat  (NEWHP: 50)(123,239,1)
[16:04:50]ATTACK: Molerat attacked Mutant  (NEWHP: 250)(124,240,1)
[16:04:50]ATTACK: Molerat attacked Mutant  (NEWHP: 250)(124,240,1)
[16:04:50]ATTACK: Mutant attacked Mutant  (NEWHP: 250)(144,239,1)
[16:04:50]ATTACK: Molerat attacked Mutant  (NEWHP: 250)(123,238,1)
[16:04:50]ATTACK: Mutant attacked Mutant  (NEWHP: 221)(144,239,1)
[16:04:50]ATTACK: Molerat attacked Mutant  (NEWHP: 250)(124,240,1)
[16:04:50]ATTACK: Mutant attacked Molerat  (NEWHP: 50)(125,239,1)
[16:04:50]ATTACK: Molerat attacked Mutant  (NEWHP: 250)(123,238,1)
[16:04:50]ATTACK: Mutant attacked Mutant  (NEWHP: 189)(144,239,1)
[16:04:50]ATTACK: Mutant attacked Mutant  (NEWHP: 160)(144,239,1)
[16:04:50]ATTACK: Deathclaw attacked Gunner  (NEWHP: 300)(392,397,1)
[16:04:50]ATTACK: Gunner attacked Deathclaw  (NEWHP: 420)(391,397,1)
[16:04:52]ATTACK: Deathclaw attacked Gunner  (NEWHP: 160)(15,131,1)
[16:04:52]ATTACK: Deathclaw attacked Gunner  (NEWHP: 114)(15,131,1)
[16:04:52]ATTACK: giant rad scorpion (746) attacked Default Cyborg-15  (NEWHP: 85)(40,159,1)
[16:04:52]ATTACK: venus human trap attacked venus human trap  (NEWHP: 65)(294,226,1)
[16:04:52]ATTACK: venus human trap attacked venus human trap  (NEWHP: 65)(293,226,1)
[16:04:52]ATTACK: venus human trap attacked venus human trap  (NEWHP: 40)(294,226,1)
[16:04:52]ATTACK: Mutant attacked Molerat  (NEWHP: 23)(123,239,1)
[16:04:52]ATTACK: Mutant attacked Mutant  (NEWHP: 128)(142,238,1)
[16:04:52]ATTACK: Molerat attacked Mutant  (NEWHP: 250)(124,240,1)
[16:04:52]ATTACK: Molerat attacked Mutant  (NEWHP: 250)(124,240,1)
[16:04:52]ATTACK: Mutant attacked Mutant  (NEWHP: 100)(142,238,1)
[16:04:52]ATTACK: Molerat attacked Mutant  (NEWHP: 250)(124,240,1)
[16:04:52]ATTACK: Mutant attacked Molerat  (NEWHP: 17)(125,239,1)
[16:04:52]ATTACK: Molerat attacked Mutant  (NEWHP: 250)(123,238,1)
[16:04:52]ATTACK: Mutant attacked Mutant  (NEWHP: 250)(143,238,1)
[16:04:52]ATTACK: Mutant attacked Mutant  (NEWHP: 67)(142,238,1)
[16:04:52]ATTACK: Mutant attacked Mutant  (NEWHP: 38)(142,238,1)
[16:04:52]ATTACK: Cazador attacked Space Bat  (NEWHP: 15)(164,158,1)
[16:04:54]ATTACK: Deathclaw attacked Gunner  (NEWHP: 69)(19,126,1)
[16:04:54]ATTACK: Deathclaw attacked Gunner  (NEWHP: 23)(19,126,1)
[16:04:54]ATTACK: giant rad scorpion (746) attacked Default Cyborg-15  (NEWHP: 69)(40,159,1)
[16:04:54]ATTACK: venus human trap attacked venus human trap  (NEWHP: 15)(294,226,1)
[16:04:55]ATTACK: Mutant attacked Mutant  (NEWHP: 12)(143,237,1)
[16:04:55]ATTACK: Molerat attacked Mutant  (NEWHP: 250)(124,240,1)
[16:04:55]ATTACK: Molerat attacked Mutant  (NEWHP: 250)(124,240,1)
[16:04:55]ATTACK: Molerat attacked Mutant  (NEWHP: 250)(123,238,1)
[16:04:55]ATTACK: Deathclaw attacked Gunner  (NEWHP: 251)(389,394,1)
[16:04:55]ATTACK: Gunner attacked Deathclaw  (NEWHP: 420)(390,394,1)
[16:04:57]ATTACK: giant rad scorpion (746) attacked Default Cyborg-15  (NEWHP: 49)(40,159,1)
[16:04:57]ATTACK: venus human trap attacked venus human trap  (NEWHP: 75)(295,225,1)
[16:04:57]ATTACK: Mutant attacked Molerat  (NEWHP: 50)(124,239,1)
[16:04:57]ATTACK: Molerat attacked Mutant  (NEWHP: 250)(124,240,1)
[16:04:57]ATTACK: Molerat attacked Mutant  (NEWHP: 250)(123,238,1)
[16:04:57]ATTACK: Mutant attacked Molerat  (NEWHP: 50)(125,240,1)
[16:04:57]ATTACK: Molerat attacked Mutant  (NEWHP: 250)(123,238,1)
[16:04:57]ATTACK: Gunner shot Deathclaw with the bullet (NEWHP: 380)(393,394,1)
[16:04:57]ATTACK: Gunner shot Deathclaw with the bullet (NEWHP: 340)(393,394,1)
[16:04:57]ATTACK: Gunner shot Deathclaw with the bullet (NEWHP: 300)(393,394,1)
[16:04:59]ATTACK: giant rad scorpion (746) attacked Default Cyborg-15  (NEWHP: 30)(40,159,1)
[16:04:59]ATTACK: venus human trap attacked venus human trap  (NEWHP: 30)(294,225,1)
[16:04:59]ATTACK: venus human trap attacked venus human trap  (NEWHP: 50)(295,225,1)
[16:04:59]ATTACK: venus human trap attacked venus human trap  (NEWHP: 55)(277,226,1)
[16:04:59]ATTACK: Mutant attacked Molerat  (NEWHP: 17)(124,239,1)
[16:04:59]ATTACK: Molerat attacked Mutant  (NEWHP: 250)(124,240,1)
[16:04:59]ATTACK: Mutant attacked Molerat  (NEWHP: 25)(125,240,1)
[16:04:59]ATTACK: Molerat attacked Mutant  (NEWHP: 250)(123,238,1)
[16:05:01]ATTACK: giant rad scorpion (746) attacked Default Cyborg-15  (NEWHP: 13)(40,159,1)
[16:05:01]ATTACK: venus human trap attacked venus human trap  (NEWHP: 5)(294,225,1)
[16:05:01]ATTACK: venus human trap attacked venus human trap  (NEWHP: 30)(276,226,1)
[16:05:01]ATTACK: Molerat attacked Mutant  (NEWHP: 250)(123,238,1)
[16:05:03]ATTACK: giant rad scorpion (746) attacked Default Cyborg-15  (NEWHP: -2)(40,159,1)
[16:05:03]ATTACK: Mutant attacked Molerat  (NEWHP: 50)(124,237,1)
[16:05:03]ATTACK: Molerat attacked Mutant  (NEWHP: 250)(123,238,1)
[16:05:03]ATTACK: Gunner shot Deathclaw with the bullet (NEWHP: 260)(394,394,1)
[16:05:04]ATTACK: Gunner shot Deathclaw with the bullet (NEWHP: 220)(394,395,1)
[16:05:04]ATTACK: Gunner shot Deathclaw with the bullet (NEWHP: 180)(394,396,1)
[16:05:05]ATTACK: Molerat attacked Gekkon  (NEWHP: 60)(119,146,1)
[16:05:05]ATTACK: Molerat attacked Gekkon  (NEWHP: 55)(119,146,1)
[16:05:05]ATTACK: Molerat attacked Gekkon  (NEWHP: 48)(119,146,1)
[16:05:05]ATTACK: giant rad scorpion (746) attacked Default Cyborg-15  (NEWHP: -17)(40,159,1)
[16:05:05]ATTACK: Mutant attacked Molerat  (NEWHP: 19)(124,237,1)
[16:05:06]ATTACK: Deathclaw attacked Gunner  (NEWHP: 201)(389,396,1)
[16:05:06]ATTACK: Gunner attacked Deathclaw  (NEWHP: 180)(390,397,1)
[16:05:06]ATTACK: Gekkon attacked Molerat  (NEWHP: 50)(118,146,1)
[16:05:07]ATTACK: Molerat attacked Gekkon  (NEWHP: 38)(119,146,1)
[16:05:07]ATTACK: Molerat attacked Gekkon  (NEWHP: 29)(119,146,1)
[16:05:07]ATTACK: Molerat attacked Gekkon  (NEWHP: 23)(119,146,1)
[16:05:07]ATTACK: giant rad scorpion (746) attacked Default Cyborg-15  (NEWHP: -34)(40,159,1)
[16:05:07]ATTACK: Gekkon attacked Molerat  (NEWHP: 39)(118,146,1)
[16:05:09]ATTACK: Molerat attacked Gekkon  (NEWHP: 14)(119,146,1)
[16:05:09]ATTACK: Molerat attacked Gekkon  (NEWHP: 6)(119,146,1)
[16:05:09]ATTACK: giant rad scorpion (746) attacked Default Cyborg-15  (NEWHP: -54)(40,159,1)
[16:05:10]ATTACK: Gekkon attacked Molerat  (NEWHP: 50)(118,147,1)
[16:05:10]ATTACK: Gunner shot Deathclaw with the bullet (NEWHP: 140)(393,398,1)
[16:05:10]ATTACK: Gunner shot Deathclaw with the bullet (NEWHP: 100)(392,398,1)
[16:05:10]ATTACK: Gunner shot Deathclaw with the bullet (NEWHP: 60)(391,398,1)
[16:05:12]ATTACK: Molerat attacked Gekkon  (NEWHP: 60)(118,147,1)
[16:05:12]ATTACK: giant rad scorpion (746) attacked Default Cyborg-15  (NEWHP: -74)(40,159,1)
[16:05:12]ATTACK: Gekkon attacked Molerat  (NEWHP: 35)(119,147,1)
[16:05:14]ATTACK: Molerat attacked Gekkon  (NEWHP: 55)(118,146,1)
[16:05:14]ATTACK: Molerat attacked Gekkon  (NEWHP: 47)(118,146,1)
[16:05:14]ATTACK: giant rad scorpion (746) attacked Default Cyborg-15  (NEWHP: -91)(40,159,1)
[16:05:14]ATTACK: Gekkon attacked Molerat  (NEWHP: 25)(119,147,1)
[16:05:14]ATTACK: Gekkon attacked Molerat  (NEWHP: 14)(119,147,1)
[16:05:16]ATTACK: Molerat attacked Gekkon  (NEWHP: 37)(118,146,1)
[16:05:16]ATTACK: Molerat attacked Gekkon  (NEWHP: 32)(118,146,1)
[16:05:16]ATTACK: Molerat attacked Gekkon  (NEWHP: 22)(118,146,1)
[16:05:16]ATTACK: Molerat attacked Gekkon  (NEWHP: 13)(118,146,1)
[16:05:16]ATTACK: Gunner shot Deathclaw with the bullet (NEWHP: 20)(389,395,1)
[16:05:16]ATTACK: Gunner shot Deathclaw with the bullet (NEWHP: 0)(389,394,1)
[16:05:17]ATTACK: Gunner shot Deathclaw with the bullet (NEWHP: 0)(389,394,1)
[16:05:18]ATTACK: Molerat attacked Gekkon  (NEWHP: 3)(118,146,1)
[16:05:21]ATTACK: Molerat attacked Gekkon  (NEWHP: 60)(118,146,1)
[16:05:21]ATTACK: Molerat attacked Gekkon  (NEWHP: 52)(118,146,1)
[16:05:21]ATTACK: Gekkon attacked Molerat  (NEWHP: 50)(117,146,1)
[16:05:22]ATTACK: Molerat attacked Gekkon  (NEWHP: 46)(118,146,1)
[16:05:22]ATTACK: Molerat attacked Gekkon  (NEWHP: 39)(118,146,1)
[16:05:22]ATTACK: Molerat attacked Gekkon  (NEWHP: 32)(118,146,1)
[16:05:22]ATTACK: Molerat attacked Gekkon  (NEWHP: 26)(118,146,1)
[16:05:22]ATTACK: Gekkon attacked Molerat  (NEWHP: 35)(117,146,1)
[16:05:24]ATTACK: Molerat attacked Gekkon  (NEWHP: 17)(118,146,1)
[16:05:24]ATTACK: Molerat attacked Gekkon  (NEWHP: 11)(118,146,1)
[16:05:24]ATTACK: Molerat attacked Gekkon  (NEWHP: 3)(118,146,1)
[16:05:35]ATTACK: Gekkon attacked Molerat  (NEWHP: 50)(119,147,1)
[16:05:37]ATTACK: Molerat attacked Gekkon  (NEWHP: 60)(122,151,1)
[16:05:37]ATTACK: Molerat attacked Gekkon  (NEWHP: 52)(122,151,1)
[16:05:37]ATTACK: Molerat attacked Gekkon  (NEWHP: 45)(122,151,1)
[16:05:37]ATTACK: Molerat attacked Gekkon  (NEWHP: 60)(124,151,1)
[16:05:38]ATTACK: Gekkon attacked Molerat  (NEWHP: 40)(123,151,1)
[16:05:38]ATTACK: Gekkon attacked Molerat  (NEWHP: 30)(123,151,1)
[16:05:40]ATTACK: Molerat attacked Gekkon  (NEWHP: 37)(122,151,1)
[16:05:40]ATTACK: Molerat attacked Gekkon  (NEWHP: 29)(122,151,1)
[16:05:40]ATTACK: Molerat attacked Gekkon  (NEWHP: 22)(122,151,1)
[16:05:40]ATTACK: Molerat attacked Gekkon  (NEWHP: 14)(122,151,1)
[16:05:40]ATTACK: Gekkon attacked Molerat  (NEWHP: 17)(123,151,1)
[16:05:40]ATTACK: Gekkon attacked Molerat  (NEWHP: 27)(121,151,1)
[16:05:40]ATTACK: Gekkon attacked Molerat  (NEWHP: 50)(122,150,1)
[16:05:40]ATTACK: Gekkon attacked Molerat  (NEWHP: 4)(123,151,1)
[16:05:42]ATTACK: Molerat attacked Gekkon  (NEWHP: 5)(122,151,1)
[16:05:42]ATTACK: Gekkon attacked Molerat  (NEWHP: 14)(121,151,1)
[16:05:44]ATTACK: Molerat attacked Gekkon  (NEWHP: 60)(122,151,1)
[16:05:44]ATTACK: Molerat attacked Gekkon  (NEWHP: 54)(121,151,1)
[16:05:44]ATTACK: Gekkon attacked Molerat  (NEWHP: 2)(122,151,1)
[16:05:44]ATTACK: Gekkon attacked Molerat  (NEWHP: 20)(121,150,1)
[16:05:46]ATTACK: Molerat attacked Gekkon  (NEWHP: 60)(122,150,1)
[16:05:46]ATTACK: Molerat attacked Gekkon  (NEWHP: 45)(121,151,1)
[16:05:46]ATTACK: Gekkon attacked Molerat  (NEWHP: 5)(121,149,1)
[16:05:48]ATTACK: Molerat attacked Gekkon  (NEWHP: 39)(121,151,1)
[16:05:48]ATTACK: Gekkon attacked Molerat  (NEWHP: 36)(122,151,1)
[16:05:50]ATTACK: Molerat attacked Gekkon  (NEWHP: 55)(122,150,1)
[16:05:50]ATTACK: Gekkon attacked Molerat  (NEWHP: 25)(121,151,1)
[16:05:50]ATTACK: Gekkon attacked Molerat  (NEWHP: 11)(121,151,1)
[16:06:52]ATTACK: Molerat attacked Gekkon  (NEWHP: 48)(114,151,1)
[16:06:52]ATTACK: Gekkon attacked Molerat  (NEWHP: 50)(113,152,1)
[16:06:54]ATTACK: Molerat attacked Gekkon  (NEWHP: 40)(114,151,1)
[16:06:54]ATTACK: Gekkon attacked Molerat  (NEWHP: 36)(113,152,1)
[16:06:56]ATTACK: Molerat attacked Gekkon  (NEWHP: 35)(114,151,1)
[16:06:56]ATTACK: Gekkon attacked Molerat  (NEWHP: 24)(113,152,1)
[16:06:58]ATTACK: Molerat attacked Gekkon  (NEWHP: 30)(114,151,1)
[16:06:58]ATTACK: Gekkon attacked Molerat  (NEWHP: 11)(113,152,1)
[16:07:31]ATTACK: venus human trap attacked Cazador  (NEWHP: 50)(161,151,1)
[16:07:31]ATTACK: Cazador attacked venus human trap  (NEWHP: 55)(160,151,1)
[16:07:33]ATTACK: venus human trap attacked Cazador  (NEWHP: 25)(161,151,1)
[16:07:35]ATTACK: venus human trap attacked Cazador  (NEWHP: 0)(161,151,1)
[16:07:40]ATTACK: venus human trap attacked Cazador  (NEWHP: 50)(161,151,1)
[16:07:40]ATTACK: Cazador attacked venus human trap  (NEWHP: 35)(160,151,1)
[16:07:42]ATTACK: venus human trap attacked Cazador  (NEWHP: 25)(161,151,1)
[16:07:44]ATTACK: venus human trap attacked Cazador  (NEWHP: 0)(161,151,1)
[16:07:46]ATTACK: venus human trap attacked Cazador  (NEWHP: 0)(161,151,1)
[16:08:41]ATTACK: Deathclaw attacked Gunner  (NEWHP: 141)(394,395,1)
[16:08:41]ATTACK: Gunner attacked Deathclaw  (NEWHP: 500)(393,395,1)
[16:08:43]ATTACK: Gunner shot Deathclaw with the bullet (NEWHP: 460)(390,393,1)
[16:08:43]ATTACK: Gunner shot Deathclaw with the bullet (NEWHP: 420)(390,393,1)
[16:08:44]ATTACK: Gunner shot Deathclaw with the bullet (NEWHP: 380)(389,394,1)
[16:08:50]ATTACK: Deathclaw attacked Gunner  (NEWHP: 90)(391,398,1)
[16:08:50]ATTACK: Gunner attacked Deathclaw  (NEWHP: 380)(390,397,1)
[16:08:52]ATTACK: Gunner shot Deathclaw with the bullet (NEWHP: 340)(394,394,1)
[16:08:52]ATTACK: Gunner shot Deathclaw with the bullet (NEWHP: 300)(394,394,1)
[16:08:52]ATTACK: Gunner shot Deathclaw with the bullet (NEWHP: 260)(393,393,1)
[16:08:56]ATTACK: Deathclaw attacked Gunner  (NEWHP: 46)(394,396,1)
[16:08:56]ATTACK: Gunner attacked Deathclaw  (NEWHP: 260)(394,397,1)
[16:08:58]ATTACK: Deathclaw attacked Gunner  (NEWHP: 2)(389,394,1)
[16:09:09]ATTACK: venus human trap attacked venus human trap  (NEWHP: 20)(271,227,1)


Starting up. 16:27.29
---------------------
[16:29:41]ATTACK: Deathclaw attacked Gunner  (NEWHP: 300)(11,134,1)
[16:29:41]ATTACK: Molerat attacked Mutant  (NEWHP: 250)(126,234,1)
[16:29:41]ATTACK: Gunner shot Deathclaw with the bullet (NEWHP: 460)(10,136,1)
[16:29:41]ATTACK: Gunner shot Deathclaw with the bullet (NEWHP: 460)(390,395,1)
[16:29:41]ATTACK: Gunner shot Deathclaw with the bullet (NEWHP: 420)(10,136,1)
[16:29:41]ATTACK: Gunner shot Deathclaw with the bullet (NEWHP: 380)(10,136,1)
[16:29:41]ATTACK: Gunner shot Deathclaw with the bullet (NEWHP: 420)(390,396,1)
[16:29:43]ATTACK: Gunner attacked Deathclaw  (NEWHP: 380)(10,136,1)
[16:29:43]ATTACK: Deathclaw attacked Gunner  (NEWHP: 243)(10,135,1)
[16:29:43]ATTACK: Deathclaw attacked Gunner  (NEWHP: 190)(10,135,1)
[16:29:43]ATTACK: giant rad scorpion (240) attacked Default Cyborg-339  (NEWHP: 100)(40,159,1)
[16:29:43]ATTACK: venus human trap attacked venus human trap  (NEWHP: 65)(294,225,1)
[16:29:43]ATTACK: Mutant attacked Molerat  (NEWHP: 50)(123,238,1)
[16:29:43]ATTACK: Mutant attacked Mutant  (NEWHP: 250)(144,238,1)
[16:29:43]ATTACK: Molerat attacked Mutant  (NEWHP: 250)(122,237,1)
[16:29:43]ATTACK: Molerat attacked Mutant  (NEWHP: 250)(124,237,1)
[16:29:43]ATTACK: Mutant attacked Mutant  (NEWHP: 217)(144,238,1)
[16:29:43]ATTACK: Molerat attacked Mutant  (NEWHP: 250)(124,237,1)
[16:29:43]ATTACK: Mutant attacked Mutant  (NEWHP: 189)(144,238,1)
[16:29:43]ATTACK: Molerat attacked Mutant  (NEWHP: 250)(124,237,1)
[16:29:43]ATTACK: Mutant attacked Molerat  (NEWHP: 50)(122,236,1)
[16:29:43]ATTACK: Molerat attacked Mutant  (NEWHP: 250)(124,237,1)
[16:29:43]ATTACK: Mutant attacked Mutant  (NEWHP: 250)(145,239,1)
[16:29:43]ATTACK: Mutant attacked Mutant  (NEWHP: 155)(144,238,1)
[16:29:43]ATTACK: Deathclaw attacked Gunner  (NEWHP: 300)(392,397,1)
[16:29:43]ATTACK: Gunner attacked Deathclaw  (NEWHP: 420)(391,397,1)
[16:29:43]ATTACK: Cazador attacked Space Bat  (NEWHP: 15)(163,156,1)
[16:29:45]ATTACK: Deathclaw attacked Gunner  (NEWHP: 139)(15,131,1)
[16:29:45]ATTACK: Deathclaw attacked Gunner  (NEWHP: 87)(15,131,1)
[16:29:45]ATTACK: giant rad scorpion (240) attacked Default Cyborg-339  (NEWHP: 84)(40,159,1)
[16:29:45]ATTACK: venus human trap attacked venus human trap  (NEWHP: 40)(294,225,1)
[16:29:45]ATTACK: Mutant attacked Molerat  (NEWHP: 25)(123,238,1)
[16:29:45]ATTACK: Mutant attacked Mutant  (NEWHP: 129)(144,238,1)
[16:29:45]ATTACK: Molerat attacked Mutant  (NEWHP: 250)(122,237,1)
[16:29:45]ATTACK: Molerat attacked Mutant  (NEWHP: 250)(124,237,1)
[16:29:45]ATTACK: Mutant attacked Mutant  (NEWHP: 101)(144,238,1)
[16:29:45]ATTACK: Molerat attacked Mutant  (NEWHP: 250)(124,237,1)
[16:29:45]ATTACK: Mutant attacked Mutant  (NEWHP: 66)(144,238,1)
[16:29:45]ATTACK: Molerat attacked Mutant  (NEWHP: 250)(124,237,1)
[16:29:45]ATTACK: Mutant attacked Molerat  (NEWHP: 17)(122,236,1)
[16:29:45]ATTACK: Mutant attacked Mutant  (NEWHP: 250)(143,237,1)
[16:29:45]ATTACK: Mutant attacked Mutant  (NEWHP: 38)(144,238,1)
[16:29:45]ATTACK: Mutant attacked Mutant  (NEWHP: 8)(144,238,1)
[16:29:47]ATTACK: Deathclaw attacked Gunner  (NEWHP: 38)(19,126,1)
[16:29:47]ATTACK: giant rad scorpion (240) attacked Default Cyborg-339  (NEWHP: 67)(40,159,1)
[16:29:47]ATTACK: venus human trap attacked venus human trap  (NEWHP: 15)(294,225,1)
[16:29:47]ATTACK: Molerat attacked Mutant  (NEWHP: 250)(124,237,1)
[16:29:47]ATTACK: Molerat attacked Mutant  (NEWHP: 250)(124,237,1)
[16:29:47]ATTACK: Molerat attacked Mutant  (NEWHP: 250)(124,237,1)
[16:29:48]ATTACK: Gunner shot Deathclaw with the bullet (NEWHP: 380)(393,394,1)
[16:29:48]ATTACK: Gunner shot Deathclaw with the bullet (NEWHP: 340)(393,394,1)
[16:29:48]ATTACK: Gunner shot Deathclaw with the bullet (NEWHP: 300)(393,394,1)
[16:29:50]ATTACK: giant rad scorpion (240) attacked Default Cyborg-339  (NEWHP: 50)(40,159,1)
[16:29:50]ATTACK: Mutant attacked Molerat  (NEWHP: 50)(123,237,1)
[16:29:50]ATTACK: Molerat attacked Mutant  (NEWHP: 250)(124,237,1)
[16:29:50]ATTACK: Molerat attacked Mutant  (NEWHP: 250)(124,237,1)
[16:29:50]ATTACK: Molerat attacked Mutant  (NEWHP: 250)(124,237,1)
[16:29:50]ATTACK: Deathclaw attacked Gunner  (NEWHP: 260)(393,393,1)
[16:29:50]ATTACK: Gunner attacked Deathclaw  (NEWHP: 300)(393,394,1)
[16:29:52]ATTACK: giant rad scorpion (240) attacked Default Cyborg-339  (NEWHP: 32)(40,159,1)
[16:29:52]ATTACK: Mutant attacked Molerat  (NEWHP: 22)(123,237,1)
[16:29:52]ATTACK: Molerat attacked Mutant  (NEWHP: 250)(124,237,1)
[16:29:52]ATTACK: Molerat attacked Mutant  (NEWHP: 250)(124,237,1)
[16:29:52]ATTACK: Mutant attacked Molerat  (NEWHP: 50)(124,236,1)
[16:29:54]ATTACK: giant rad scorpion (240) attacked Default Cyborg-339  (NEWHP: 17)(40,159,1)
[16:29:54]ATTACK: Molerat attacked Mutant  (NEWHP: 250)(124,237,1)
[16:29:54]ATTACK: Molerat attacked Mutant  (NEWHP: 250)(124,237,1)
[16:29:54]ATTACK: Mutant attacked Molerat  (NEWHP: 17)(124,236,1)
[16:29:54]ATTACK: Gunner shot Deathclaw with the bullet (NEWHP: 260)(394,397,1)
[16:29:54]ATTACK: Gunner shot Deathclaw with the bullet (NEWHP: 220)(394,396,1)
[16:29:54]ATTACK: Gunner shot Deathclaw with the bullet (NEWHP: 180)(394,395,1)
[16:29:56]ATTACK: giant rad scorpion (240) attacked Default Cyborg-339  (NEWHP: -2)(40,159,1)
[16:29:56]ATTACK: Mutant attacked Molerat  (NEWHP: 50)(125,237,1)
[16:29:56]ATTACK: Molerat attacked Mutant  (NEWHP: 250)(124,237,1)
[16:29:58]ATTACK: giant rad scorpion (240) attacked Default Cyborg-339  (NEWHP: -19)(40,159,1)
[16:29:58]ATTACK: venus human trap attacked venus human trap  (NEWHP: 75)(293,225,1)
[16:29:58]ATTACK: Mutant attacked Molerat  (NEWHP: 20)(125,237,1)
[16:30:00]ATTACK: giant rad scorpion (240) attacked Default Cyborg-339  (NEWHP: -34)(40,159,1)
[16:30:00]ATTACK: Deathclaw attacked Gunner  (NEWHP: 200)(393,393,1)
[16:30:00]ATTACK: Gunner attacked Deathclaw  (NEWHP: 180)(394,394,1)
[16:30:02]ATTACK: giant rad scorpion (240) attacked Default Cyborg-339  (NEWHP: -50)(40,159,1)
[16:30:02]ATTACK: venus human trap attacked venus human trap  (NEWHP: 70)(295,225,1)
[16:30:02]ATTACK: venus human trap attacked venus human trap  (NEWHP: 45)(294,225,1)
[16:30:03]ATTACK: Gunner shot Deathclaw with the bullet (NEWHP: 140)(389,396,1)
[16:30:03]ATTACK: Gunner shot Deathclaw with the bullet (NEWHP: 100)(389,397,1)
[16:30:03]ATTACK: Gunner shot Deathclaw with the bullet (NEWHP: 60)(389,397,1)
[16:30:04]ATTACK: giant rad scorpion (240) attacked Default Cyborg-339  (NEWHP: -68)(40,159,1)
[16:30:04]ATTACK: venus human trap attacked venus human trap  (NEWHP: 45)(295,225,1)
[16:30:04]ATTACK: venus human trap attacked venus human trap  (NEWHP: 20)(294,226,1)
[16:30:07]ATTACK: giant rad scorpion (240) attacked Default Cyborg-339  (NEWHP: -84)(40,159,1)
[16:30:09]ATTACK: Gunner shot Deathclaw with the bullet (NEWHP: 20)(391,398,1)
[16:30:09]ATTACK: Gunner shot Deathclaw with the bullet (NEWHP: 0)(393,398,1)
[16:30:10]ATTACK: Gunner shot Deathclaw with the bullet (NEWHP: 0)(393,398,1)
[16:30:35]ATTACK: Molerat attacked Gekkon  (NEWHP: 60)(122,150,1)
[16:30:35]ATTACK: Gekkon attacked Molerat  (NEWHP: 50)(121,150,1)
[16:30:37]ATTACK: Molerat attacked Gekkon  (NEWHP: 53)(123,152,1)
[16:30:37]ATTACK: Gekkon attacked Molerat  (NEWHP: 39)(122,150,1)
[16:30:37]ATTACK: Gekkon attacked Molerat  (NEWHP: 29)(122,150,1)
[16:30:37]ATTACK: Gekkon attacked Molerat  (NEWHP: 19)(122,150,1)
[16:30:39]ATTACK: Molerat attacked Gekkon  (NEWHP: 47)(121,151,1)
[16:30:39]ATTACK: Molerat attacked Gekkon  (NEWHP: 40)(121,151,1)
[16:30:39]ATTACK: Molerat attacked Gekkon  (NEWHP: 60)(123,153,1)
[16:30:39]ATTACK: Gekkon attacked Molerat  (NEWHP: 9)(122,152,1)
[16:30:41]ATTACK: Molerat attacked Gekkon  (NEWHP: 33)(121,151,1)
[16:30:41]ATTACK: Molerat attacked Gekkon  (NEWHP: 23)(121,151,1)
[16:30:41]ATTACK: Molerat attacked Gekkon  (NEWHP: 60)(123,152,1)
[16:30:43]ATTACK: Molerat attacked Gekkon  (NEWHP: 17)(121,150,1)
[16:30:43]ATTACK: Molerat attacked Gekkon  (NEWHP: 12)(121,150,1)
[16:30:43]ATTACK: Molerat attacked Gekkon  (NEWHP: 53)(123,152,1)
[16:30:43]ATTACK: Gekkon attacked Molerat  (NEWHP: 50)(124,152,1)
[16:30:43]ATTACK: Gekkon attacked Molerat  (NEWHP: 50)(121,151,1)
[16:30:43]ATTACK: Gekkon attacked Molerat  (NEWHP: 39)(124,152,1)
[16:30:43]ATTACK: Gekkon attacked Molerat  (NEWHP: 50)(122,150,1)
[16:30:43]ATTACK: Gekkon attacked Molerat  (NEWHP: 36)(122,150,1)
[16:30:43]ATTACK: Gekkon attacked Molerat  (NEWHP: 39)(121,151,1)
[16:30:43]ATTACK: Gekkon attacked Molerat  (NEWHP: 25)(124,152,1)
[16:30:45]ATTACK: giant rad scorpion (137) attacked brahmin  (NEWHP: 20)(226,145,1)
[16:30:45]ATTACK: Molerat attacked Gekkon  (NEWHP: 53)(121,149,1)
[16:30:45]ATTACK: Molerat attacked Gekkon  (NEWHP: 60)(121,152,1)
[16:30:45]ATTACK: Molerat attacked Gekkon  (NEWHP: 60)(124,151,1)
[16:30:45]ATTACK: Gekkon attacked Molerat  (NEWHP: 13)(124,152,1)
[16:30:45]ATTACK: Gekkon attacked Molerat  (NEWHP: 29)(121,151,1)
[16:30:45]ATTACK: Gekkon attacked Molerat  (NEWHP: 26)(122,150,1)
[16:30:45]ATTACK: Gekkon attacked Molerat  (NEWHP: 16)(122,150,1)
[16:30:45]ATTACK: Gekkon attacked Molerat  (NEWHP: 16)(121,151,1)
[16:30:47]ATTACK: giant rad scorpion (137) attacked brahmin  (NEWHP: 5)(226,145,1)
[16:30:47]ATTACK: Molerat attacked Gekkon  (NEWHP: 44)(121,149,1)
[16:30:47]ATTACK: Molerat attacked Gekkon  (NEWHP: 4)(121,150,1)
[16:30:48]ATTACK: Gekkon attacked Molerat  (NEWHP: 5)(121,151,1)
[16:30:48]ATTACK: Gekkon attacked Molerat  (NEWHP: 3)(122,150,1)
[16:31:19]ATTACK: yaogai attacked Gekkon  (NEWHP: 60)(138,163,1)
[16:31:20]ATTACK: Gekkon attacked yaogai  (NEWHP: 300)(139,164,1)
[16:31:22]ATTACK: yaogai attacked Gekkon  (NEWHP: 31)(138,163,1)
[16:31:22]ATTACK: Gekkon attacked yaogai  (NEWHP: 285)(139,164,1)
[16:31:24]ATTACK: yaogai attacked Gekkon  (NEWHP: 3)(138,163,1)
[16:32:09]ATTACK: Molerat attacked Merideth Yeskey(jackerzz)  (NEWHP: 100)(114,121,1)
[16:32:09]ATTACK: Molerat attacked Merideth Yeskey(jackerzz)  (NEWHP: 95)(114,121,1)
[16:32:11]ATTACK: Molerat attacked Merideth Yeskey(jackerzz)  (NEWHP: 89)(114,121,1)
[16:32:11]ATTACK: Molerat attacked Merideth Yeskey(jackerzz)  (NEWHP: 81)(114,121,1)
[16:32:11]ATTACK: giant rad scorpion (878) attacked mouse  (NEWHP: 5)(245,254,1)
[16:32:13]ATTACK: Molerat attacked Merideth Yeskey(jackerzz)  (NEWHP: 72)(114,122,1)
[16:32:13]ATTACK: Molerat attacked Merideth Yeskey(jackerzz)  (NEWHP: 63)(114,122,1)
[16:32:13]ATTACK: Molerat attacked Merideth Yeskey(jackerzz)  (NEWHP: 53)(114,122,1)
[16:32:16]ATTACK: Molerat attacked Merideth Yeskey(jackerzz)  (NEWHP: 48)(114,122,1)
[16:32:16]ATTACK: Molerat attacked Merideth Yeskey(jackerzz)  (NEWHP: 42)(114,122,1)
[16:32:18]ATTACK: Molerat attacked Merideth Yeskey(jackerzz)  (NEWHP: 33)(114,122,1)
[16:32:18]ATTACK: Molerat attacked Merideth Yeskey(jackerzz)  (NEWHP: 26)(114,122,1)
[16:32:18]ATTACK: venus human trap attacked venus human trap  (NEWHP: 35)(270,229,1)
[16:32:20]ATTACK: Molerat attacked Merideth Yeskey(jackerzz)  (NEWHP: 17)(114,122,1)
[16:32:20]ATTACK: Molerat attacked Merideth Yeskey(jackerzz)  (NEWHP: 9)(114,122,1)
[16:32:20]ATTACK: venus human trap attacked venus human trap  (NEWHP: 10)(270,230,1)
[16:32:20]ATTACK: giant rad scorpion (878) attacked mouse  (NEWHP: 5)(246,248,1)
[16:32:22]ATTACK: Molerat attacked Merideth Yeskey(jackerzz)  (NEWHP: 4)(114,122,1)
[16:32:24]ATTACK: rad scorpion (976) attacked mouse  (NEWHP: 5)(237,240,1)
[16:32:27]ATTACK: giant rad scorpion (878) attacked mouse  (NEWHP: 5)(245,247,1)
[16:32:35]ATTACK: giant rad scorpion (878) attacked mouse  (NEWHP: 5)(252,250,1)
[16:33:04]ATTACK: Molerat attacked Gekkon  (NEWHP: 52)(122,151,1)
[16:33:04]ATTACK: Gekkon attacked Molerat  (NEWHP: 50)(121,151,1)
[16:33:04]ATTACK: Gekkon attacked Molerat  (NEWHP: 40)(121,151,1)
[16:33:04]ATTACK: Gekkon attacked Molerat  (NEWHP: 30)(121,151,1)
[16:33:04]ATTACK: Gekkon attacked Molerat  (NEWHP: 20)(121,151,1)
[16:33:04]ATTACK: Gekkon attacked Molerat  (NEWHP: 9)(121,151,1)
[16:33:25]ATTACK: giant rad scorpion (137) attacked brahmin  (NEWHP: 20)(225,145,1)
[16:34:27]ATTACK: venus human trap attacked Cazador  (NEWHP: 50)(165,156,1)
[16:34:29]ATTACK: venus human trap attacked Cazador  (NEWHP: 25)(165,156,1)
[16:34:29]ATTACK: Cazador attacked venus human trap  (NEWHP: 55)(164,153,1)
[16:34:31]ATTACK: venus human trap attacked Cazador  (NEWHP: 50)(164,157,1)
[16:34:31]ATTACK: venus human trap attacked Cazador  (NEWHP: 45)(164,154,1)
[16:34:31]ATTACK: Cazador attacked venus human trap  (NEWHP: 39)(164,153,1)
[16:34:33]ATTACK: venus human trap attacked Cazador  (NEWHP: 50)(162,156,1)
[16:34:33]ATTACK: venus human trap attacked Cazador  (NEWHP: 45)(164,154,1)
[16:34:33]ATTACK: Cazador attacked venus human trap  (NEWHP: 22)(164,153,1)
[16:34:35]ATTACK: venus human trap attacked Cazador  (NEWHP: 50)(163,156,1)
[16:34:35]ATTACK: venus human trap attacked Cazador  (NEWHP: 20)(164,154,1)
[16:35:32]ATTACK: Deathclaw attacked Gunner  (NEWHP: 140)(394,398,1)
[16:35:32]ATTACK: Gunner attacked Deathclaw  (NEWHP: 500)(393,397,1)
[16:35:34]ATTACK: Deathclaw attacked Gunner  (NEWHP: 88)(389,397,1)
[16:35:34]ATTACK: Gunner attacked Deathclaw  (NEWHP: 500)(390,398,1)
[16:35:36]ATTACK: Gunner shot Deathclaw with the bullet (NEWHP: 460)(385,396,1)
[16:35:36]ATTACK: Gunner shot Deathclaw with the bullet (NEWHP: 420)(385,396,1)
[16:35:37]ATTACK: Gunner shot Deathclaw with the bullet (NEWHP: 380)(385,396,1)
[16:35:40]ATTACK: Deathclaw attacked Gunner  (NEWHP: 46)(394,395,1)
[16:35:42]ATTACK: giant rad scorpion (137) attacked brahmin  (NEWHP: 20)(225,145,1)
[16:35:44]ATTACK: giant rad scorpion (137) attacked brahmin  (NEWHP: 1)(225,145,1)
[16:35:51]ATTACK: yaogai attacked Gekkon  (NEWHP: 60)(145,160,1)
[16:35:51]ATTACK: Gekkon attacked yaogai  (NEWHP: 270)(146,160,1)
[16:35:53]ATTACK: Molerat attacked Gekkon  (NEWHP: 43)(109,140,1)
[16:35:53]ATTACK: yaogai attacked Gekkon  (NEWHP: 28)(145,160,1)
[16:35:53]ATTACK: Gekkon attacked Molerat  (NEWHP: 50)(108,140,1)
[16:35:53]ATTACK: Gekkon attacked yaogai  (NEWHP: 259)(146,160,1)
[16:35:55]ATTACK: Molerat attacked Gekkon  (NEWHP: 35)(108,141,1)
[16:35:55]ATTACK: Molerat attacked Gekkon  (NEWHP: 26)(108,141,1)
[16:35:55]ATTACK: yaogai attacked Gekkon  (NEWHP: 2)(145,160,1)
[16:35:55]ATTACK: Gekkon attacked Molerat  (NEWHP: 38)(107,140,1)
[16:35:57]ATTACK: Molerat attacked Gekkon  (NEWHP: 17)(108,141,1)
[16:35:57]ATTACK: Molerat attacked Gekkon  (NEWHP: 10)(108,141,1)
[16:35:57]ATTACK: Gekkon attacked Molerat  (NEWHP: 50)(108,140,1)
[16:35:59]ATTACK: Molerat attacked Gekkon  (NEWHP: 4)(108,141,1)
[16:36:22]ATTACK: Molerat attacked Gekkon  (NEWHP: 39)(111,140,1)
[16:36:22]ATTACK: Gekkon attacked Molerat  (NEWHP: 38)(110,139,1)
[16:36:24]ATTACK: Molerat attacked Gekkon  (NEWHP: 31)(111,140,1)
[16:36:24]ATTACK: Molerat attacked Gekkon  (NEWHP: 26)(111,140,1)
[16:36:24]ATTACK: Molerat attacked Gekkon  (NEWHP: 21)(111,140,1)
[16:36:24]ATTACK: Gekkon attacked Molerat  (NEWHP: 50)(112,140,1)
[16:36:26]ATTACK: Molerat attacked Gekkon  (NEWHP: 11)(111,140,1)
[16:36:26]ATTACK: Molerat attacked Gekkon  (NEWHP: 6)(111,140,1)
[16:36:26]ATTACK: Molerat attacked Gekkon  (NEWHP: 1)(111,140,1)
[16:36:35]ATTACK: Gekkon attacked Molerat  (NEWHP: 39)(120,150,1)
[16:36:37]ATTACK: Molerat attacked Gekkon  (NEWHP: 60)(121,152,1)
[16:36:37]ATTACK: Gekkon attacked Molerat  (NEWHP: 29)(120,151,1)
[16:36:37]ATTACK: Gekkon attacked Molerat  (NEWHP: 15)(120,151,1)
[16:36:39]ATTACK: Molerat attacked Gekkon  (NEWHP: 60)(120,149,1)
[16:36:39]ATTACK: Gekkon attacked Molerat  (NEWHP: 23)(119,148,1)
[16:36:41]ATTACK: Molerat attacked Gekkon  (NEWHP: 55)(120,149,1)
[16:36:41]ATTACK: Gekkon attacked Molerat  (NEWHP: 11)(119,148,1)
[16:36:43]ATTACK: Molerat attacked Gekkon  (NEWHP: 48)(120,149,1)
[16:36:43]ATTACK: Gekkon attacked Molerat  (NEWHP: 23)(119,148,1)
[16:36:43]ATTACK: Gekkon attacked Molerat  (NEWHP: 11)(119,148,1)
[16:37:10]ATTACK: giant rad scorpion (807) attacked Gekkon  (NEWHP: 60)(100,57,1)
[16:37:10]ATTACK: Gekkon attacked giant rad scorpion (807)  (NEWHP: 200)(100,56,1)
[16:37:12]ATTACK: giant rad scorpion (807) attacked Gekkon  (NEWHP: 43)(100,57,1)
[16:37:12]ATTACK: Gekkon attacked giant rad scorpion (807)  (NEWHP: 189)(100,56,1)
[16:37:15]ATTACK: giant rad scorpion (807) attacked Gekkon  (NEWHP: 28)(100,57,1)
[16:37:15]ATTACK: Gekkon attacked giant rad scorpion (807)  (NEWHP: 174)(100,56,1)
[16:37:17]ATTACK: giant rad scorpion (807) attacked Gekkon  (NEWHP: 10)(100,57,1)
[16:38:03]ATTACK: giant rad scorpion (296) attacked Gekkon  (NEWHP: 60)(384,233,1)
[16:38:03]ATTACK: Gekkon attacked giant rad scorpion (296)  (NEWHP: 200)(385,233,1)
[16:38:05]ATTACK: giant rad scorpion (296) attacked Gekkon  (NEWHP: 42)(384,233,1)
[16:38:05]ATTACK: Gekkon attacked giant rad scorpion (296)  (NEWHP: 185)(385,233,1)
[16:38:07]ATTACK: giant rad scorpion (296) attacked Gekkon  (NEWHP: 23)(384,233,1)
[16:38:07]ATTACK: Gekkon attacked giant rad scorpion (296)  (NEWHP: 173)(385,233,1)
[16:38:09]ATTACK: giant rad scorpion (296) attacked Gekkon  (NEWHP: 6)(384,233,1)
[16:39:46]ATTACK: yaogai attacked Gekkon  (NEWHP: 44)(143,159,1)
[16:39:46]ATTACK: Gekkon attacked yaogai  (NEWHP: 249)(144,160,1)
[16:39:48]ATTACK: yaogai attacked Gekkon  (NEWHP: 14)(143,159,1)
[16:41:32]ATTACK: giant rad scorpion (25) attacked Gekkon  (NEWHP: 60)(86,69,1)
[16:41:32]ATTACK: Gekkon attacked giant rad scorpion (25)  (NEWHP: 200)(85,69,1)
[16:41:35]ATTACK: giant rad scorpion (25) attacked Gekkon  (NEWHP: 44)(86,69,1)
[16:41:35]ATTACK: Gekkon attacked giant rad scorpion (25)  (NEWHP: 185)(85,69,1)
[16:41:37]ATTACK: giant rad scorpion (25) attacked Gekkon  (NEWHP: 28)(86,69,1)
[16:41:37]ATTACK: Gekkon attacked giant rad scorpion (25)  (NEWHP: 170)(85,69,1)
[16:41:39]ATTACK: giant rad scorpion (25) attacked Gekkon  (NEWHP: 8)(86,69,1)
[16:41:49]ATTACK: giant rad scorpion (807) attacked Gekkon  (NEWHP: 60)(102,53,1)
[16:41:49]ATTACK: Gekkon attacked giant rad scorpion (807)  (NEWHP: 162)(101,53,1)
[16:41:51]ATTACK: giant rad scorpion (807) attacked Gekkon  (NEWHP: 45)(102,53,1)
[16:41:51]ATTACK: Gekkon attacked giant rad scorpion (807)  (NEWHP: 148)(101,53,1)
[16:41:54]ATTACK: giant rad scorpion (807) attacked Gekkon  (NEWHP: 26)(102,53,1)
[16:41:54]ATTACK: Gekkon attacked giant rad scorpion (807)  (NEWHP: 138)(101,53,1)
[16:41:56]ATTACK: giant rad scorpion (807) attacked Gekkon  (NEWHP: 9)(102,53,1)
[16:42:21]ATTACK: yaogai attacked Gekkon  (NEWHP: 60)(142,158,1)
[16:42:21]ATTACK: Gekkon attacked yaogai  (NEWHP: 234)(143,159,1)
[16:42:23]ATTACK: yaogai attacked Gekkon  (NEWHP: 26)(142,158,1)
[16:42:55]ATTACK: Mutant attacked Gekkon  (NEWHP: 51)(99,137,1)
[16:42:55]ATTACK: Gekkon attacked Mutant  (NEWHP: 250)(99,136,1)
[16:42:57]ATTACK: Mutant attacked Gekkon  (NEWHP: 16)(99,137,1)
[16:45:35]ATTACK: rad scorpion (774) attacked Deathclaw  (NEWHP: 500)(237,241,1)
[16:45:36]ATTACK: Deathclaw attacked rad scorpion (774)  (NEWHP: 40)(237,240,1)
[16:45:40]ATTACK: rad scorpion (976) attacked Deathclaw  (NEWHP: 500)(237,241,1)
[16:45:40]ATTACK: Deathclaw attacked rad scorpion (976)  (NEWHP: 40)(238,241,1)
[16:46:01]ATTACK: giant rad scorpion (296) attacked Gekkon  (NEWHP: 60)(387,228,1)
[16:46:02]ATTACK: Gekkon attacked giant rad scorpion (296)  (NEWHP: 161)(388,228,1)
[16:46:04]ATTACK: giant rad scorpion (296) attacked Gekkon  (NEWHP: 44)(387,228,1)
[16:46:04]ATTACK: Gekkon attacked giant rad scorpion (296)  (NEWHP: 146)(388,228,1)
[16:46:06]ATTACK: giant rad scorpion (296) attacked Gekkon  (NEWHP: 28)(387,228,1)
[16:46:06]ATTACK: Gekkon attacked giant rad scorpion (296)  (NEWHP: 134)(388,228,1)
[16:46:08]ATTACK: giant rad scorpion (296) attacked Gekkon  (NEWHP: 13)(387,228,1)
[16:48:45]ATTACK: giant rad scorpion (296) attacked Gekkon  (NEWHP: 60)(387,227,1)
[16:48:45]ATTACK: Gekkon attacked giant rad scorpion (296)  (NEWHP: 124)(388,227,1)
[16:48:47]ATTACK: giant rad scorpion (296) attacked Gekkon  (NEWHP: 44)(387,227,1)
[16:48:47]ATTACK: Gekkon attacked giant rad scorpion (296)  (NEWHP: 110)(388,227,1)
[16:48:49]ATTACK: giant rad scorpion (296) attacked Gekkon  (NEWHP: 24)(387,227,1)
[16:48:49]ATTACK: Gekkon attacked giant rad scorpion (296)  (NEWHP: 97)(388,227,1)
[16:48:51]ATTACK: giant rad scorpion (296) attacked Gekkon  (NEWHP: 8)(387,227,1)


Starting up. 16:56.03
---------------------
[16:57:58]ATTACK: Deathclaw attacked Gunner  (NEWHP: 300)(11,134,1)
[16:57:58]ATTACK: Gunner shot Deathclaw with the bullet (NEWHP: 460)(10,136,1)
[16:57:58]ATTACK: Gunner shot Deathclaw with the bullet (NEWHP: 460)(390,395,1)
[16:57:58]ATTACK: Gunner shot Deathclaw with the bullet (NEWHP: 420)(10,136,1)
[16:57:58]ATTACK: Gunner shot Deathclaw with the bullet (NEWHP: 380)(10,136,1)
[16:57:58]ATTACK: Gunner shot Deathclaw with the bullet (NEWHP: 420)(390,396,1)
[16:58:00]ATTACK: Gunner attacked Deathclaw  (NEWHP: 380)(10,136,1)
[16:58:00]ATTACK: Deathclaw attacked Gunner  (NEWHP: 246)(10,135,1)
[16:58:00]ATTACK: Deathclaw attacked Gunner  (NEWHP: 200)(10,135,1)
[16:58:00]ATTACK: giant rad scorpion (483) attacked Default Cyborg-914  (NEWHP: 100)(40,159,1)
[16:58:00]ATTACK: Mutant attacked Molerat  (NEWHP: 50)(124,238,1)
[16:58:00]ATTACK: Molerat attacked Mutant  (NEWHP: 250)(123,236,1)
[16:58:00]ATTACK: Molerat attacked Mutant  (NEWHP: 250)(124,237,1)
[16:58:00]ATTACK: Mutant attacked Mutant  (NEWHP: 250)(149,241,1)
[16:58:00]ATTACK: Molerat attacked Mutant  (NEWHP: 250)(123,236,1)
[16:58:00]ATTACK: Molerat attacked Mutant  (NEWHP: 250)(123,236,1)
[16:58:00]ATTACK: Mutant attacked Molerat  (NEWHP: 50)(124,236,1)
[16:58:00]ATTACK: Molerat attacked Mutant  (NEWHP: 250)(124,237,1)
[16:58:00]ATTACK: Mutant attacked Mutant  (NEWHP: 250)(150,241,1)
[16:58:00]ATTACK: Mutant attacked Mutant  (NEWHP: 221)(149,241,1)
[16:58:00]ATTACK: Mutant attacked Mutant  (NEWHP: 186)(149,241,1)
[16:58:00]ATTACK: Deathclaw attacked Gunner  (NEWHP: 300)(392,397,1)
[16:58:00]ATTACK: Gunner attacked Deathclaw  (NEWHP: 420)(391,397,1)
[16:58:02]ATTACK: Deathclaw attacked Gunner  (NEWHP: 160)(15,131,1)
[16:58:02]ATTACK: Gunner attacked Deathclaw  (NEWHP: 500)(15,132,1)
[16:58:02]ATTACK: Deathclaw attacked Gunner  (NEWHP: 106)(15,131,1)
[16:58:02]ATTACK: giant rad scorpion (483) attacked Default Cyborg-914  (NEWHP: 81)(40,159,1)
[16:58:02]ATTACK: Mutant attacked Molerat  (NEWHP: 18)(124,238,1)
[16:58:02]ATTACK: Mutant attacked Mutant  (NEWHP: 157)(149,242,1)
[16:58:02]ATTACK: Molerat attacked Mutant  (NEWHP: 250)(123,236,1)
[16:58:02]ATTACK: Molerat attacked Mutant  (NEWHP: 250)(124,237,1)
[16:58:02]ATTACK: Mutant attacked Mutant  (NEWHP: 132)(149,242,1)
[16:58:02]ATTACK: Molerat attacked Mutant  (NEWHP: 250)(123,236,1)
[16:58:02]ATTACK: Mutant attacked Mutant  (NEWHP: 101)(149,242,1)
[16:58:02]ATTACK: Molerat attacked Mutant  (NEWHP: 250)(123,236,1)
[16:58:02]ATTACK: Mutant attacked Molerat  (NEWHP: 19)(124,236,1)
[16:58:02]ATTACK: Mutant attacked Mutant  (NEWHP: 250)(148,243,1)
[16:58:02]ATTACK: Mutant attacked Mutant  (NEWHP: 66)(149,242,1)
[16:58:02]ATTACK: Mutant attacked Mutant  (NEWHP: 33)(149,242,1)
[16:58:02]ATTACK: Cazador attacked Space Bat  (NEWHP: 15)(163,157,1)
[16:58:04]ATTACK: Deathclaw attacked Gunner  (NEWHP: 58)(17,126,1)
[16:58:04]ATTACK: Deathclaw attacked Gunner  (NEWHP: 16)(17,126,1)
[16:58:04]ATTACK: giant rad scorpion (483) attacked Default Cyborg-914  (NEWHP: 63)(40,159,1)
[16:58:04]ATTACK: Mutant attacked Mutant  (NEWHP: 3)(149,242,1)
[16:58:04]ATTACK: Molerat attacked Mutant  (NEWHP: 250)(123,236,1)
[16:58:04]ATTACK: Molerat attacked Mutant  (NEWHP: 250)(123,236,1)
[16:58:04]ATTACK: Molerat attacked Mutant  (NEWHP: 250)(123,236,1)
[16:58:04]ATTACK: Gunner shot Deathclaw with the bullet (NEWHP: 380)(392,394,1)
[16:58:05]ATTACK: Gunner shot Deathclaw with the bullet (NEWHP: 340)(392,394,1)
[16:58:05]ATTACK: Gunner shot Deathclaw with the bullet (NEWHP: 300)(393,394,1)
[16:58:06]ATTACK: giant rad scorpion (483) attacked Default Cyborg-914  (NEWHP: 43)(40,159,1)
[16:58:06]ATTACK: venus human trap attacked venus human trap  (NEWHP: 60)(294,225,1)
[16:58:06]ATTACK: venus human trap attacked venus human trap  (NEWHP: 75)(296,226,1)
[16:58:06]ATTACK: venus human trap attacked venus human trap  (NEWHP: 75)(295,225,1)
[16:58:06]ATTACK: venus human trap attacked venus human trap  (NEWHP: 50)(295,225,1)
[16:58:06]ATTACK: Molerat attacked Mutant  (NEWHP: 250)(123,236,1)
[16:58:06]ATTACK: Molerat attacked Mutant  (NEWHP: 250)(123,236,1)
[16:58:06]ATTACK: Molerat attacked Mutant  (NEWHP: 250)(123,236,1)
[16:58:06]ATTACK: Mutant attacked Molerat  (NEWHP: 50)(123,237,1)
[16:58:08]ATTACK: giant rad scorpion (483) attacked Default Cyborg-914  (NEWHP: 25)(40,159,1)
[16:58:08]ATTACK: venus human trap attacked venus human trap  (NEWHP: 35)(294,225,1)
[16:58:08]ATTACK: venus human trap attacked venus human trap  (NEWHP: 50)(296,226,1)
[16:58:08]ATTACK: venus human trap attacked venus human trap  (NEWHP: 25)(295,225,1)
[16:58:08]ATTACK: Mutant attacked Molerat  (NEWHP: 50)(122,236,1)
[16:58:08]ATTACK: Molerat attacked Mutant  (NEWHP: 250)(123,236,1)
[16:58:08]ATTACK: Molerat attacked Mutant  (NEWHP: 250)(123,236,1)
[16:58:08]ATTACK: Mutant attacked Molerat  (NEWHP: 17)(123,237,1)
[16:58:08]ATTACK: Deathclaw attacked Gunner  (NEWHP: 241)(394,394,1)
[16:58:08]ATTACK: Gunner attacked Deathclaw  (NEWHP: 300)(393,394,1)
[16:58:10]ATTACK: giant rad scorpion (483) attacked Default Cyborg-914  (NEWHP: 5)(40,159,1)
[16:58:10]ATTACK: venus human trap attacked venus human trap  (NEWHP: 5)(295,225,1)
[16:58:11]ATTACK: Mutant attacked Molerat  (NEWHP: 24)(122,236,1)
[16:58:11]ATTACK: Molerat attacked Mutant  (NEWHP: 250)(123,236,1)
[16:58:11]ATTACK: Gunner shot Deathclaw with the bullet (NEWHP: 260)(391,398,1)
[16:58:11]ATTACK: Gunner shot Deathclaw with the bullet (NEWHP: 220)(390,398,1)
[16:58:11]ATTACK: Gunner shot Deathclaw with the bullet (NEWHP: 180)(390,398,1)
[16:58:13]ATTACK: giant rad scorpion (483) attacked Default Cyborg-914  (NEWHP: -12)(40,159,1)
[16:58:13]ATTACK: Molerat attacked Mutant  (NEWHP: 250)(123,236,1)
[16:58:13]ATTACK: Mutant attacked Molerat  (NEWHP: 50)(122,237,1)
[16:58:15]ATTACK: giant rad scorpion (483) attacked Default Cyborg-914  (NEWHP: -31)(40,159,1)
[16:58:15]ATTACK: Molerat attacked Mutant  (NEWHP: 250)(123,236,1)
[16:58:15]ATTACK: Mutant attacked Molerat  (NEWHP: 22)(122,237,1)
[16:58:17]ATTACK: giant rad scorpion (483) attacked Default Cyborg-914  (NEWHP: -47)(40,159,1)
[16:58:17]ATTACK: Gunner shot Deathclaw with the bullet (NEWHP: 140)(389,396,1)
[16:58:18]ATTACK: Gunner shot Deathclaw with the bullet (NEWHP: 100)(389,395,1)
[16:58:18]ATTACK: Gunner shot Deathclaw with the bullet (NEWHP: 60)(389,394,1)
[16:58:19]ATTACK: giant rad scorpion (483) attacked Default Cyborg-914  (NEWHP: -66)(40,159,1)
[16:58:19]ATTACK: Deathclaw attacked Gunner  (NEWHP: 181)(394,394,1)
[16:58:19]ATTACK: Gunner attacked Deathclaw  (NEWHP: 60)(393,393,1)
[16:58:21]ATTACK: giant rad scorpion (483) attacked Default Cyborg-914  (NEWHP: -86)(40,159,1)
[16:58:24]ATTACK: Gunner shot Deathclaw with the bullet (NEWHP: 20)(390,393,1)
[16:58:24]ATTACK: Gunner shot Deathclaw with the bullet (NEWHP: 0)(392,393,1)
[16:58:24]ATTACK: Gunner shot Deathclaw with the bullet (NEWHP: 0)(392,393,1)
[16:58:34]ATTACK: Molerat attacked Gekkon  (NEWHP: 60)(123,151,1)
[16:58:34]ATTACK: Gekkon attacked Molerat  (NEWHP: 50)(122,151,1)
[16:58:36]ATTACK: Molerat attacked Gekkon  (NEWHP: 52)(123,151,1)
[16:58:36]ATTACK: Gekkon attacked Molerat  (NEWHP: 35)(122,152,1)
[16:58:36]ATTACK: Gekkon attacked Molerat  (NEWHP: 24)(122,152,1)
[16:58:36]ATTACK: Gekkon attacked Molerat  (NEWHP: 12)(122,152,1)
[16:58:38]ATTACK: Molerat attacked Gekkon  (NEWHP: 44)(124,152,1)
[16:58:38]ATTACK: Gekkon attacked Molerat  (NEWHP: 1)(123,153,1)
[16:58:40]ATTACK: Molerat attacked Gekkon  (NEWHP: 60)(124,153,1)
[16:58:40]ATTACK: Gekkon attacked Molerat  (NEWHP: 50)(123,153,1)
[16:58:40]ATTACK: Gekkon attacked Molerat  (NEWHP: 39)(123,153,1)
[16:58:42]ATTACK: Molerat attacked Gekkon  (NEWHP: 52)(125,153,1)
[16:58:42]ATTACK: Gekkon attacked Molerat  (NEWHP: 28)(124,152,1)
[16:58:42]ATTACK: Gekkon attacked Molerat  (NEWHP: 13)(124,152,1)
[16:58:42]ATTACK: Gekkon attacked Molerat  (NEWHP: 1)(124,152,1)
[16:59:06]ATTACK: Molerat attacked Gekkon  (NEWHP: 60)(113,142,1)
[16:59:06]ATTACK: Gekkon attacked Molerat  (NEWHP: 50)(113,141,1)
[16:59:08]ATTACK: Molerat attacked Gekkon  (NEWHP: 53)(113,141,1)
[16:59:08]ATTACK: Molerat attacked Gekkon  (NEWHP: 47)(113,141,1)
[16:59:08]ATTACK: Molerat attacked Gekkon  (NEWHP: 40)(113,141,1)
[16:59:08]ATTACK: Molerat attacked Gekkon  (NEWHP: 32)(113,141,1)
[16:59:08]ATTACK: Molerat attacked Gekkon  (NEWHP: 22)(113,141,1)
[16:59:08]ATTACK: Gekkon attacked Molerat  (NEWHP: 37)(113,140,1)
[16:59:10]ATTACK: Molerat attacked Gekkon  (NEWHP: 12)(113,141,1)
[16:59:10]ATTACK: Molerat attacked Gekkon  (NEWHP: 7)(113,141,1)
[16:59:16]ATTACK: Molerat attacked Gekkon  (NEWHP: 45)(114,143,1)
[16:59:16]ATTACK: Gekkon attacked Molerat  (NEWHP: 50)(115,142,1)
[16:59:18]ATTACK: Molerat attacked Gekkon  (NEWHP: 40)(114,143,1)
[16:59:18]ATTACK: Molerat attacked Gekkon  (NEWHP: 31)(114,143,1)
[16:59:18]ATTACK: Molerat attacked Gekkon  (NEWHP: 26)(114,143,1)
[16:59:18]ATTACK: Molerat attacked Gekkon  (NEWHP: 20)(114,143,1)
[16:59:18]ATTACK: venus human trap attacked venus human trap  (NEWHP: 60)(281,227,1)
[16:59:18]ATTACK: Gekkon attacked Molerat  (NEWHP: 37)(115,142,1)
[16:59:20]ATTACK: Molerat attacked Gekkon  (NEWHP: 10)(114,143,1)
[16:59:20]ATTACK: Molerat attacked Gekkon  (NEWHP: 4)(114,143,1)
[16:59:23]ATTACK: venus human trap attacked venus human trap  (NEWHP: 35)(282,227,1)
[16:59:25]ATTACK: venus human trap attacked venus human trap  (NEWHP: 10)(282,226,1)
[16:59:31]ATTACK: Molerat attacked Gekkon  (NEWHP: 60)(114,143,1)
[16:59:31]ATTACK: Gekkon attacked Molerat  (NEWHP: 23)(113,142,1)
[16:59:34]ATTACK: Molerat attacked Gekkon  (NEWHP: 53)(114,142,1)
[16:59:34]ATTACK: Molerat attacked Gekkon  (NEWHP: 46)(114,142,1)
[16:59:34]ATTACK: Molerat attacked Gekkon  (NEWHP: 37)(114,142,1)
[16:59:34]ATTACK: Molerat attacked Gekkon  (NEWHP: 32)(114,142,1)
[16:59:34]ATTACK: Molerat attacked Gekkon  (NEWHP: 22)(114,142,1)
[16:59:34]ATTACK: Gekkon attacked Molerat  (NEWHP: 50)(114,143,1)
[16:59:36]ATTACK: Molerat attacked Gekkon  (NEWHP: 15)(114,142,1)
[16:59:36]ATTACK: Molerat attacked Gekkon  (NEWHP: 5)(114,142,1)
[16:59:53]ATTACK: Molerat attacked Gekkon  (NEWHP: 60)(121,150,1)
[16:59:53]ATTACK: Gekkon attacked Molerat  (NEWHP: 22)(120,150,1)
[16:59:53]ATTACK: Gekkon attacked Molerat  (NEWHP: 9)(120,150,1)
[16:59:55]ATTACK: Molerat attacked Gekkon  (NEWHP: 60)(121,149,1)
[16:59:55]ATTACK: Molerat attacked Gekkon  (NEWHP: 52)(121,149,1)
[16:59:55]ATTACK: Molerat attacked Gekkon  (NEWHP: 44)(121,149,1)
[16:59:55]ATTACK: Gekkon attacked Molerat  (NEWHP: 11)(121,148,1)
[16:59:57]ATTACK: Molerat attacked Gekkon  (NEWHP: 54)(121,150,1)
[16:59:57]ATTACK: Molerat attacked Gekkon  (NEWHP: 37)(121,148,1)
[16:59:57]ATTACK: Molerat attacked Gekkon  (NEWHP: 30)(121,148,1)
[16:59:57]ATTACK: Molerat attacked Gekkon  (NEWHP: 22)(121,148,1)
[16:59:57]ATTACK: Gekkon attacked Molerat  (NEWHP: 50)(120,151,1)
[16:59:57]ATTACK: Gekkon attacked Molerat  (NEWHP: 35)(121,149,1)
[16:59:57]ATTACK: Gekkon attacked Molerat  (NEWHP: 36)(120,151,1)
[17:01:19]ATTACK: Molerat attacked Gekkon  (NEWHP: 46)(121,152,1)
[17:01:19]ATTACK: Molerat attacked Gekkon  (NEWHP: 12)(121,148,1)
[17:01:19]ATTACK: Molerat attacked Gekkon  (NEWHP: 7)(121,148,1)
[17:01:19]ATTACK: Gekkon attacked Molerat  (NEWHP: 21)(120,151,1)
[17:01:19]ATTACK: Gekkon attacked Molerat  (NEWHP: 21)(121,149,1)
[17:01:19]ATTACK: Gekkon attacked Molerat  (NEWHP: 7)(120,151,1)
[17:01:21]ATTACK: Gekkon attacked Molerat  (NEWHP: 50)(120,148,1)
[17:01:21]ATTACK: Gekkon attacked Molerat  (NEWHP: 8)(121,149,1)
[17:01:21]ATTACK: Gekkon attacked Molerat  (NEWHP: 38)(120,148,1)
[17:01:23]ATTACK: Molerat attacked Gekkon  (NEWHP: 60)(120,149,1)
[17:01:23]ATTACK: Gekkon attacked Molerat  (NEWHP: 50)(120,148,1)
[17:01:25]ATTACK: Molerat attacked Gekkon  (NEWHP: 53)(120,149,1)
[17:01:26]ATTACK: Molerat attacked Gekkon  (NEWHP: 43)(120,149,1)
[17:01:26]ATTACK: Gekkon attacked Molerat  (NEWHP: 27)(120,150,1)
[17:01:26]ATTACK: Gekkon attacked Molerat  (NEWHP: 39)(120,148,1)
[17:01:26]ATTACK: Gekkon attacked Molerat  (NEWHP: 14)(120,150,1)
[17:01:26]ATTACK: Gekkon attacked Molerat  (NEWHP: 24)(120,148,1)
[17:01:26]ATTACK: Gekkon attacked Molerat  (NEWHP: 10)(120,148,1)
[17:01:30]ATTACK: Molerat attacked Merideth Yeskey(jackerzz)  (NEWHP: 100)(116,125,1)
[17:01:30]ATTACK: Molerat attacked Merideth Yeskey(jackerzz)  (NEWHP: 95)(116,125,1)
[17:01:32]ATTACK: Molerat attacked Merideth Yeskey(jackerzz)  (NEWHP: 85)(116,125,1)
[17:01:32]ATTACK: Molerat attacked Merideth Yeskey(jackerzz)  (NEWHP: 78)(116,125,1)
[17:01:34]ATTACK: Molerat attacked Merideth Yeskey(jackerzz)  (NEWHP: 72)(116,125,1)
[17:01:34]ATTACK: Molerat attacked Merideth Yeskey(jackerzz)  (NEWHP: 62)(116,125,1)
[17:01:34]ATTACK: Molerat attacked Gekkon  (NEWHP: 60)(110,155,1)
[17:01:34]ATTACK: venus human trap attacked venus human trap  (NEWHP: 60)(265,223,1)
[17:01:34]ATTACK: Gekkon attacked Molerat  (NEWHP: 50)(109,156,1)
[17:01:36]ATTACK: Molerat attacked Merideth Yeskey(jackerzz)  (NEWHP: 56)(116,125,1)
[17:01:36]ATTACK: Molerat attacked Merideth Yeskey(jackerzz)  (NEWHP: 50)(116,125,1)
[17:01:36]ATTACK: Molerat attacked Gekkon  (NEWHP: 51)(110,155,1)
[17:01:36]ATTACK: venus human trap attacked venus human trap  (NEWHP: 35)(265,223,1)
[17:01:37]ATTACK: Gekkon attacked Molerat  (NEWHP: 40)(109,156,1)
[17:01:39]ATTACK: Molerat attacked Merideth Yeskey(jackerzz)  (NEWHP: 43)(116,125,1)
[17:01:39]ATTACK: Molerat attacked Merideth Yeskey(jackerzz)  (NEWHP: 36)(116,125,1)
[17:01:39]ATTACK: Molerat attacked Gekkon  (NEWHP: 42)(110,155,1)
[17:01:39]ATTACK: venus human trap attacked venus human trap  (NEWHP: 10)(265,223,1)
[17:01:39]ATTACK: Gekkon attacked Molerat  (NEWHP: 30)(109,156,1)
[17:01:41]ATTACK: Molerat attacked Merideth Yeskey(jackerzz)  (NEWHP: 30)(116,125,1)
[17:01:41]ATTACK: Molerat attacked Merideth Yeskey(jackerzz)  (NEWHP: 23)(116,125,1)
[17:01:41]ATTACK: Molerat attacked Gekkon  (NEWHP: 37)(110,155,1)
[17:01:41]ATTACK: Gekkon attacked Molerat  (NEWHP: 16)(109,156,1)
[17:03:00]ATTACK: Molerat attacked Merideth Yeskey(jackerzz)  (NEWHP: 16)(117,125,1)
[17:03:00]ATTACK: Molerat attacked Merideth Yeskey(jackerzz)  (NEWHP: 10)(117,125,1)
[17:03:00]ATTACK: Molerat attacked Gekkon  (NEWHP: 28)(110,155,1)
[17:03:00]ATTACK: Gekkon attacked Molerat  (NEWHP: 6)(109,156,1)
[17:03:02]ATTACK: Molerat attacked Merideth Yeskey(jackerzz)  (NEWHP: 1)(115,125,1)
[17:03:02]ATTACK: Molerat attacked Merideth Yeskey(jackerzz)  (NEWHP: -9)(115,125,1)


Starting up. 17:12.12
---------------------
[17:14:30]ATTACK: Deathclaw attacked Gunner  (NEWHP: 300)(11,134,1)
[17:14:30]ATTACK: venus human trap attacked venus human trap  (NEWHP: 75)(296,226,1)
[17:14:30]ATTACK: Molerat attacked Mutant  (NEWHP: 250)(126,234,1)
[17:14:30]ATTACK: Gunner shot Deathclaw with the bullet (NEWHP: 460)(10,136,1)
[17:14:30]ATTACK: Gunner shot Deathclaw with the bullet (NEWHP: 460)(390,395,1)
[17:14:30]ATTACK: Gunner shot Deathclaw with the bullet (NEWHP: 420)(10,136,1)
[17:14:30]ATTACK: Gunner shot Deathclaw with the bullet (NEWHP: 380)(10,136,1)
[17:14:30]ATTACK: Gunner shot Deathclaw with the bullet (NEWHP: 420)(390,396,1)
[17:14:32]ATTACK: Gunner attacked Deathclaw  (NEWHP: 380)(10,136,1)
[17:14:32]ATTACK: Deathclaw attacked Gunner  (NEWHP: 252)(10,135,1)
[17:14:32]ATTACK: Deathclaw attacked Gunner  (NEWHP: 195)(10,135,1)
[17:14:32]ATTACK: giant rad scorpion (488) attacked Default Cyborg-482  (NEWHP: 100)(40,159,1)
[17:14:32]ATTACK: venus human trap attacked venus human trap  (NEWHP: 45)(295,226,1)
[17:14:32]ATTACK: Mutant attacked Molerat  (NEWHP: 50)(125,237,1)
[17:14:32]ATTACK: Molerat attacked Mutant  (NEWHP: 250)(124,236,1)
[17:14:32]ATTACK: Molerat attacked Mutant  (NEWHP: 250)(124,238,1)
[17:14:32]ATTACK: Mutant attacked Mutant  (NEWHP: 250)(149,241,1)
[17:14:32]ATTACK: Mutant attacked Mutant  (NEWHP: 250)(150,241,1)
[17:14:32]ATTACK: Mutant attacked Mutant  (NEWHP: 216)(149,241,1)
[17:14:32]ATTACK: Mutant attacked Mutant  (NEWHP: 181)(149,241,1)
[17:14:32]ATTACK: Deathclaw attacked Gunner  (NEWHP: 300)(392,397,1)
[17:14:32]ATTACK: Gunner attacked Deathclaw  (NEWHP: 420)(391,397,1)
[17:14:34]ATTACK: Deathclaw attacked Gunner  (NEWHP: 146)(15,131,1)
[17:14:34]ATTACK: Deathclaw attacked Gunner  (NEWHP: 102)(15,131,1)
[17:14:34]ATTACK: giant rad scorpion (488) attacked Default Cyborg-482  (NEWHP: 82)(40,159,1)
[17:14:34]ATTACK: venus human trap attacked venus human trap  (NEWHP: 20)(296,226,1)
[17:14:34]ATTACK: Mutant attacked Molerat  (NEWHP: 18)(121,238,1)
[17:14:34]ATTACK: Mutant attacked Mutant  (NEWHP: 156)(149,242,1)
[17:14:34]ATTACK: Molerat attacked Mutant  (NEWHP: 250)(122,238,1)
[17:14:34]ATTACK: Mutant attacked Mutant  (NEWHP: 125)(149,242,1)
[17:14:34]ATTACK: Molerat attacked Mutant  (NEWHP: 250)(122,238,1)
[17:14:34]ATTACK: Mutant attacked Mutant  (NEWHP: 90)(149,242,1)
[17:14:34]ATTACK: Mutant attacked Molerat  (NEWHP: 50)(123,239,1)
[17:14:34]ATTACK: Molerat attacked Mutant  (NEWHP: 250)(122,239,1)
[17:14:34]ATTACK: Mutant attacked Mutant  (NEWHP: 250)(148,241,1)
[17:14:34]ATTACK: Mutant attacked Mutant  (NEWHP: 57)(149,242,1)
[17:14:34]ATTACK: Mutant attacked Mutant  (NEWHP: 31)(149,242,1)
[17:14:34]ATTACK: Deathclaw attacked Gunner  (NEWHP: 256)(394,397,1)
[17:14:34]ATTACK: Gunner attacked Deathclaw  (NEWHP: 420)(393,397,1)
[17:14:34]ATTACK: Cazador attacked Space Bat  (NEWHP: 15)(164,158,1)
[17:14:36]ATTACK: Deathclaw attacked Gunner  (NEWHP: 59)(19,126,1)
[17:14:36]ATTACK: Deathclaw attacked Gunner  (NEWHP: 12)(19,126,1)
[17:14:36]ATTACK: giant rad scorpion (488) attacked Default Cyborg-482  (NEWHP: 67)(40,159,1)
[17:14:36]ATTACK: Mutant attacked Mutant  (NEWHP: 2)(149,242,1)
[17:14:36]ATTACK: Molerat attacked Mutant  (NEWHP: 250)(122,238,1)
[17:14:36]ATTACK: Molerat attacked Mutant  (NEWHP: 250)(122,238,1)
[17:14:36]ATTACK: Molerat attacked Mutant  (NEWHP: 250)(122,239,1)
[17:14:36]ATTACK: Mutant attacked Molerat  (NEWHP: 22)(123,239,1)
[17:14:36]ATTACK: Gunner shot Deathclaw with the bullet (NEWHP: 380)(392,394,1)
[17:14:37]ATTACK: Gunner shot Deathclaw with the bullet (NEWHP: 340)(391,394,1)
[17:14:37]ATTACK: Gunner shot Deathclaw with the bullet (NEWHP: 300)(390,394,1)
[17:14:38]ATTACK: giant rad scorpion (488) attacked Default Cyborg-482  (NEWHP: 48)(40,159,1)
[17:14:38]ATTACK: Molerat attacked Mutant  (NEWHP: 250)(122,238,1)
[17:14:38]ATTACK: Molerat attacked Mutant  (NEWHP: 250)(122,238,1)
[17:14:38]ATTACK: Molerat attacked Mutant  (NEWHP: 250)(122,239,1)
[17:14:41]ATTACK: giant rad scorpion (488) attacked Default Cyborg-482  (NEWHP: 30)(40,159,1)
[17:14:41]ATTACK: venus human trap attacked venus human trap  (NEWHP: 70)(295,226,1)
[17:14:41]ATTACK: Mutant attacked Molerat  (NEWHP: 50)(121,238,1)
[17:14:41]ATTACK: Molerat attacked Mutant  (NEWHP: 250)(122,238,1)
[17:14:41]ATTACK: Molerat attacked Mutant  (NEWHP: 250)(122,238,1)
[17:14:41]ATTACK: Molerat attacked Mutant  (NEWHP: 250)(122,239,1)
[17:14:41]ATTACK: Mutant attacked Molerat  (NEWHP: 17)(121,238,1)
[17:14:43]ATTACK: giant rad scorpion (488) attacked Default Cyborg-482  (NEWHP: 10)(40,159,1)
[17:14:43]ATTACK: venus human trap attacked venus human trap  (NEWHP: 65)(294,226,1)
[17:14:43]ATTACK: venus human trap attacked venus human trap  (NEWHP: 45)(295,225,1)
[17:14:43]ATTACK: Molerat attacked Mutant  (NEWHP: 250)(122,238,1)
[17:14:43]ATTACK: Molerat attacked Mutant  (NEWHP: 250)(122,238,1)
[17:14:43]ATTACK: Deathclaw attacked Gunner  (NEWHP: 200)(392,393,1)
[17:14:43]ATTACK: Gunner attacked Deathclaw  (NEWHP: 300)(393,394,1)
[17:14:45]ATTACK: giant rad scorpion (488) attacked Default Cyborg-482  (NEWHP: -6)(40,159,1)
[17:14:45]ATTACK: venus human trap attacked venus human trap  (NEWHP: 40)(294,226,1)
[17:14:45]ATTACK: venus human trap attacked venus human trap  (NEWHP: 20)(295,225,1)
[17:14:45]ATTACK: Mutant attacked Molerat  (NEWHP: 50)(123,237,1)
[17:14:45]ATTACK: Molerat attacked Mutant  (NEWHP: 250)(123,238,1)
[17:14:45]ATTACK: Molerat attacked Mutant  (NEWHP: 250)(123,238,1)
[17:14:45]ATTACK: Mutant attacked Molerat  (NEWHP: 50)(122,238,1)
[17:14:45]ATTACK: Gunner shot Deathclaw with the bullet (NEWHP: 260)(389,397,1)
[17:14:45]ATTACK: Gunner shot Deathclaw with the bullet (NEWHP: 220)(389,397,1)
[17:14:46]ATTACK: Gunner shot Deathclaw with the bullet (NEWHP: 180)(390,398,1)
[17:14:47]ATTACK: giant rad scorpion (488) attacked Default Cyborg-482  (NEWHP: -24)(40,159,1)
[17:14:47]ATTACK: Mutant attacked Molerat  (NEWHP: 23)(123,237,1)
[17:14:47]ATTACK: Molerat attacked Mutant  (NEWHP: 250)(123,238,1)
[17:14:47]ATTACK: Mutant attacked Molerat  (NEWHP: 18)(122,238,1)
[17:14:49]ATTACK: giant rad scorpion (488) attacked Default Cyborg-482  (NEWHP: -44)(40,159,1)
[17:14:51]ATTACK: giant rad scorpion (488) attacked Default Cyborg-482  (NEWHP: -60)(40,159,1)
[17:14:51]ATTACK: Gunner shot Deathclaw with the bullet (NEWHP: 140)(393,398,1)
[17:14:52]ATTACK: Gunner shot Deathclaw with the bullet (NEWHP: 100)(393,398,1)
[17:14:52]ATTACK: Gunner shot Deathclaw with the bullet (NEWHP: 60)(394,397,1)
[17:14:53]ATTACK: Molerat attacked Gekkon  (NEWHP: 60)(129,153,1)
[17:14:53]ATTACK: giant rad scorpion (488) attacked Default Cyborg-482  (NEWHP: -75)(40,159,1)
[17:14:53]ATTACK: Gekkon attacked Molerat  (NEWHP: 50)(128,153,1)
[17:14:53]ATTACK: Gekkon attacked Molerat  (NEWHP: 36)(128,153,1)
[17:14:53]ATTACK: Gekkon attacked Molerat  (NEWHP: 22)(128,153,1)
[17:14:53]ATTACK: Gekkon attacked Molerat  (NEWHP: 8)(128,153,1)
[17:14:56]ATTACK: giant rad scorpion (488) attacked Default Cyborg-482  (NEWHP: -91)(40,159,1)
[17:14:58]ATTACK: Deathclaw attacked Gunner  (NEWHP: 146)(392,393,1)
[17:14:58]ATTACK: Gunner attacked Deathclaw  (NEWHP: 60)(393,394,1)
[17:15:00]ATTACK: Gunner shot Deathclaw with the bullet (NEWHP: 20)(389,396,1)
[17:15:00]ATTACK: Gunner shot Deathclaw with the bullet (NEWHP: 0)(389,397,1)
[17:15:01]ATTACK: Gunner shot Deathclaw with the bullet (NEWHP: 0)(389,397,1)
[17:15:30]ATTACK: Molerat attacked Gekkon  (NEWHP: 60)(121,150,1)
[17:15:30]ATTACK: Gekkon attacked Molerat  (NEWHP: 50)(120,150,1)
[17:15:32]ATTACK: Molerat attacked Gekkon  (NEWHP: 54)(121,150,1)
[17:15:32]ATTACK: giant rad scorpion (47) attacked mouse  (NEWHP: 5)(242,249,1)
[17:15:32]ATTACK: Gekkon attacked Molerat  (NEWHP: 39)(120,150,1)
[17:15:32]ATTACK: Gekkon attacked Molerat  (NEWHP: 24)(120,150,1)
[17:15:32]ATTACK: Gekkon attacked Molerat  (NEWHP: 12)(120,150,1)
[17:15:32]ATTACK: Gekkon attacked Molerat  (NEWHP: 2)(120,150,1)
[17:15:39]ATTACK: giant rad scorpion (47) attacked mouse  (NEWHP: 5)(244,251,1)
[17:15:43]ATTACK: Molerat attacked Gekkon  (NEWHP: 60)(116,145,1)
[17:15:43]ATTACK: Molerat attacked Gekkon  (NEWHP: 54)(116,145,1)
[17:15:43]ATTACK: Gekkon attacked Molerat  (NEWHP: 50)(115,146,1)
[17:15:43]ATTACK: Gekkon attacked Molerat  (NEWHP: 36)(115,146,1)
[17:15:43]ATTACK: Gekkon attacked Molerat  (NEWHP: 50)(116,146,1)
[17:15:45]ATTACK: Molerat attacked Gekkon  (NEWHP: 47)(116,145,1)
[17:15:45]ATTACK: Molerat attacked Gekkon  (NEWHP: 37)(116,145,1)
[17:15:45]ATTACK: Molerat attacked Gekkon  (NEWHP: 31)(116,145,1)
[17:15:45]ATTACK: Gekkon attacked Molerat  (NEWHP: 50)(116,144,1)
[17:15:45]ATTACK: Gekkon attacked Molerat  (NEWHP: 21)(115,146,1)
[17:15:45]ATTACK: Gekkon attacked Molerat  (NEWHP: 40)(117,146,1)
[17:15:45]ATTACK: Gekkon attacked Molerat  (NEWHP: 11)(115,146,1)
[17:15:45]ATTACK: Gekkon attacked Molerat  (NEWHP: 27)(117,146,1)
[17:15:47]ATTACK: Molerat attacked Gekkon  (NEWHP: 21)(116,145,1)
[17:15:47]ATTACK: Molerat attacked Gekkon  (NEWHP: 60)(116,146,1)
[17:15:47]ATTACK: Gekkon attacked Molerat  (NEWHP: 38)(116,144,1)
[17:15:47]ATTACK: Gekkon attacked Molerat  (NEWHP: 15)(117,146,1)
[17:15:47]ATTACK: Gekkon attacked Molerat  (NEWHP: 2)(117,146,1)
[17:15:49]ATTACK: Molerat attacked Gekkon  (NEWHP: 12)(116,145,1)
[17:15:49]ATTACK: giant rad scorpion (47) attacked mouse  (NEWHP: 5)(252,250,1)
[17:15:50]ATTACK: Gekkon attacked Molerat  (NEWHP: 27)(116,144,1)
[17:15:50]ATTACK: Gekkon attacked Molerat  (NEWHP: 15)(116,144,1)
[17:15:52]ATTACK: Molerat attacked Gekkon  (NEWHP: 60)(117,144,1)
[17:15:52]ATTACK: Gekkon attacked Molerat  (NEWHP: 5)(116,144,1)
[17:15:58]ATTACK: giant rad scorpion (47) attacked mouse  (NEWHP: 5)(246,247,1)
[17:16:05]ATTACK: Molerat attacked Gekkon  (NEWHP: 51)(116,145,1)
[17:16:05]ATTACK: Gekkon attacked Molerat  (NEWHP: 50)(117,145,1)
[17:16:05]ATTACK: Gekkon attacked Molerat  (NEWHP: 39)(117,145,1)
[17:16:05]ATTACK: Gekkon attacked Molerat  (NEWHP: 27)(117,145,1)
[17:16:05]ATTACK: Gekkon attacked Molerat  (NEWHP: 15)(117,145,1)
[17:16:05]ATTACK: Gekkon attacked Molerat  (NEWHP: 1)(117,145,1)
[17:16:23]ATTACK: Molerat attacked Gekkon  (NEWHP: 52)(116,137,1)
[17:16:23]ATTACK: Gekkon attacked Molerat  (NEWHP: 50)(117,136,1)
[17:16:25]ATTACK: Molerat attacked Gekkon  (NEWHP: 47)(116,137,1)
[17:16:25]ATTACK: Gekkon attacked Molerat  (NEWHP: 35)(117,136,1)
[17:16:25]ATTACK: Gekkon attacked Molerat  (NEWHP: 22)(117,136,1)
[17:16:27]ATTACK: Molerat attacked Gekkon  (NEWHP: 41)(116,137,1)
[17:16:27]ATTACK: Gekkon attacked Molerat  (NEWHP: 8)(117,136,1)
[17:16:33]ATTACK: Molerat attacked Gekkon  (NEWHP: 49)(119,147,1)
[17:16:33]ATTACK: Gekkon attacked Molerat  (NEWHP: 50)(119,147,1)
[17:16:35]ATTACK: Molerat attacked Gekkon  (NEWHP: 40)(118,147,1)
[17:16:35]ATTACK: Gekkon attacked Molerat  (NEWHP: 40)(119,147,1)
[17:16:35]ATTACK: Gekkon attacked Molerat  (NEWHP: 28)(119,147,1)
[17:16:35]ATTACK: Gekkon attacked Molerat  (NEWHP: 14)(119,147,1)
[17:17:08]ATTACK: Molerat attacked Gekkon  (NEWHP: 45)(116,125,1)
[17:17:08]ATTACK: Gekkon attacked Molerat  (NEWHP: 50)(115,124,1)
[17:17:10]ATTACK: Molerat attacked Gekkon  (NEWHP: 36)(115,125,1)
[17:17:10]ATTACK: Molerat attacked Gekkon  (NEWHP: 31)(115,125,1)
[17:17:10]ATTACK: Molerat attacked Gekkon  (NEWHP: 26)(115,125,1)
[17:17:10]ATTACK: Gekkon attacked Molerat  (NEWHP: 50)(115,124,1)
[17:17:12]ATTACK: Molerat attacked Gekkon  (NEWHP: 19)(115,125,1)
[17:17:12]ATTACK: Molerat attacked Gekkon  (NEWHP: 14)(115,125,1)
[17:17:12]ATTACK: Molerat attacked Gekkon  (NEWHP: 6)(115,125,1)
[17:17:12]ATTACK: venus human trap attacked venus human trap  (NEWHP: 70)(168,164,1)
[17:17:16]ATTACK: venus human trap attacked venus human trap  (NEWHP: 35)(168,163,1)
[17:17:42]ATTACK: Deathclaw attacked Gunner  (NEWHP: 96)(389,397,1)
[17:17:42]ATTACK: Gunner attacked Deathclaw  (NEWHP: 500)(388,396,1)
[17:17:44]ATTACK: Deathclaw attacked Gunner  (NEWHP: 47)(394,395,1)
[17:18:28]ATTACK: Molerat attacked Gekkon  (NEWHP: 55)(108,140,1)
[17:18:28]ATTACK: Gekkon attacked Molerat  (NEWHP: 50)(107,140,1)
[17:18:30]ATTACK: Molerat attacked Gekkon  (NEWHP: 50)(108,140,1)
[17:18:30]ATTACK: Gekkon attacked Molerat  (NEWHP: 38)(107,140,1)
[17:18:30]ATTACK: Gekkon attacked Molerat  (NEWHP: 23)(107,140,1)
[17:18:30]ATTACK: Gekkon attacked Molerat  (NEWHP: 12)(107,140,1)
[17:18:36]ATTACK: giant rad scorpion (677) attacked brahmin  (NEWHP: 20)(225,145,1)
[17:18:38]ATTACK: giant rad scorpion (677) attacked brahmin  (NEWHP: 5)(225,145,1)
[17:20:14]ATTACK: Molerat attacked Gekkon  (NEWHP: 45)(115,138,1)
[17:20:14]ATTACK: Gekkon attacked Molerat  (NEWHP: 50)(116,138,1)
[17:20:15]ATTACK: Molerat attacked Gekkon  (NEWHP: 38)(115,138,1)
[17:20:15]ATTACK: Mutant attacked Gekkon  (NEWHP: 60)(99,137,1)
[17:20:15]ATTACK: Gekkon attacked Molerat  (NEWHP: 39)(116,138,1)
[17:20:15]ATTACK: Gekkon attacked Molerat  (NEWHP: 24)(116,138,1)
[17:20:15]ATTACK: Gekkon attacked Mutant  (NEWHP: 250)(99,136,1)
[17:20:18]ATTACK: Molerat attacked Gekkon  (NEWHP: 29)(115,138,1)
[17:20:18]ATTACK: Mutant attacked Gekkon  (NEWHP: 33)(99,137,1)
[17:20:18]ATTACK: Gekkon attacked Molerat  (NEWHP: 9)(116,138,1)
[17:20:18]ATTACK: Gekkon attacked Mutant  (NEWHP: 250)(99,136,1)
[17:20:20]ATTACK: Mutant attacked Gekkon  (NEWHP: 2)(99,137,1)
[17:21:23]ATTACK: rad scorpion (881) attacked mouse  (NEWHP: 5)(241,243,1)
