

Starting up. 16:06.48
---------------------
[16:14:44]ATTACK: Gunner attacked Deathclaw  (NEWHP: 500)(12,134,1)
[16:14:44]ATTACK: Deathclaw attacked Gunner  (NEWHP: 300)(11,134,1)
[16:14:44]ATTACK: venus human trap attacked venus human trap  (NEWHP: 75)(296,226,1)
[16:14:44]ATTACK: venus human trap attacked venus human trap  (NEWHP: 75)(295,225,1)
[16:14:45]ATTACK: Gunner shot Deathclaw with the bullet (NEWHP: 460)(390,395,1)
[16:14:45]ATTACK: Gunner shot Deathclaw with the bullet (NEWHP: 420)(390,396,1)
[16:14:47]ATTACK: Gunner attacked Deathclaw  (NEWHP: 500)(15,135,1)
[16:14:47]ATTACK: Deathclaw attacked Gunner  (NEWHP: 260)(16,135,1)
[16:14:47]ATTACK: Deathclaw attacked Gunner  (NEWHP: 212)(16,135,1)
[16:14:47]ATTACK: giant rad scorpion (6) attacked Default Cyborg-50  (NEWHP: 100)(40,159,1)
[16:14:47]ATTACK: venus human trap attacked venus human trap  (NEWHP: 50)(295,226,1)
[16:14:47]ATTACK: venus human trap attacked venus human trap  (NEWHP: 50)(295,225,1)
[16:14:47]ATTACK: Mutant attacked Molerat  (NEWHP: 50)(123,239,1)
[16:14:47]ATTACK: Molerat attacked Mutant  (NEWHP: 250)(122,238,1)
[16:14:47]ATTACK: Molerat attacked Mutant  (NEWHP: 250)(122,238,1)
[16:14:47]ATTACK: Mutant attacked Mutant  (NEWHP: 250)(149,241,1)
[16:14:47]ATTACK: Molerat attacked Mutant  (NEWHP: 250)(122,238,1)
[16:14:47]ATTACK: Molerat attacked Mutant  (NEWHP: 250)(122,238,1)
[16:14:47]ATTACK: Mutant attacked Molerat  (NEWHP: 50)(122,237,1)
[16:14:47]ATTACK: Molerat attacked Mutant  (NEWHP: 250)(122,238,1)
[16:14:47]ATTACK: Mutant attacked Mutant  (NEWHP: 250)(150,241,1)
[16:14:47]ATTACK: Mutant attacked Mutant  (NEWHP: 224)(149,241,1)
[16:14:47]ATTACK: Mutant attacked Mutant  (NEWHP: 196)(149,241,1)
[16:14:47]ATTACK: Deathclaw attacked Gunner  (NEWHP: 300)(392,397,1)
[16:14:47]ATTACK: Gunner attacked Deathclaw  (NEWHP: 420)(391,397,1)
[16:14:49]ATTACK: Deathclaw attacked Gunner  (NEWHP: 165)(13,138,1)
[16:14:49]ATTACK: Gunner attacked Deathclaw  (NEWHP: 500)(14,137,1)
[16:14:49]ATTACK: giant rad scorpion (6) attacked Default Cyborg-50  (NEWHP: 85)(40,159,1)
[16:14:49]ATTACK: venus human trap attacked venus human trap  (NEWHP: 25)(295,226,1)
[16:14:49]ATTACK: Mutant attacked Molerat  (NEWHP: 15)(123,239,1)
[16:14:49]ATTACK: Mutant attacked Mutant  (NEWHP: 165)(149,242,1)
[16:14:49]ATTACK: Molerat attacked Mutant  (NEWHP: 250)(122,238,1)
[16:14:49]ATTACK: Molerat attacked Mutant  (NEWHP: 250)(122,238,1)
[16:14:49]ATTACK: Mutant attacked Mutant  (NEWHP: 139)(149,242,1)
[16:14:49]ATTACK: Molerat attacked Mutant  (NEWHP: 250)(122,238,1)
[16:14:49]ATTACK: Mutant attacked Mutant  (NEWHP: 106)(149,242,1)
[16:14:49]ATTACK: Mutant attacked Molerat  (NEWHP: 23)(122,237,1)
[16:14:49]ATTACK: Molerat attacked Mutant  (NEWHP: 250)(122,238,1)
[16:14:49]ATTACK: Mutant attacked Mutant  (NEWHP: 220)(150,241,1)
[16:14:49]ATTACK: Mutant attacked Mutant  (NEWHP: 81)(149,242,1)
[16:14:49]ATTACK: Mutant attacked Mutant  (NEWHP: 49)(149,242,1)
[16:14:49]ATTACK: Cazador attacked Space Bat  (NEWHP: 15)(163,159,1)
[16:14:51]ATTACK: Deathclaw attacked Gunner  (NEWHP: 111)(9,137,1)
[16:14:51]ATTACK: Deathclaw attacked Gunner  (NEWHP: 51)(9,137,1)
[16:14:51]ATTACK: giant rad scorpion (6) attacked Default Cyborg-50  (NEWHP: 68)(40,159,1)
[16:14:51]ATTACK: Mutant attacked Mutant  (NEWHP: 17)(149,242,1)
[16:14:51]ATTACK: Molerat attacked Mutant  (NEWHP: 250)(122,238,1)
[16:14:51]ATTACK: Molerat attacked Mutant  (NEWHP: 250)(122,238,1)
[16:14:51]ATTACK: Molerat attacked Mutant  (NEWHP: 250)(122,238,1)
[16:14:51]ATTACK: Deathclaw attacked Gunner  (NEWHP: 260)(389,394,1)
[16:14:51]ATTACK: Gunner attacked Deathclaw  (NEWHP: 420)(390,394,1)
[16:14:53]ATTACK: giant rad scorpion (6) attacked Default Cyborg-50  (NEWHP: 50)(40,159,1)
[16:14:53]ATTACK: venus human trap attacked venus human trap  (NEWHP: 15)(294,226,1)
[16:14:53]ATTACK: Molerat attacked Mutant  (NEWHP: 250)(122,238,1)
[16:14:53]ATTACK: Molerat attacked Mutant  (NEWHP: 250)(122,238,1)
[16:14:53]ATTACK: Mutant attacked Molerat  (NEWHP: 50)(121,238,1)
[16:14:53]ATTACK: Molerat attacked Mutant  (NEWHP: 250)(122,238,1)
[16:14:54]ATTACK: Gunner shot Deathclaw with the bullet (NEWHP: 380)(393,398,1)
[16:14:54]ATTACK: Gunner shot Deathclaw with the bullet (NEWHP: 340)(393,398,1)
[16:14:54]ATTACK: Gunner shot Deathclaw with the bullet (NEWHP: 300)(394,397,1)
[16:14:55]ATTACK: giant rad scorpion (6) attacked Default Cyborg-50  (NEWHP: 34)(40,159,1)
[16:14:55]ATTACK: Mutant attacked Molerat  (NEWHP: 17)(121,238,1)
[16:14:55]ATTACK: Molerat attacked Mutant  (NEWHP: 250)(122,238,1)
[16:14:55]ATTACK: Molerat attacked Mutant  (NEWHP: 250)(122,238,1)
[16:14:58]ATTACK: giant rad scorpion (6) attacked Default Cyborg-50  (NEWHP: 14)(40,159,1)
[16:14:58]ATTACK: Molerat attacked Mutant  (NEWHP: 250)(122,238,1)
[16:14:58]ATTACK: Mutant attacked Molerat  (NEWHP: 50)(123,238,1)
[16:14:58]ATTACK: Molerat attacked Mutant  (NEWHP: 250)(122,239,1)
[16:15:00]ATTACK: giant rad scorpion (6) attacked Default Cyborg-50  (NEWHP: -6)(40,159,1)
[16:15:00]ATTACK: Molerat attacked Mutant  (NEWHP: 250)(122,238,1)
[16:15:00]ATTACK: Mutant attacked Molerat  (NEWHP: 16)(123,238,1)
[16:15:01]ATTACK: Gunner shot Deathclaw with the bullet (NEWHP: 260)(391,393,1)
[16:15:01]ATTACK: Gunner shot Deathclaw with the bullet (NEWHP: 220)(390,393,1)
[16:15:01]ATTACK: Gunner shot Deathclaw with the bullet (NEWHP: 180)(390,393,1)
[16:15:02]ATTACK: giant rad scorpion (6) attacked Default Cyborg-50  (NEWHP: -22)(40,159,1)
[16:15:02]ATTACK: Mutant attacked Molerat  (NEWHP: 50)(123,238,1)
[16:15:02]ATTACK: Molerat attacked Mutant  (NEWHP: 250)(123,237,1)
[16:15:04]ATTACK: giant rad scorpion (6) attacked Default Cyborg-50  (NEWHP: -42)(40,159,1)
[16:15:04]ATTACK: Mutant attacked Molerat  (NEWHP: 21)(123,238,1)
[16:15:06]ATTACK: giant rad scorpion (6) attacked Default Cyborg-50  (NEWHP: -62)(40,159,1)
[16:15:06]ATTACK: Gunner shot Deathclaw with the bullet (NEWHP: 140)(389,395,1)
[16:15:07]ATTACK: Gunner shot Deathclaw with the bullet (NEWHP: 100)(389,396,1)
[16:15:07]ATTACK: Gunner shot Deathclaw with the bullet (NEWHP: 60)(389,397,1)
[16:15:08]ATTACK: giant rad scorpion (6) attacked Default Cyborg-50  (NEWHP: -81)(40,159,1)
[16:15:08]ATTACK: Deathclaw attacked Gunner  (NEWHP: 210)(394,397,1)
[16:15:08]ATTACK: Gunner attacked Deathclaw  (NEWHP: 60)(393,398,1)
[16:15:10]ATTACK: giant rad scorpion (6) attacked Default Cyborg-50  (NEWHP: -99)(40,159,1)
[16:15:13]ATTACK: Gunner shot Deathclaw with the bullet (NEWHP: 20)(391,398,1)
[16:15:13]ATTACK: Gunner shot Deathclaw with the bullet (NEWHP: 0)(393,398,1)
[16:15:13]ATTACK: Gunner shot Deathclaw with the bullet (NEWHP: 0)(393,398,1)
[16:15:23]ATTACK: Molerat attacked Gekkon  (NEWHP: 60)(118,146,1)
[16:15:23]ATTACK: Gekkon attacked Molerat  (NEWHP: 50)(117,145,1)
[16:15:25]ATTACK: Molerat attacked Gekkon  (NEWHP: 54)(117,145,1)
[16:15:25]ATTACK: Molerat attacked Gekkon  (NEWHP: 46)(117,145,1)
[16:15:25]ATTACK: Molerat attacked Gekkon  (NEWHP: 36)(117,145,1)
[16:15:25]ATTACK: Molerat attacked Gekkon  (NEWHP: 29)(117,145,1)
[16:15:25]ATTACK: Gekkon attacked Molerat  (NEWHP: 40)(117,146,1)
[16:15:27]ATTACK: Molerat attacked Gekkon  (NEWHP: 23)(117,145,1)
[16:15:27]ATTACK: Molerat attacked Gekkon  (NEWHP: 13)(117,145,1)
[16:15:27]ATTACK: Molerat attacked Gekkon  (NEWHP: 7)(117,145,1)
[16:15:30]ATTACK: Molerat attacked Gekkon  (NEWHP: 60)(119,147,1)
[16:15:30]ATTACK: Gekkon attacked Molerat  (NEWHP: 50)(119,146,1)
[16:15:32]ATTACK: Molerat attacked Gekkon  (NEWHP: 50)(118,147,1)
[16:15:32]ATTACK: Molerat attacked Gekkon  (NEWHP: 43)(118,147,1)
[16:15:32]ATTACK: Molerat attacked Gekkon  (NEWHP: 33)(118,147,1)
[16:15:32]ATTACK: Gekkon attacked Molerat  (NEWHP: 35)(119,146,1)
[16:15:32]ATTACK: Gekkon attacked Molerat  (NEWHP: 50)(117,146,1)
[16:15:34]ATTACK: Molerat attacked Gekkon  (NEWHP: 25)(118,147,1)
[16:15:34]ATTACK: Molerat attacked Gekkon  (NEWHP: 19)(118,147,1)
[16:15:34]ATTACK: Molerat attacked Gekkon  (NEWHP: 60)(118,146,1)
[16:15:34]ATTACK: Molerat attacked Gekkon  (NEWHP: 12)(118,147,1)
[16:15:34]ATTACK: Molerat attacked Gekkon  (NEWHP: 4)(118,147,1)
[16:15:34]ATTACK: Gekkon attacked Molerat  (NEWHP: 28)(117,145,1)
[16:15:36]ATTACK: Molerat attacked Gekkon  (NEWHP: 51)(118,146,1)
[16:15:36]ATTACK: Gekkon attacked Molerat  (NEWHP: 21)(119,146,1)
[16:15:36]ATTACK: Gekkon attacked Molerat  (NEWHP: 13)(117,145,1)
[16:15:38]ATTACK: venus human trap attacked venus human trap  (NEWHP: 75)(278,231,1)
[16:15:40]ATTACK: Molerat attacked Gekkon  (NEWHP: 60)(119,147,1)
[16:15:40]ATTACK: Molerat attacked Gekkon  (NEWHP: 45)(119,146,1)
[16:15:40]ATTACK: Molerat attacked Gekkon  (NEWHP: 55)(119,147,1)
[16:15:40]ATTACK: Molerat attacked Gekkon  (NEWHP: 50)(119,147,1)
[16:15:40]ATTACK: venus human trap attacked venus human trap  (NEWHP: 50)(278,231,1)
[16:15:40]ATTACK: Gekkon attacked Molerat  (NEWHP: 8)(118,146,1)
[16:15:40]ATTACK: Gekkon attacked Molerat  (NEWHP: 50)(118,145,1)
[16:15:42]ATTACK: Molerat attacked Gekkon  (NEWHP: 44)(119,147,1)
[16:15:42]ATTACK: Molerat attacked Gekkon  (NEWHP: 36)(119,145,1)
[16:15:42]ATTACK: Molerat attacked Gekkon  (NEWHP: 37)(119,147,1)
[16:15:42]ATTACK: venus human trap attacked venus human trap  (NEWHP: 25)(278,232,1)
[16:15:43]ATTACK: Gekkon attacked Molerat  (NEWHP: 39)(118,147,1)
[16:15:43]ATTACK: Gekkon attacked Molerat  (NEWHP: 37)(118,145,1)
[16:15:45]ATTACK: Molerat attacked Gekkon  (NEWHP: 32)(119,147,1)
[16:15:45]ATTACK: Molerat attacked Gekkon  (NEWHP: 29)(119,145,1)
[16:15:45]ATTACK: Molerat attacked Gekkon  (NEWHP: 24)(119,147,1)
[16:15:45]ATTACK: Gekkon attacked Molerat  (NEWHP: 29)(118,147,1)
[16:15:45]ATTACK: Gekkon attacked Molerat  (NEWHP: 24)(118,145,1)
[16:15:45]ATTACK: Gekkon attacked Molerat  (NEWHP: 50)(118,148,1)
[16:15:47]ATTACK: Molerat attacked Gekkon  (NEWHP: 17)(119,147,1)
[16:15:47]ATTACK: Molerat attacked Gekkon  (NEWHP: 24)(119,145,1)
[16:15:47]ATTACK: Molerat attacked Gekkon  (NEWHP: 60)(119,148,1)
[16:15:47]ATTACK: Gekkon attacked Molerat  (NEWHP: 14)(118,147,1)
[16:15:47]ATTACK: Gekkon attacked Molerat  (NEWHP: 13)(118,145,1)
[16:15:47]ATTACK: Gekkon attacked Molerat  (NEWHP: 2)(118,147,1)
[16:15:47]ATTACK: Gekkon attacked Molerat  (NEWHP: 37)(118,148,1)
[16:15:49]ATTACK: Molerat attacked Gekkon  (NEWHP: 15)(119,145,1)
[16:15:49]ATTACK: Molerat attacked Gekkon  (NEWHP: 52)(119,148,1)
[16:15:49]ATTACK: Gekkon attacked Molerat  (NEWHP: 2)(118,145,1)
[16:15:49]ATTACK: Gekkon attacked Molerat  (NEWHP: 24)(118,148,1)
[16:15:51]ATTACK: Molerat attacked Gekkon  (NEWHP: 45)(119,148,1)
[16:15:51]ATTACK: Gekkon attacked Molerat  (NEWHP: 10)(118,148,1)
[16:16:08]ATTACK: giant rad scorpion (973) attacked brahmin  (NEWHP: 20)(226,145,1)
[16:16:08]ATTACK: Molerat attacked Gekkon  (NEWHP: 60)(117,147,1)
[16:16:08]ATTACK: Gekkon attacked Molerat  (NEWHP: 50)(116,148,1)
[16:16:08]ATTACK: Gekkon attacked Molerat  (NEWHP: 37)(116,148,1)
[16:16:08]ATTACK: Gekkon attacked Molerat  (NEWHP: 26)(116,148,1)
[16:16:08]ATTACK: Gekkon attacked Molerat  (NEWHP: 14)(116,148,1)
[16:16:10]ATTACK: giant rad scorpion (973) attacked brahmin  (NEWHP: 5)(226,145,1)
[16:16:10]ATTACK: Molerat attacked Gekkon  (NEWHP: 35)(115,148,1)
[16:16:10]ATTACK: Gekkon attacked Molerat  (NEWHP: 1)(116,148,1)
[16:16:23]ATTACK: Molerat attacked Gekkon  (NEWHP: 25)(117,137,1)
[16:16:23]ATTACK: Gekkon attacked Molerat  (NEWHP: 50)(116,136,1)
[16:16:25]ATTACK: Molerat attacked Gekkon  (NEWHP: 17)(117,137,1)
[16:16:25]ATTACK: Molerat attacked Gekkon  (NEWHP: 12)(117,137,1)
[16:16:25]ATTACK: Gekkon attacked Molerat  (NEWHP: 39)(116,136,1)
[16:16:27]ATTACK: Merideth Yeskey(jackerzz) stripped Unknown(@jackerzz) of the supa-fly raider helmet (NEWHP: 100)(152,124,1)
[16:16:27]ATTACK: Molerat attacked Gekkon  (NEWHP: 6)(117,137,1)
[16:16:32]ATTACK: Merideth Yeskey(jackerzz) equipped Merideth Yeskey(@jackerzz) with the welding mask (NEWHP: 100)(152,124,1)
[16:16:32]ATTACK: Molerat attacked Gekkon  (NEWHP: 55)(116,141,1)
[16:16:32]ATTACK: Gekkon attacked Molerat  (NEWHP: 50)(116,140,1)
[16:16:34]ATTACK: Molerat attacked Gekkon  (NEWHP: 45)(116,140,1)
[16:16:34]ATTACK: Molerat attacked Gekkon  (NEWHP: 40)(116,140,1)
[16:16:34]ATTACK: Gekkon attacked Molerat  (NEWHP: 37)(116,139,1)
[16:16:34]ATTACK: Gekkon attacked Molerat  (NEWHP: 24)(116,139,1)
[16:16:36]ATTACK: Molerat attacked Gekkon  (NEWHP: 32)(116,140,1)
[16:16:36]ATTACK: Molerat attacked Gekkon  (NEWHP: 7)(115,140,1)
[16:16:36]ATTACK: Gekkon attacked Molerat  (NEWHP: 11)(116,139,1)
[16:16:38]ATTACK: Molerat attacked Gekkon  (NEWHP: 25)(116,140,1)
[16:16:38]ATTACK: Gekkon attacked Molerat  (NEWHP: 29)(115,141,1)
[16:16:40]ATTACK: Molerat attacked Gekkon  (NEWHP: 19)(115,140,1)
[16:16:40]ATTACK: Gekkon attacked Molerat  (NEWHP: 18)(115,141,1)
[16:16:40]ATTACK: Gekkon attacked Molerat  (NEWHP: 7)(115,141,1)
[16:16:44]ATTACK: Merideth Yeskey(jackerzz) stripped Unknown(@jackerzz) of the welding mask (NEWHP: 100)(152,124,1)
[16:16:53]ATTACK: yaogai attacked Gekkon  (NEWHP: 60)(137,162,1)
[16:16:53]ATTACK: Gekkon attacked yaogai  (NEWHP: 300)(137,163,1)
[16:16:55]ATTACK: yaogai attacked Gekkon  (NEWHP: 26)(137,162,1)
[16:17:33]ATTACK: Molerat attacked Gekkon  (NEWHP: 8)(113,143,1)
[16:17:34]ATTACK: Gekkon attacked Molerat  (NEWHP: 50)(112,143,1)
[16:17:34]ATTACK: Gekkon attacked Molerat  (NEWHP: 40)(112,143,1)
[16:17:34]ATTACK: Gekkon attacked Molerat  (NEWHP: 30)(112,143,1)
[16:17:36]ATTACK: Molerat attacked Gekkon  (NEWHP: 11)(113,144,1)
[16:17:36]ATTACK: yaogai attacked Gekkon  (NEWHP: 60)(137,162,1)
[16:17:36]ATTACK: Gekkon attacked Molerat  (NEWHP: 18)(112,143,1)
[16:17:36]ATTACK: Gekkon attacked Molerat  (NEWHP: 6)(112,143,1)
[16:17:36]ATTACK: Gekkon attacked yaogai  (NEWHP: 289)(138,163,1)
[16:17:38]ATTACK: yaogai attacked Gekkon  (NEWHP: 32)(137,162,1)
[16:17:38]ATTACK: Gekkon attacked yaogai  (NEWHP: 275)(138,163,1)
[16:17:40]ATTACK: yaogai attacked Gekkon  (NEWHP: 5)(137,162,1)
[16:17:51]ATTACK: yaogai attacked Gekkon  (NEWHP: 60)(137,162,1)
[16:17:51]ATTACK: Gekkon attacked yaogai  (NEWHP: 262)(138,163,1)
[16:17:53]ATTACK: yaogai attacked Gekkon  (NEWHP: 31)(137,162,1)
[16:18:23]ATTACK: venus human trap attacked venus human trap  (NEWHP: 60)(283,227,1)
[16:18:25]ATTACK: venus human trap attacked venus human trap  (NEWHP: 45)(282,226,1)
[16:18:25]ATTACK: venus human trap attacked venus human trap  (NEWHP: 35)(282,227,1)
[16:18:27]ATTACK: venus human trap attacked venus human trap  (NEWHP: 20)(281,226,1)
[16:19:26]ATTACK: giant rad scorpion (995) attacked Gekkon  (NEWHP: 60)(124,65,1)
[16:19:26]ATTACK: Gekkon attacked giant rad scorpion (995)  (NEWHP: 200)(124,64,1)
[16:19:28]ATTACK: giant rad scorpion (995) attacked Gekkon  (NEWHP: 42)(124,65,1)
[16:19:28]ATTACK: Gekkon attacked giant rad scorpion (995)  (NEWHP: 185)(124,64,1)
[16:19:30]ATTACK: giant rad scorpion (995) attacked Gekkon  (NEWHP: 26)(124,65,1)
[16:19:30]ATTACK: Gekkon attacked giant rad scorpion (995)  (NEWHP: 173)(124,64,1)
[16:19:32]ATTACK: giant rad scorpion (995) attacked Gekkon  (NEWHP: 7)(124,65,1)
[16:20:06]ATTACK: yaogai attacked Gekkon  (NEWHP: 60)(137,161,1)
[16:20:06]ATTACK: Gekkon attacked yaogai  (NEWHP: 252)(137,162,1)
[16:20:08]ATTACK: yaogai attacked Gekkon  (NEWHP: 28)(137,161,1)
[16:20:08]ATTACK: Gekkon attacked yaogai  (NEWHP: 239)(137,162,1)
[16:20:10]ATTACK: yaogai attacked Gekkon  (NEWHP: 2)(137,161,1)
[16:20:56]ATTACK: yaogai attacked Gekkon  (NEWHP: 60)(137,162,1)
[16:20:56]ATTACK: Gekkon attacked yaogai  (NEWHP: 226)(137,161,1)
[16:20:58]ATTACK: yaogai attacked Gekkon  (NEWHP: 28)(137,162,1)
[16:21:29]ATTACK: giant rad scorpion (973) attacked brahmin  (NEWHP: 20)(226,145,1)
[16:21:31]ATTACK: giant rad scorpion (973) attacked brahmin  (NEWHP: 5)(226,145,1)
[16:22:05]ATTACK: yaogai attacked Gekko nest  (NEWHP: 150)(129,155,1)
[16:22:05]ATTACK: Gekkon attacked yaogai  (NEWHP: 213)(130,155,1)
[16:22:07]ATTACK: yaogai attacked Gekko nest  (NEWHP: 118)(129,155,1)
[16:22:07]ATTACK: Gekkon attacked yaogai  (NEWHP: 200)(130,155,1)
[16:22:07]ATTACK: Gekkon attacked yaogai  (NEWHP: 185)(130,155,1)
[16:22:07]ATTACK: Gekkon attacked yaogai  (NEWHP: 175)(130,155,1)
[16:22:09]ATTACK: yaogai attacked Gekko nest  (NEWHP: 86)(129,155,1)
[16:22:09]ATTACK: Gekkon attacked yaogai  (NEWHP: 161)(130,155,1)
[16:22:09]ATTACK: Gekkon attacked yaogai  (NEWHP: 150)(130,155,1)
[16:22:09]ATTACK: Gekkon attacked yaogai  (NEWHP: 137)(130,155,1)
[16:22:11]ATTACK: yaogai attacked Gekko nest  (NEWHP: 61)(129,155,1)
[16:22:11]ATTACK: Gekkon attacked yaogai  (NEWHP: 127)(130,155,1)
[16:22:11]ATTACK: Gekkon attacked yaogai  (NEWHP: 116)(130,155,1)
[16:22:11]ATTACK: Gekkon attacked yaogai  (NEWHP: 101)(130,155,1)
[16:22:13]ATTACK: yaogai attacked Gekko nest  (NEWHP: 34)(129,155,1)
[16:22:13]ATTACK: Gekkon attacked yaogai  (NEWHP: 86)(130,155,1)
[16:22:13]ATTACK: Gekkon attacked yaogai  (NEWHP: 71)(130,155,1)
[16:22:13]ATTACK: Gekkon attacked yaogai  (NEWHP: 57)(130,155,1)
[16:22:16]ATTACK: yaogai attacked Gekkon  (NEWHP: 60)(129,154,1)
[16:22:16]ATTACK: Gekkon attacked yaogai  (NEWHP: 44)(130,155,1)
[16:22:16]ATTACK: Gekkon attacked yaogai  (NEWHP: 32)(130,155,1)
[16:22:16]ATTACK: Gekkon attacked yaogai  (NEWHP: 17)(130,155,1)
[16:22:18]ATTACK: yaogai attacked Gekkon  (NEWHP: 60)(131,155,1)
[16:22:18]ATTACK: Gekkon attacked yaogai  (NEWHP: 4)(130,155,1)
[16:22:53]ATTACK: giant rad scorpion (973) attacked brahmin  (NEWHP: 20)(227,145,1)
[16:22:55]ATTACK: giant rad scorpion (973) attacked brahmin  (NEWHP: 2)(227,145,1)
[16:23:06]ATTACK: Molerat attacked Gekkon  (NEWHP: 2)(120,133,1)
[16:23:06]ATTACK: Gekkon attacked Molerat  (NEWHP: 50)(121,133,1)
[16:23:08]ATTACK: Gekkon attacked Molerat  (NEWHP: 40)(121,133,1)
[16:23:08]ATTACK: Gekkon attacked Molerat  (NEWHP: 27)(121,133,1)
[16:23:10]ATTACK: Molerat attacked Gekkon  (NEWHP: 2)(121,132,1)
[16:23:12]ATTACK: Molerat attacked Gekkon  (NEWHP: 4)(121,134,1)
[16:25:47]ATTACK: rad scorpion (214) attacked mouse  (NEWHP: 5)(242,243,1)
[16:29:40]ATTACK: Deathclaw attacked Gunner  (NEWHP: 151)(387,396,1)
[16:29:40]ATTACK: Gunner attacked Deathclaw  (NEWHP: 500)(386,397,1)
[16:29:44]ATTACK: Deathclaw attacked Gunner  (NEWHP: 110)(389,397,1)
[16:29:44]ATTACK: Gunner attacked Deathclaw  (NEWHP: 500)(390,398,1)
[16:29:46]ATTACK: Gunner shot Deathclaw with the bullet (NEWHP: 460)(385,396,1)
[16:29:47]ATTACK: Gunner shot Deathclaw with the bullet (NEWHP: 420)(385,396,1)
[16:29:47]ATTACK: Gunner shot Deathclaw with the bullet (NEWHP: 380)(385,396,1)
[16:29:48]ATTACK: Deathclaw attacked Gunner  (NEWHP: 63)(389,396,1)
[16:29:48]ATTACK: Gunner attacked Deathclaw  (NEWHP: 380)(388,396,1)
[16:29:51]ATTACK: Deathclaw attacked Gunner  (NEWHP: 7)(393,398,1)
[16:30:38]ATTACK: giant rad scorpion (995) attacked Gekkon  (NEWHP: 60)(136,73,1)
[16:30:38]ATTACK: Gekkon attacked giant rad scorpion (995)  (NEWHP: 159)(136,74,1)
[16:30:41]ATTACK: giant rad scorpion (995) attacked Gekkon  (NEWHP: 43)(136,73,1)
[16:30:41]ATTACK: Gekkon attacked giant rad scorpion (995)  (NEWHP: 145)(136,74,1)
[16:30:41]ATTACK: Gekkon attacked giant rad scorpion (995)  (NEWHP: 134)(136,74,1)
[16:30:43]ATTACK: giant rad scorpion (995) attacked Gekkon  (NEWHP: 60)(136,75,1)
[16:30:43]ATTACK: Gekkon attacked giant rad scorpion (995)  (NEWHP: 123)(136,74,1)
[16:30:43]ATTACK: Gekkon attacked giant rad scorpion (995)  (NEWHP: 110)(136,74,1)
[16:30:45]ATTACK: giant rad scorpion (995) attacked Gekkon  (NEWHP: 40)(136,75,1)
[16:30:45]ATTACK: Gekkon attacked giant rad scorpion (995)  (NEWHP: 96)(136,74,1)
[16:30:45]ATTACK: Gekkon attacked giant rad scorpion (995)  (NEWHP: 81)(136,74,1)
[16:30:47]ATTACK: giant rad scorpion (995) attacked Gekkon  (NEWHP: 23)(136,75,1)
[16:30:47]ATTACK: Gekkon attacked giant rad scorpion (995)  (NEWHP: 68)(136,74,1)
[16:30:47]ATTACK: Gekkon attacked giant rad scorpion (995)  (NEWHP: 56)(136,74,1)
[16:30:49]ATTACK: giant rad scorpion (995) attacked Gekkon  (NEWHP: 6)(136,75,1)
[16:30:49]ATTACK: Gekkon attacked giant rad scorpion (995)  (NEWHP: 45)(136,74,1)
[16:30:51]ATTACK: giant rad scorpion (995) attacked Gekkon  (NEWHP: 27)(136,73,1)
[16:30:51]ATTACK: Gekkon attacked giant rad scorpion (995)  (NEWHP: 33)(136,74,1)
[16:30:53]ATTACK: giant rad scorpion (995) attacked Gekkon  (NEWHP: 12)(136,73,1)
[16:35:19]ATTACK: Merideth Yeskey(jackerzz) equipped Merideth Yeskey(@jackerzz) with the supa-fly raider helmet (NEWHP: 100)(152,124,1)
[16:35:36]ATTACK: Merideth Yeskey(jackerzz) stripped Unknown(@jackerzz) of the supa-fly raider helmet (NEWHP: 100)(152,124,1)
[16:35:41]ATTACK: Merideth Yeskey(jackerzz) equipped Merideth Yeskey(@jackerzz) with the welding mask (NEWHP: 100)(152,124,1)
[16:35:58]ATTACK: Merideth Yeskey(jackerzz) punched Unknown(@jackerzz)  (NEWHP: 100)(152,124,1)
[16:36:00]ATTACK: Merideth Yeskey(jackerzz) punched Unknown(@jackerzz)  (NEWHP: 97.3)(152,124,1)
[16:36:03]ATTACK: Merideth Yeskey(jackerzz) punched Unknown(@jackerzz)  (NEWHP: 95.5)(152,124,1)
[16:36:04]ATTACK: Merideth Yeskey(jackerzz) punched Unknown(@jackerzz)  (NEWHP: 95.5)(152,124,1)
[16:36:05]ATTACK: Merideth Yeskey(jackerzz) punched Unknown(@jackerzz)  (NEWHP: 92.2)(152,124,1)
[16:36:06]ATTACK: Merideth Yeskey(jackerzz) punched Unknown(@jackerzz)  (NEWHP: 92.2)(152,124,1)
[16:36:07]ATTACK: Merideth Yeskey(jackerzz) punched Unknown(@jackerzz)  (NEWHP: 87.7)(152,124,1)
[16:36:08]ATTACK: Merideth Yeskey(jackerzz) punched Unknown(@jackerzz)  (NEWHP: 87.7)(152,124,1)
[16:36:09]ATTACK: Merideth Yeskey(jackerzz) punched Unknown(@jackerzz)  (NEWHP: 83.8)(152,124,1)
[16:36:10]ATTACK: Merideth Yeskey(jackerzz) punched Unknown(@jackerzz)  (NEWHP: 83.8)(152,124,1)
[16:36:12]ATTACK: Merideth Yeskey(jackerzz) punched Unknown(@jackerzz)  (NEWHP: 78.7)(152,124,1)
[16:36:14]ATTACK: Merideth Yeskey(jackerzz) punched Unknown(@jackerzz)  (NEWHP: 77.8)(152,124,1)
[16:36:16]ATTACK: Merideth Yeskey(jackerzz) punched Unknown(@jackerzz)  (NEWHP: 75.4)(152,124,1)
[16:36:17]ATTACK: Merideth Yeskey(jackerzz) punched Unknown(@jackerzz)  (NEWHP: 75.4)(152,124,1)
[16:36:18]ATTACK: Merideth Yeskey(jackerzz) punched Unknown(@jackerzz)  (NEWHP: 71.5)(152,124,1)
[16:36:20]ATTACK: Merideth Yeskey(jackerzz) punched Unknown(@jackerzz)  (NEWHP: 69.1)(152,124,1)
[16:36:22]ATTACK: Merideth Yeskey(jackerzz) punched Unknown(@jackerzz)  (NEWHP: 67)(152,124,1)
[16:36:23]ATTACK: Merideth Yeskey(jackerzz) punched Unknown(@jackerzz)  (NEWHP: 58.9)(152,124,1)
[16:36:24]ATTACK: Merideth Yeskey(jackerzz) punched Unknown(@jackerzz)  (NEWHP: 51.7)(152,124,1)
[16:36:25]ATTACK: Merideth Yeskey(jackerzz) punched Unknown(@jackerzz)  (NEWHP: 51.7)(152,124,1)
[16:36:26]ATTACK: Merideth Yeskey(jackerzz) punched Unknown(@jackerzz)  (NEWHP: 45.7)(152,124,1)
[16:36:27]ATTACK: Merideth Yeskey(jackerzz) punched Unknown(@jackerzz)  (NEWHP: 45.7)(152,124,1)
[16:36:28]ATTACK: Merideth Yeskey(jackerzz) punched Unknown(@jackerzz)  (NEWHP: 45.7)(152,124,1)
[16:36:29]ATTACK: Merideth Yeskey(jackerzz) punched Unknown(@jackerzz)  (NEWHP: 38.2)(152,124,1)
[16:36:30]ATTACK: Merideth Yeskey(jackerzz) punched Unknown(@jackerzz)  (NEWHP: 30.1)(152,124,1)
[16:36:31]ATTACK: Merideth Yeskey(jackerzz) punched Unknown(@jackerzz)  (NEWHP: 30.1)(152,124,1)
[16:36:32]ATTACK: Merideth Yeskey(jackerzz) punched Unknown(@jackerzz)  (NEWHP: 15.7)(152,124,1)
[16:36:33]ATTACK: Merideth Yeskey(jackerzz) punched Unknown(@jackerzz)  (NEWHP: 13)(152,124,1)
[16:36:34]ATTACK: Merideth Yeskey(jackerzz) punched Unknown(@jackerzz)  (NEWHP: 13)(152,124,1)
[16:36:35]ATTACK: Merideth Yeskey(jackerzz) punched Unknown(@jackerzz)  (NEWHP: 9.4)(152,124,1)
[16:36:35]ATTACK: Merideth Yeskey(jackerzz) punched Unknown(@jackerzz)  (NEWHP: 9.4)(152,124,1)
[16:36:36]ATTACK: Merideth Yeskey(jackerzz) punched Unknown(@jackerzz)  (NEWHP: 4.9)(152,124,1)
[16:36:37]ATTACK: Merideth Yeskey(jackerzz) punched Unknown(@jackerzz)  (NEWHP: 3.7)(152,124,1)
[16:36:38]ATTACK: Merideth Yeskey(jackerzz) punched Unknown(@jackerzz)  (NEWHP: 3.7)(152,124,1)
[16:36:39]ATTACK: Merideth Yeskey(jackerzz) punched Unknown(@jackerzz)  (NEWHP: -6.5)(152,124,1)
[16:36:40]ATTACK: Merideth Yeskey(jackerzz) punched Unknown(@jackerzz)  (NEWHP: -6.5)(152,124,1)
[16:36:41]ATTACK: Merideth Yeskey(jackerzz) punched Unknown(@jackerzz)  (NEWHP: -14.6)(152,124,1)
[16:37:02]ATTACK: Molerat attacked Gekkon  (NEWHP: 60)(120,147,1)
[16:37:02]ATTACK: Gekkon attacked Molerat  (NEWHP: 50)(119,147,1)
[16:37:04]ATTACK: Molerat attacked Gekkon  (NEWHP: 53)(120,147,1)
[16:37:04]ATTACK: Gekkon attacked Molerat  (NEWHP: 39)(119,147,1)
[16:37:06]ATTACK: Molerat attacked Gekkon  (NEWHP: 48)(120,147,1)
[16:37:06]ATTACK: Gekkon attacked Molerat  (NEWHP: 29)(119,147,1)
[16:37:08]ATTACK: Molerat attacked Gekkon  (NEWHP: 39)(120,147,1)
[16:37:08]ATTACK: Gekkon attacked Molerat  (NEWHP: 17)(119,147,1)
[16:37:10]ATTACK: Molerat attacked Gekkon  (NEWHP: 31)(120,147,1)
[16:37:10]ATTACK: Gekkon attacked Molerat  (NEWHP: 4)(119,147,1)
[16:37:16]ATTACK: Merideth Yeskey(jackerzz) punched Unknown(@jackerzz)  (NEWHP: -34.5667)(152,124,1)
[16:37:22]ATTACK: Merideth Yeskey(jackerzz) punched Unknown(@jackerzz)  (NEWHP: -43.4667)(152,124,1)
[16:37:23]ATTACK: Merideth Yeskey(jackerzz) punched Unknown(@jackerzz)  (NEWHP: -43.4667)(152,124,1)
[16:37:24]ATTACK: Merideth Yeskey(jackerzz) punched Unknown(@jackerzz)  (NEWHP: -50.7333)(152,124,1)
[16:37:25]ATTACK: Merideth Yeskey(jackerzz) punched Unknown(@jackerzz)  (NEWHP: -50.7333)(152,124,1)
[16:37:25]ATTACK: Merideth Yeskey(jackerzz) punched Unknown(@jackerzz)  (NEWHP: -57.7)(152,124,1)
[16:37:26]ATTACK: Merideth Yeskey(jackerzz) punched Unknown(@jackerzz)  (NEWHP: -57.7)(152,124,1)
[16:37:27]ATTACK: Merideth Yeskey(jackerzz) punched Unknown(@jackerzz)  (NEWHP: -65.5667)(152,124,1)
[16:37:28]ATTACK: Merideth Yeskey(jackerzz) punched Unknown(@jackerzz)  (NEWHP: -73.6667)(152,124,1)
[16:37:29]ATTACK: Merideth Yeskey(jackerzz) punched Unknown(@jackerzz)  (NEWHP: -77.9333)(152,124,1)
[16:37:30]ATTACK: Merideth Yeskey(jackerzz) punched Unknown(@jackerzz)  (NEWHP: -80.6333)(152,124,1)
[16:37:31]ATTACK: Merideth Yeskey(jackerzz) punched Unknown(@jackerzz)  (NEWHP: -81.9)(152,124,1)
[16:37:34]ATTACK: Merideth Yeskey(jackerzz) punched Unknown(@jackerzz)  (NEWHP: -83.7667)(152,124,1)
[16:37:35]ATTACK: Merideth Yeskey(jackerzz) punched Unknown(@jackerzz)  (NEWHP: -83.7667)(152,124,1)
[16:37:36]ATTACK: Merideth Yeskey(jackerzz) punched Unknown(@jackerzz)  (NEWHP: -95.2334)(152,124,1)
[16:37:38]ATTACK: Merideth Yeskey(jackerzz) punched Unknown(@jackerzz)  (NEWHP: -100.4)(152,124,1)
[16:37:42]ATTACK: giant rad scorpion (958) attacked Gekkon  (NEWHP: 60)(383,216,1)
[16:37:42]ATTACK: Gekkon attacked giant rad scorpion (958)  (NEWHP: 200)(383,215,1)
[16:37:44]ATTACK: giant rad scorpion (958) attacked Gekkon  (NEWHP: 42)(383,216,1)
[16:37:44]ATTACK: Gekkon attacked giant rad scorpion (958)  (NEWHP: 186)(383,215,1)


Starting up. 16:45.42
---------------------
[16:50:59]ATTACK: Deathclaw attacked Gunner  (NEWHP: 300)(11,134,1)
[16:50:59]ATTACK: Gunner shot Deathclaw with the bullet (NEWHP: 460)(10,136,1)
[16:50:59]ATTACK: Gunner shot Deathclaw with the bullet (NEWHP: 460)(390,395,1)
[16:50:59]ATTACK: Gunner shot Deathclaw with the bullet (NEWHP: 420)(10,136,1)
[16:50:59]ATTACK: Gunner shot Deathclaw with the bullet (NEWHP: 380)(10,136,1)
[16:50:59]ATTACK: Gunner shot Deathclaw with the bullet (NEWHP: 420)(390,396,1)
[16:51:01]ATTACK: Gunner attacked Deathclaw  (NEWHP: 380)(10,136,1)
[16:51:01]ATTACK: Deathclaw attacked Gunner  (NEWHP: 244)(10,135,1)
[16:51:01]ATTACK: Deathclaw attacked Gunner  (NEWHP: 185)(10,135,1)
[16:51:01]ATTACK: giant rad scorpion (515) attacked Default Cyborg-151  (NEWHP: 100)(40,159,1)
[16:51:01]ATTACK: Mutant attacked Molerat  (NEWHP: 50)(124,233,1)
[16:51:01]ATTACK: Mutant attacked Mutant  (NEWHP: 250)(144,238,1)
[16:51:01]ATTACK: Molerat attacked Mutant  (NEWHP: 250)(125,233,1)
[16:51:01]ATTACK: Molerat attacked Mutant  (NEWHP: 250)(125,235,1)
[16:51:01]ATTACK: Mutant attacked Mutant  (NEWHP: 224)(144,238,1)
[16:51:01]ATTACK: Molerat attacked Mutant  (NEWHP: 250)(125,233,1)
[16:51:01]ATTACK: Mutant attacked Mutant  (NEWHP: 194)(144,238,1)
[16:51:01]ATTACK: Molerat attacked Mutant  (NEWHP: 250)(125,235,1)
[16:51:01]ATTACK: Mutant attacked Molerat  (NEWHP: 50)(125,234,1)
[16:51:01]ATTACK: Molerat attacked Mutant  (NEWHP: 250)(125,233,1)
[16:51:01]ATTACK: Mutant attacked Mutant  (NEWHP: 250)(143,238,1)
[16:51:01]ATTACK: Mutant attacked Mutant  (NEWHP: 163)(144,238,1)
[16:51:01]ATTACK: Deathclaw attacked Gunner  (NEWHP: 300)(392,397,1)
[16:51:01]ATTACK: Gunner attacked Deathclaw  (NEWHP: 420)(391,397,1)
[16:51:03]ATTACK: Deathclaw attacked Gunner  (NEWHP: 145)(15,131,1)
[16:51:03]ATTACK: Gunner attacked Deathclaw  (NEWHP: 500)(15,132,1)
[16:51:03]ATTACK: Deathclaw attacked Gunner  (NEWHP: 92)(15,131,1)
[16:51:03]ATTACK: giant rad scorpion (515) attacked Default Cyborg-151  (NEWHP: 82)(40,159,1)
[16:51:03]ATTACK: Mutant attacked Molerat  (NEWHP: 18)(124,233,1)
[16:51:03]ATTACK: Mutant attacked Mutant  (NEWHP: 131)(144,238,1)
[16:51:03]ATTACK: Molerat attacked Mutant  (NEWHP: 250)(125,235,1)
[16:51:03]ATTACK: Mutant attacked Mutant  (NEWHP: 102)(144,238,1)
[16:51:03]ATTACK: Molerat attacked Mutant  (NEWHP: 250)(125,233,1)
[16:51:03]ATTACK: Mutant attacked Mutant  (NEWHP: 71)(144,238,1)
[16:51:03]ATTACK: Molerat attacked Mutant  (NEWHP: 250)(125,235,1)
[16:51:03]ATTACK: Mutant attacked Molerat  (NEWHP: 24)(125,234,1)
[16:51:03]ATTACK: Molerat attacked Mutant  (NEWHP: 250)(125,233,1)
[16:51:03]ATTACK: Mutant attacked Mutant  (NEWHP: 250)(144,239,1)
[16:51:03]ATTACK: Mutant attacked Mutant  (NEWHP: 45)(144,238,1)
[16:51:03]ATTACK: Mutant attacked Mutant  (NEWHP: 20)(144,238,1)
[16:51:03]ATTACK: Cazador attacked Space Bat  (NEWHP: 15)(165,158,1)
[16:51:05]ATTACK: Deathclaw attacked Gunner  (NEWHP: 52)(17,126,1)
[16:51:05]ATTACK: giant rad scorpion (515) attacked Default Cyborg-151  (NEWHP: 64)(40,159,1)
[16:51:05]ATTACK: Molerat attacked Mutant  (NEWHP: 250)(125,235,1)
[16:51:05]ATTACK: Molerat attacked Mutant  (NEWHP: 250)(125,235,1)
[16:51:05]ATTACK: Molerat attacked Mutant  (NEWHP: 250)(125,233,1)
[16:51:06]ATTACK: Gunner shot Deathclaw with the bullet (NEWHP: 380)(391,398,1)
[16:51:06]ATTACK: Gunner shot Deathclaw with the bullet (NEWHP: 340)(392,398,1)
[16:51:06]ATTACK: Gunner shot Deathclaw with the bullet (NEWHP: 300)(393,398,1)
[16:51:07]ATTACK: giant rad scorpion (515) attacked Default Cyborg-151  (NEWHP: 49)(40,159,1)
[16:51:07]ATTACK: Mutant attacked Molerat  (NEWHP: 50)(126,234,1)
[16:51:07]ATTACK: Molerat attacked Mutant  (NEWHP: 250)(125,235,1)
[16:51:07]ATTACK: Molerat attacked Mutant  (NEWHP: 250)(125,235,1)
[16:51:07]ATTACK: Mutant attacked Molerat  (NEWHP: 50)(125,236,1)
[16:51:07]ATTACK: Molerat attacked Mutant  (NEWHP: 250)(125,233,1)
[16:51:07]ATTACK: Deathclaw attacked Gunner  (NEWHP: 255)(392,393,1)
[16:51:07]ATTACK: Gunner attacked Deathclaw  (NEWHP: 300)(393,394,1)
[16:51:10]ATTACK: giant rad scorpion (515) attacked Default Cyborg-151  (NEWHP: 33)(40,159,1)
[16:51:10]ATTACK: venus human trap attacked venus human trap  (NEWHP: 75)(292,226,1)
[16:51:10]ATTACK: Mutant attacked Molerat  (NEWHP: 22)(126,234,1)
[16:51:10]ATTACK: Molerat attacked Mutant  (NEWHP: 250)(125,235,1)
[16:51:10]ATTACK: Molerat attacked Mutant  (NEWHP: 250)(125,235,1)
[16:51:10]ATTACK: Mutant attacked Molerat  (NEWHP: 15)(125,236,1)
[16:51:12]ATTACK: giant rad scorpion (515) attacked Default Cyborg-151  (NEWHP: 13)(40,159,1)
[16:51:12]ATTACK: Molerat attacked Mutant  (NEWHP: 250)(125,235,1)
[16:51:12]ATTACK: Gunner shot Deathclaw with the bullet (NEWHP: 260)(394,397,1)
[16:51:12]ATTACK: Gunner shot Deathclaw with the bullet (NEWHP: 220)(394,396,1)
[16:51:12]ATTACK: Gunner shot Deathclaw with the bullet (NEWHP: 180)(394,395,1)
[16:51:14]ATTACK: giant rad scorpion (515) attacked Default Cyborg-151  (NEWHP: -7)(40,159,1)
[16:51:14]ATTACK: venus human trap attacked venus human trap  (NEWHP: 45)(292,227,1)
[16:51:14]ATTACK: Molerat attacked Mutant  (NEWHP: 250)(125,235,1)
[16:51:14]ATTACK: Mutant attacked Molerat  (NEWHP: 50)(126,236,1)
[16:51:14]ATTACK: Deathclaw attacked Gunner  (NEWHP: 198)(389,394,1)
[16:51:14]ATTACK: Gunner attacked Deathclaw  (NEWHP: 180)(390,393,1)
[16:51:16]ATTACK: giant rad scorpion (515) attacked Default Cyborg-151  (NEWHP: -27)(40,159,1)
[16:51:16]ATTACK: venus human trap attacked venus human trap  (NEWHP: 20)(292,227,1)
[16:51:16]ATTACK: Mutant attacked Molerat  (NEWHP: 21)(126,236,1)
[16:51:18]ATTACK: giant rad scorpion (515) attacked Default Cyborg-151  (NEWHP: -46)(40,159,1)
[16:51:18]ATTACK: Gunner shot Deathclaw with the bullet (NEWHP: 140)(392,393,1)
[16:51:19]ATTACK: Gunner shot Deathclaw with the bullet (NEWHP: 100)(391,393,1)
[16:51:19]ATTACK: Gunner shot Deathclaw with the bullet (NEWHP: 60)(390,393,1)
[16:51:20]ATTACK: giant rad scorpion (515) attacked Default Cyborg-151  (NEWHP: -62)(40,159,1)
[16:51:20]ATTACK: venus human trap attacked venus human trap  (NEWHP: 65)(292,226,1)
[16:51:20]ATTACK: Deathclaw attacked Gunner  (NEWHP: 138)(390,398,1)
[16:51:20]ATTACK: Gunner attacked Deathclaw  (NEWHP: 60)(389,397,1)
[16:51:23]ATTACK: giant rad scorpion (515) attacked Default Cyborg-151  (NEWHP: -78)(40,159,1)
[16:51:23]ATTACK: venus human trap attacked venus human trap  (NEWHP: 40)(277,225,1)
[16:51:23]ATTACK: venus human trap attacked venus human trap  (NEWHP: 55)(293,226,1)
[16:51:23]ATTACK: venus human trap attacked venus human trap  (NEWHP: 65)(278,225,1)
[16:51:25]ATTACK: giant rad scorpion (515) attacked Default Cyborg-151  (NEWHP: -96)(40,159,1)
[16:51:25]ATTACK: venus human trap attacked venus human trap  (NEWHP: 15)(277,225,1)
[16:51:25]ATTACK: venus human trap attacked venus human trap  (NEWHP: 40)(292,227,1)
[16:51:25]ATTACK: Gunner shot Deathclaw with the bullet (NEWHP: 20)(389,394,1)
[16:51:25]ATTACK: Gunner shot Deathclaw with the bullet (NEWHP: 0)(389,395,1)
[16:51:26]ATTACK: Gunner shot Deathclaw with the bullet (NEWHP: 0)(389,395,1)
[16:51:27]ATTACK: venus human trap attacked venus human trap  (NEWHP: 20)(292,226,1)
[16:51:33]ATTACK: venus human trap attacked venus human trap  (NEWHP: 65)(267,225,1)
[16:51:36]ATTACK: venus human trap attacked venus human trap  (NEWHP: 65)(266,226,1)
[16:51:36]ATTACK: venus human trap attacked venus human trap  (NEWHP: 40)(267,226,1)
[16:51:40]ATTACK: Molerat attacked Gekko nest  (NEWHP: 150)(129,155,1)
[16:51:40]ATTACK: venus human trap attacked venus human trap  (NEWHP: 40)(267,226,1)
[16:51:40]ATTACK: venus human trap attacked venus human trap  (NEWHP: 15)(267,225,1)
[16:51:40]ATTACK: Gekkon attacked Molerat  (NEWHP: 50)(128,155,1)
[16:51:42]ATTACK: Molerat attacked Gekko nest  (NEWHP: 145)(129,155,1)
[16:51:42]ATTACK: Gekkon attacked Molerat  (NEWHP: 38)(128,156,1)
[16:51:42]ATTACK: Gekkon attacked Molerat  (NEWHP: 23)(128,156,1)
[16:51:42]ATTACK: Gekkon attacked Molerat  (NEWHP: 10)(128,156,1)
[16:52:16]ATTACK: Molerat attacked Gekkon  (NEWHP: 60)(116,146,1)
[16:52:16]ATTACK: Molerat attacked Gekkon  (NEWHP: 54)(116,146,1)
[16:52:16]ATTACK: Molerat attacked Gekkon  (NEWHP: 48)(116,146,1)
[16:52:16]ATTACK: Gekkon attacked Molerat  (NEWHP: 50)(115,146,1)
[16:52:18]ATTACK: Molerat attacked Gekkon  (NEWHP: 38)(116,146,1)
[16:52:18]ATTACK: Molerat attacked Gekkon  (NEWHP: 32)(116,146,1)
[16:52:18]ATTACK: Molerat attacked Gekkon  (NEWHP: 24)(116,146,1)
[16:52:18]ATTACK: Gekkon attacked Molerat  (NEWHP: 37)(115,146,1)
[16:52:18]ATTACK: Gekkon attacked Molerat  (NEWHP: 50)(116,145,1)
[16:52:20]ATTACK: Merideth Yeskey(jackerzz) equipped Merideth Yeskey with the supa-fly raider helmet (NEWHP: 100)(189,124,1)
[16:52:20]ATTACK: Molerat attacked Gekkon  (NEWHP: 60)(117,145,1)
[16:52:20]ATTACK: Molerat attacked Gekkon  (NEWHP: 15)(116,146,1)
[16:52:20]ATTACK: Molerat attacked Gekkon  (NEWHP: 6)(116,146,1)
[16:52:20]ATTACK: Gekkon attacked Molerat  (NEWHP: 37)(116,145,1)
[16:52:22]ATTACK: Molerat attacked Gekkon  (NEWHP: 50)(117,145,1)
[16:52:23]ATTACK: Gekkon attacked Molerat  (NEWHP: 23)(116,145,1)
[16:52:25]ATTACK: Molerat attacked Gekkon  (NEWHP: 42)(117,145,1)
[16:52:25]ATTACK: Gekkon attacked Molerat  (NEWHP: 13)(116,145,1)
[16:52:27]ATTACK: Molerat attacked Gekkon  (NEWHP: 36)(117,145,1)
[16:52:27]ATTACK: Molerat attacked Gekkon  (NEWHP: 31)(117,145,1)
[16:52:27]ATTACK: Molerat attacked Gekkon  (NEWHP: 23)(117,145,1)
[16:52:27]ATTACK: Gekkon attacked Molerat  (NEWHP: 50)(117,146,1)
[16:52:27]ATTACK: Gekkon attacked Molerat  (NEWHP: 25)(116,146,1)
[16:52:29]ATTACK: Molerat attacked Gekkon  (NEWHP: 18)(117,145,1)
[16:52:29]ATTACK: Molerat attacked Gekkon  (NEWHP: 13)(117,145,1)
[16:52:29]ATTACK: Molerat attacked Gekkon  (NEWHP: 6)(117,145,1)
[16:52:29]ATTACK: Gekkon attacked Molerat  (NEWHP: 39)(117,146,1)
[16:52:29]ATTACK: Gekkon attacked Molerat  (NEWHP: 25)(117,146,1)
[16:52:29]ATTACK: Gekkon attacked Molerat  (NEWHP: 50)(116,145,1)
[16:52:31]ATTACK: Molerat attacked Gekkon  (NEWHP: 1)(117,145,1)
[16:52:31]ATTACK: Molerat attacked Gekkon  (NEWHP: 60)(117,147,1)
[16:52:31]ATTACK: Gekkon attacked Molerat  (NEWHP: 13)(117,146,1)
[16:52:31]ATTACK: Gekkon attacked Molerat  (NEWHP: 1)(117,146,1)
[16:52:35]ATTACK: Molerat attacked Gekkon  (NEWHP: 53)(117,147,1)
[16:52:35]ATTACK: Gekkon attacked Molerat  (NEWHP: 12)(116,147,1)
[16:52:37]ATTACK: Molerat attacked Gekkon  (NEWHP: 60)(117,145,1)
[16:52:37]ATTACK: Gekkon attacked Molerat  (NEWHP: 38)(116,145,1)
[16:52:39]ATTACK: Molerat attacked Gekkon  (NEWHP: 55)(117,145,1)
[16:52:40]ATTACK: Gekkon attacked Molerat  (NEWHP: 25)(116,145,1)
[16:52:40]ATTACK: Gekkon attacked Molerat  (NEWHP: 15)(116,145,1)
[16:52:42]ATTACK: Molerat attacked Gekkon  (NEWHP: 47)(117,145,1)
[16:52:42]ATTACK: Gekkon attacked Molerat  (NEWHP: 3)(116,145,1)
[16:52:45]ATTACK: Merideth Yeskey(jackerzz) stripped Unknown of the supa-fly raider helmet (NEWHP: 100)(189,124,1)
[16:53:22]ATTACK: Molerat attacked Gekkon  (NEWHP: 47)(107,140,1)
[16:53:22]ATTACK: Gekkon attacked Molerat  (NEWHP: 50)(108,140,1)
[16:53:24]ATTACK: Molerat attacked Gekkon  (NEWHP: 38)(107,140,1)
[16:53:24]ATTACK: Molerat attacked Gekkon  (NEWHP: 31)(107,140,1)
[16:53:24]ATTACK: Gekkon attacked Molerat  (NEWHP: 39)(108,140,1)
[16:53:24]ATTACK: Gekkon attacked Molerat  (NEWHP: 28)(108,140,1)
[16:53:26]ATTACK: Molerat attacked Gekkon  (NEWHP: 22)(107,140,1)
[16:53:26]ATTACK: Molerat attacked Gekkon  (NEWHP: 15)(107,140,1)
[16:53:26]ATTACK: Gekkon attacked Molerat  (NEWHP: 16)(108,140,1)
[16:53:26]ATTACK: Gekkon attacked Molerat  (NEWHP: 50)(106,140,1)
[16:53:28]ATTACK: Molerat attacked Gekkon  (NEWHP: 5)(107,140,1)
[16:53:28]ATTACK: Molerat attacked Gekkon  (NEWHP: 41)(109,140,1)
[16:53:28]ATTACK: Gekkon attacked Molerat  (NEWHP: 6)(108,140,1)
[16:53:35]ATTACK: Molerat attacked Gekkon  (NEWHP: 32)(108,140,1)
[16:53:35]ATTACK: Gekkon attacked Molerat  (NEWHP: 39)(107,140,1)
[16:53:37]ATTACK: Molerat attacked Gekkon  (NEWHP: 26)(108,140,1)
[16:53:37]ATTACK: Gekkon attacked Molerat  (NEWHP: 25)(107,140,1)
[16:53:37]ATTACK: Merideth Yeskey(jackerzz) stunned Merideth Yeskey with the police baton (NEWHP: 100)(186,123,1)
[16:53:39]ATTACK: Molerat attacked Gekkon  (NEWHP: 18)(108,140,1)
[16:53:39]ATTACK: Gekkon attacked Molerat  (NEWHP: 12)(107,140,1)
[16:53:41]ATTACK: Molerat attacked Gekkon  (NEWHP: 8)(108,140,1)
[16:53:41]ATTACK: Gekkon attacked Molerat  (NEWHP: 2)(107,140,1)
[16:53:46]ATTACK: Gunner shot Deathclaw with the bullet (NEWHP: 460)(387,396,1)
[16:53:46]ATTACK: Gunner shot Deathclaw with the bullet (NEWHP: 420)(388,396,1)
[16:53:48]ATTACK: giant rad scorpion (378) attacked brahmin  (NEWHP: 20)(224,145,1)
[16:53:48]ATTACK: Deathclaw attacked Gunner  (NEWHP: 91)(389,396,1)
[16:53:48]ATTACK: Gunner attacked Deathclaw  (NEWHP: 420)(388,396,1)
[16:53:50]ATTACK: giant rad scorpion (378) attacked brahmin  (NEWHP: 3)(224,145,1)
[16:53:50]ATTACK: Deathclaw attacked Gunner  (NEWHP: 40)(393,398,1)
[16:53:55]ATTACK: Merideth Yeskey(jackerzz) stunned Merideth Yeskey with the police baton (NEWHP: 100)(186,123,1)
[16:53:59]ATTACK: venus human trap attacked venus human trap  (NEWHP: 35)(282,225,1)
[16:54:01]ATTACK: venus human trap attacked venus human trap  (NEWHP: 5)(283,226,1)
[16:54:07]ATTACK: venus human trap attacked Cazador  (NEWHP: 50)(162,150,1)
[16:54:08]ATTACK: Cazador attacked venus human trap  (NEWHP: 70)(161,151,1)
[16:54:10]ATTACK: venus human trap attacked Cazador  (NEWHP: 25)(162,150,1)
[16:54:12]ATTACK: venus human trap attacked Cazador  (NEWHP: 50)(164,157,1)
[16:54:12]ATTACK: venus human trap attacked Cazador  (NEWHP: 0)(162,150,1)
[16:54:14]ATTACK: Cazador attacked venus human trap  (NEWHP: 46)(164,152,1)
[16:54:16]ATTACK: venus human trap attacked Cazador  (NEWHP: 20)(164,156,1)
[16:54:16]ATTACK: venus human trap attacked Cazador  (NEWHP: 0)(163,151,1)
[16:54:16]ATTACK: Cazador attacked venus human trap  (NEWHP: 27)(164,152,1)
[16:54:17]ATTACK: Merideth Yeskey(jackerzz) attacked Merideth Yeskey with police baton(INTENT: HARM) (DAMTYPE: BRUTE) (NEWHP: 100)(186,123,1)
[16:54:18]ATTACK: venus human trap attacked Cazador  (NEWHP: 50)(164,153,1)
[16:54:18]ATTACK: Cazador attacked venus human trap  (NEWHP: 7)(164,152,1)
[16:54:20]ATTACK: Merideth Yeskey(jackerzz) stunned Merideth Yeskey with the police baton (NEWHP: 96.4)(186,123,1)


Starting up. 17:05.56
---------------------
[17:08:11]ATTACK: Gunner attacked Deathclaw  (NEWHP: 500)(12,134,1)
[17:08:11]ATTACK: Deathclaw attacked Gunner  (NEWHP: 300)(11,134,1)
[17:08:11]ATTACK: Gunner shot Deathclaw with the bullet (NEWHP: 460)(390,395,1)
[17:08:12]ATTACK: Gunner shot Deathclaw with the bullet (NEWHP: 420)(390,396,1)
[17:08:13]ATTACK: Gunner attacked Deathclaw  (NEWHP: 500)(11,134,1)
[17:08:13]ATTACK: Deathclaw attacked Gunner  (NEWHP: 246)(10,134,1)
[17:08:13]ATTACK: Deathclaw attacked Gunner  (NEWHP: 192)(10,134,1)
[17:08:13]ATTACK: giant rad scorpion (170) attacked Default Cyborg-211  (NEWHP: 100)(40,159,1)
[17:08:13]ATTACK: Mutant attacked Molerat  (NEWHP: 50)(123,240,1)
[17:08:13]ATTACK: Molerat attacked Mutant  (NEWHP: 250)(123,241,1)
[17:08:13]ATTACK: Molerat attacked Mutant  (NEWHP: 250)(123,241,1)
[17:08:13]ATTACK: Mutant attacked Mutant  (NEWHP: 250)(149,241,1)
[17:08:13]ATTACK: Molerat attacked Mutant  (NEWHP: 250)(123,239,1)
[17:08:13]ATTACK: Molerat attacked Mutant  (NEWHP: 250)(123,239,1)
[17:08:13]ATTACK: Mutant attacked Molerat  (NEWHP: 50)(124,240,1)
[17:08:13]ATTACK: Molerat attacked Mutant  (NEWHP: 250)(123,239,1)
[17:08:13]ATTACK: Mutant attacked Mutant  (NEWHP: 250)(150,241,1)
[17:08:13]ATTACK: Mutant attacked Mutant  (NEWHP: 218)(149,241,1)
[17:08:13]ATTACK: Mutant attacked Mutant  (NEWHP: 185)(149,241,1)
[17:08:13]ATTACK: Deathclaw attacked Gunner  (NEWHP: 300)(392,397,1)
[17:08:13]ATTACK: Gunner attacked Deathclaw  (NEWHP: 420)(391,397,1)
[17:08:15]ATTACK: Gunner attacked Deathclaw  (NEWHP: 500)(10,135,1)
[17:08:15]ATTACK: Deathclaw attacked Gunner  (NEWHP: 136)(9,135,1)
[17:08:15]ATTACK: Deathclaw attacked Gunner  (NEWHP: 76)(9,135,1)
[17:08:15]ATTACK: giant rad scorpion (170) attacked Default Cyborg-211  (NEWHP: 84)(40,159,1)
[17:08:15]ATTACK: venus human trap attacked venus human trap  (NEWHP: 60)(294,226,1)
[17:08:16]ATTACK: Mutant attacked Molerat  (NEWHP: 22)(123,240,1)
[17:08:16]ATTACK: Mutant attacked Mutant  (NEWHP: 159)(149,242,1)
[17:08:16]ATTACK: Molerat attacked Mutant  (NEWHP: 250)(123,241,1)
[17:08:16]ATTACK: Molerat attacked Mutant  (NEWHP: 250)(123,241,1)
[17:08:16]ATTACK: Mutant attacked Mutant  (NEWHP: 131)(149,242,1)
[17:08:16]ATTACK: Mutant attacked Mutant  (NEWHP: 101)(149,242,1)
[17:08:16]ATTACK: Molerat attacked Mutant  (NEWHP: 250)(123,239,1)
[17:08:16]ATTACK: Mutant attacked Molerat  (NEWHP: 23)(124,240,1)
[17:08:16]ATTACK: Mutant attacked Mutant  (NEWHP: 218)(150,241,1)
[17:08:16]ATTACK: Mutant attacked Mutant  (NEWHP: 67)(149,242,1)
[17:08:16]ATTACK: Mutant attacked Mutant  (NEWHP: 42)(149,242,1)
[17:08:16]ATTACK: Cazador attacked Space Bat  (NEWHP: 15)(165,158,1)
[17:08:18]ATTACK: Deathclaw attacked Gunner  (NEWHP: 23)(15,136,1)
[17:08:18]ATTACK: giant rad scorpion (170) attacked Default Cyborg-211  (NEWHP: 67)(40,159,1)
[17:08:18]ATTACK: venus human trap attacked venus human trap  (NEWHP: 35)(294,225,1)
[17:08:18]ATTACK: Mutant attacked Mutant  (NEWHP: 16)(149,242,1)
[17:08:18]ATTACK: Molerat attacked Mutant  (NEWHP: 250)(123,241,1)
[17:08:18]ATTACK: Molerat attacked Mutant  (NEWHP: 250)(123,241,1)
[17:08:18]ATTACK: Molerat attacked Mutant  (NEWHP: 250)(123,239,1)
[17:08:18]ATTACK: Gunner shot Deathclaw with the bullet (NEWHP: 380)(391,398,1)
[17:08:18]ATTACK: Gunner shot Deathclaw with the bullet (NEWHP: 340)(392,398,1)
[17:08:19]ATTACK: Gunner shot Deathclaw with the bullet (NEWHP: 300)(393,398,1)
[17:08:20]ATTACK: giant rad scorpion (170) attacked Default Cyborg-211  (NEWHP: 49)(40,159,1)
[17:08:20]ATTACK: Mutant attacked Molerat  (NEWHP: 50)(122,240,1)
[17:08:20]ATTACK: Molerat attacked Mutant  (NEWHP: 250)(123,241,1)
[17:08:20]ATTACK: Molerat attacked Mutant  (NEWHP: 250)(123,239,1)
[17:08:20]ATTACK: Molerat attacked Mutant  (NEWHP: 250)(123,239,1)
[17:08:20]ATTACK: Mutant attacked Molerat  (NEWHP: 50)(124,241,1)
[17:08:20]ATTACK: Deathclaw attacked Gunner  (NEWHP: 249)(392,393,1)
[17:08:20]ATTACK: Gunner attacked Deathclaw  (NEWHP: 300)(393,394,1)
[17:08:22]ATTACK: giant rad scorpion (170) attacked Default Cyborg-211  (NEWHP: 31)(40,159,1)
[17:08:22]ATTACK: Mutant attacked Molerat  (NEWHP: 25)(122,240,1)
[17:08:22]ATTACK: Molerat attacked Mutant  (NEWHP: 250)(123,241,1)
[17:08:22]ATTACK: Molerat attacked Mutant  (NEWHP: 250)(123,239,1)
[17:08:22]ATTACK: Mutant attacked Molerat  (NEWHP: 24)(124,241,1)
[17:08:24]ATTACK: giant rad scorpion (170) attacked Default Cyborg-211  (NEWHP: 11)(40,159,1)
[17:08:24]ATTACK: Molerat attacked Mutant  (NEWHP: 250)(123,239,1)
[17:08:24]ATTACK: Gunner shot Deathclaw with the bullet (NEWHP: 260)(389,394,1)
[17:08:25]ATTACK: Gunner shot Deathclaw with the bullet (NEWHP: 220)(389,394,1)
[17:08:25]ATTACK: Gunner shot Deathclaw with the bullet (NEWHP: 180)(390,393,1)
[17:08:26]ATTACK: giant rad scorpion (170) attacked Default Cyborg-211  (NEWHP: -9)(40,159,1)
[17:08:26]ATTACK: Mutant attacked Molerat  (NEWHP: 50)(123,238,1)
[17:08:27]ATTACK: Molerat attacked Mutant  (NEWHP: 250)(123,239,1)
[17:08:29]ATTACK: giant rad scorpion (170) attacked Default Cyborg-211  (NEWHP: -29)(40,159,1)
[17:08:29]ATTACK: venus human trap attacked venus human trap  (NEWHP: 60)(294,226,1)
[17:08:29]ATTACK: Mutant attacked Molerat  (NEWHP: 21)(123,239,1)
[17:08:31]ATTACK: giant rad scorpion (170) attacked Default Cyborg-211  (NEWHP: -46)(40,159,1)
[17:08:31]ATTACK: Gunner shot Deathclaw with the bullet (NEWHP: 140)(390,393,1)
[17:08:31]ATTACK: Gunner shot Deathclaw with the bullet (NEWHP: 100)(391,393,1)
[17:08:31]ATTACK: Gunner shot Deathclaw with the bullet (NEWHP: 60)(392,393,1)
[17:08:33]ATTACK: giant rad scorpion (170) attacked Default Cyborg-211  (NEWHP: -64)(40,159,1)
[17:08:33]ATTACK: venus human trap attacked venus human trap  (NEWHP: 65)(295,225,1)
[17:08:35]ATTACK: giant rad scorpion (170) attacked Default Cyborg-211  (NEWHP: -81)(40,159,1)
[17:08:35]ATTACK: venus human trap attacked venus human trap  (NEWHP: 30)(294,225,1)
[17:08:35]ATTACK: venus human trap attacked venus human trap  (NEWHP: 40)(295,226,1)
[17:08:37]ATTACK: giant rad scorpion (170) attacked Default Cyborg-211  (NEWHP: -98)(40,159,1)
[17:08:37]ATTACK: venus human trap attacked venus human trap  (NEWHP: 5)(294,225,1)
[17:08:37]ATTACK: Deathclaw attacked Gunner  (NEWHP: 204)(394,394,1)
[17:08:37]ATTACK: Gunner attacked Deathclaw  (NEWHP: 60)(393,393,1)
[17:08:39]ATTACK: Gunner shot Deathclaw with the bullet (NEWHP: 20)(391,398,1)
[17:08:40]ATTACK: Gunner shot Deathclaw with the bullet (NEWHP: 0)(390,398,1)
[17:08:40]ATTACK: Gunner shot Deathclaw with the bullet (NEWHP: 0)(390,398,1)
[17:09:25]ATTACK: Deathclaw attacked Gunner  (NEWHP: 158)(394,394,1)
[17:09:25]ATTACK: Gunner attacked Deathclaw  (NEWHP: 500)(393,394,1)
[17:09:27]ATTACK: Deathclaw attacked Gunner  (NEWHP: 115)(390,398,1)
[17:09:27]ATTACK: Gunner attacked Deathclaw  (NEWHP: 500)(391,398,1)
[17:09:29]ATTACK: Deathclaw attacked Gunner  (NEWHP: 66)(384,396,1)
[17:09:29]ATTACK: Gunner attacked Deathclaw  (NEWHP: 500)(385,396,1)
[17:09:31]ATTACK: Deathclaw attacked Gunner  (NEWHP: 20)(387,397,1)
[17:09:40]ATTACK: Molerat attacked Gekkon  (NEWHP: 60)(118,147,1)
[17:09:40]ATTACK: Molerat attacked Gekkon  (NEWHP: 55)(118,147,1)
[17:09:40]ATTACK: Molerat attacked Gekkon  (NEWHP: 47)(118,147,1)
[17:09:40]ATTACK: Molerat attacked Gekkon  (NEWHP: 41)(118,147,1)
[17:09:40]ATTACK: Gekkon attacked Molerat  (NEWHP: 50)(117,147,1)
[17:09:42]ATTACK: Molerat attacked Gekkon  (NEWHP: 35)(118,147,1)
[17:09:42]ATTACK: Molerat attacked Gekkon  (NEWHP: 28)(118,147,1)
[17:09:42]ATTACK: Molerat attacked Gekkon  (NEWHP: 23)(118,147,1)
[17:09:42]ATTACK: Molerat attacked Gekkon  (NEWHP: 16)(118,147,1)
[17:09:42]ATTACK: Gekkon attacked Molerat  (NEWHP: 50)(117,146,1)
[17:09:42]ATTACK: Gekkon attacked Molerat  (NEWHP: 50)(118,146,1)
[17:09:42]ATTACK: Gekkon attacked Molerat  (NEWHP: 36)(118,146,1)
[17:09:45]ATTACK: Molerat attacked Gekkon  (NEWHP: 9)(118,147,1)
[17:09:45]ATTACK: Molerat attacked Gekkon  (NEWHP: 3)(118,147,1)
[17:09:45]ATTACK: Gekkon attacked Molerat  (NEWHP: 26)(118,146,1)
[17:09:45]ATTACK: Gekkon attacked Molerat  (NEWHP: 12)(118,146,1)
[17:09:47]ATTACK: Gekkon attacked Molerat  (NEWHP: 2)(118,146,1)
[17:09:49]ATTACK: Molerat attacked Gekkon  (NEWHP: 60)(119,146,1)
[17:09:49]ATTACK: Molerat attacked Gekkon  (NEWHP: 53)(119,146,1)
[17:09:49]ATTACK: Gekkon attacked Molerat  (NEWHP: 50)(118,146,1)
[17:09:51]ATTACK: Molerat attacked Gekkon  (NEWHP: 44)(118,145,1)
[17:09:51]ATTACK: Molerat attacked Gekkon  (NEWHP: 37)(118,145,1)
[17:09:51]ATTACK: Molerat attacked Gekkon  (NEWHP: 31)(118,145,1)
[17:09:51]ATTACK: Gekkon attacked Molerat  (NEWHP: 36)(119,146,1)
[17:09:51]ATTACK: Gekkon attacked Molerat  (NEWHP: 38)(117,146,1)
[17:09:53]ATTACK: Molerat attacked Gekkon  (NEWHP: 60)(118,147,1)
[17:09:53]ATTACK: Molerat attacked Gekkon  (NEWHP: 22)(118,145,1)
[17:09:53]ATTACK: Molerat attacked Gekkon  (NEWHP: 15)(118,145,1)
[17:09:53]ATTACK: Gekkon attacked Molerat  (NEWHP: 38)(118,146,1)
[17:09:53]ATTACK: Gekkon attacked Molerat  (NEWHP: 23)(117,146,1)
[17:09:55]ATTACK: Molerat attacked Gekkon  (NEWHP: 54)(118,147,1)
[17:09:55]ATTACK: Molerat attacked Gekkon  (NEWHP: 6)(118,145,1)
[17:09:56]ATTACK: Gekkon attacked Molerat  (NEWHP: 8)(117,146,1)
[17:09:56]ATTACK: Gekkon attacked Molerat  (NEWHP: 24)(119,146,1)
[17:09:58]ATTACK: Molerat attacked Gekkon  (NEWHP: 48)(118,147,1)
[17:09:58]ATTACK: Molerat attacked Gekkon  (NEWHP: 60)(119,146,1)
[17:09:58]ATTACK: Gekkon attacked Molerat  (NEWHP: 27)(118,145,1)
[17:09:58]ATTACK: Gekkon attacked Molerat  (NEWHP: 14)(119,148,1)
[17:09:58]ATTACK: Gekkon attacked Molerat  (NEWHP: 3)(119,148,1)
[17:10:00]ATTACK: Molerat attacked Gekkon  (NEWHP: 54)(119,146,1)
[17:10:00]ATTACK: Gekkon attacked Molerat  (NEWHP: 12)(118,145,1)
[17:10:02]ATTACK: Molerat attacked Gekkon  (NEWHP: 46)(119,147,1)
[17:10:02]ATTACK: Gekkon attacked Molerat  (NEWHP: 2)(118,146,1)
[17:10:05]ATTACK: Unknown(jackerzz) stunned Merideth Yeskey(@jackerzz) with the police baton (NEWHP: 100)(372,351,1)
[17:10:10]ATTACK: Unknown(jackerzz) stunned Unknown(jackerzz) with the police baton (NEWHP: 100)(370,350,1)
[17:10:26]ATTACK: Molerat attacked Gekkon  (NEWHP: 60)(113,143,1)
[17:10:26]ATTACK: Gekkon attacked Molerat  (NEWHP: 50)(112,143,1)
[17:10:26]ATTACK: Gekkon attacked Molerat  (NEWHP: 36)(112,143,1)
[17:10:28]ATTACK: Molerat attacked Gekkon  (NEWHP: 54)(113,143,1)
[17:10:28]ATTACK: Molerat attacked Gekkon  (NEWHP: 40)(113,149,1)
[17:10:28]ATTACK: Gekkon attacked Molerat  (NEWHP: 50)(114,149,1)
[17:10:28]ATTACK: Gekkon attacked Molerat  (NEWHP: 26)(112,143,1)
[17:10:28]ATTACK: Gekkon attacked Molerat  (NEWHP: 13)(112,143,1)
[17:10:28]ATTACK: Gekkon attacked Molerat  (NEWHP: 39)(114,149,1)
[17:10:30]ATTACK: Molerat attacked Gekkon  (NEWHP: 49)(113,143,1)
[17:10:30]ATTACK: Molerat attacked Gekkon  (NEWHP: 60)(114,148,1)
[17:10:30]ATTACK: Gekkon attacked Molerat  (NEWHP: 29)(114,149,1)
[17:10:30]ATTACK: Gekkon attacked Molerat  (NEWHP: 2)(112,143,1)
[17:10:30]ATTACK: Gekkon attacked Molerat  (NEWHP: 18)(114,149,1)
[17:10:32]ATTACK: Molerat attacked Gekkon  (NEWHP: 32)(113,149,1)
[17:10:32]ATTACK: Gekkon attacked Molerat  (NEWHP: 6)(114,149,1)
[17:10:33]ATTACK: Merideth Yeskey(jackerzz) shaked Unknown  (NEWHP: 100)(371,350,1)
[17:10:35]ATTACK: Merideth Yeskey(jackerzz) disarmed Unknown  (NEWHP: 100)(370,350,1)
[17:10:36]ATTACK: Molerat attacked Gekkon  (NEWHP: 38)(116,138,1)
[17:10:37]ATTACK: Gekkon attacked Molerat  (NEWHP: 50)(116,137,1)
[17:10:37]ATTACK: Gekkon attacked Molerat  (NEWHP: 39)(116,137,1)
[17:10:37]ATTACK: Merideth Yeskey(jackerzz) stunned Unknown with the police baton (NEWHP: 100)(370,350,1)
[17:10:39]ATTACK: Molerat attacked Gekkon  (NEWHP: 29)(116,138,1)
[17:10:39]ATTACK: Gekkon attacked Molerat  (NEWHP: 24)(116,137,1)
[17:10:39]ATTACK: Gekkon attacked Molerat  (NEWHP: 14)(116,137,1)
[17:10:41]ATTACK: Molerat attacked Gekkon  (NEWHP: 40)(117,138,1)
[17:10:41]ATTACK: Gekkon attacked Molerat  (NEWHP: 1)(116,137,1)
[17:10:43]ATTACK: Molerat attacked Gekkon  (NEWHP: 31)(117,138,1)
[17:10:45]ATTACK: Molerat attacked Gekkon  (NEWHP: 21)(117,138,1)
[17:10:45]ATTACK: Gekkon attacked Molerat  (NEWHP: 50)(117,137,1)
[17:10:47]ATTACK: Molerat attacked Gekkon  (NEWHP: 15)(117,138,1)
[17:10:47]ATTACK: Gekkon attacked Molerat  (NEWHP: 39)(117,137,1)
[17:10:47]ATTACK: Gekkon attacked Molerat  (NEWHP: 27)(117,137,1)
[17:10:50]ATTACK: Molerat attacked Gekkon  (NEWHP: 6)(117,138,1)
[17:10:50]ATTACK: Gekkon attacked Molerat  (NEWHP: 16)(117,137,1)
[17:10:50]ATTACK: Gekkon attacked Molerat  (NEWHP: 5)(117,137,1)
[17:11:26]ATTACK: Merideth Yeskey(jackerzz) stunned Unknown with the police baton (NEWHP: 100)(370,350,1)
[17:11:41]ATTACK: Merideth Yeskey(jackerzz) stunned Merideth Yeskey(jackerzz) with the police baton (NEWHP: 100)(376,387,1)
[17:11:44]ATTACK: Deathclaw attacked Merideth Yeskey(jackerzz)  (NEWHP: 100)(376,387,1)
[17:11:44]ATTACK: Deathclaw attacked Merideth Yeskey(jackerzz)  (NEWHP: 57)(376,387,1)
[17:11:47]ATTACK: Deathclaw attacked Merideth Yeskey(jackerzz)  (NEWHP: 7)(376,387,1)
[17:11:47]ATTACK: Deathclaw attacked Merideth Yeskey(jackerzz)  (NEWHP: -53)(376,387,1)
[17:11:58]ATTACK: yaogai attacked Gekkon  (NEWHP: 60)(140,158,1)
[17:11:58]ATTACK: Gekkon attacked yaogai  (NEWHP: 300)(141,158,1)
[17:12:00]ATTACK: yaogai attacked Gekkon  (NEWHP: 34)(140,158,1)
[17:12:00]ATTACK: Gekkon attacked yaogai  (NEWHP: 290)(141,158,1)
[17:12:00]ATTACK: Gekkon attacked yaogai  (NEWHP: 277)(141,158,1)
[17:12:02]ATTACK: yaogai attacked Gekkon  (NEWHP: 2)(140,158,1)
[17:12:02]ATTACK: Gekkon attacked yaogai  (NEWHP: 263)(141,158,1)
[17:12:04]ATTACK: Gekkon attacked yaogai  (NEWHP: 250)(141,158,1)
[17:12:06]ATTACK: yaogai attacked Gekkon  (NEWHP: 60)(140,157,1)
[17:12:06]ATTACK: Gekkon attacked yaogai  (NEWHP: 240)(141,158,1)
[17:12:08]ATTACK: venus human trap attacked Cazador  (NEWHP: 50)(161,151,1)
[17:12:08]ATTACK: yaogai attacked Gekkon  (NEWHP: 26)(140,157,1)
[17:12:08]ATTACK: Cazador attacked venus human trap  (NEWHP: 65)(160,151,1)
[17:12:10]ATTACK: Merideth Yeskey(jackerzz) stunned Merideth Yeskey(jackerzz) with the police baton (NEWHP: 100)(375,388,1)
[17:12:11]ATTACK: venus human trap attacked Cazador  (NEWHP: 25)(161,151,1)
[17:12:13]ATTACK: venus human trap attacked Cazador  (NEWHP: 0)(161,151,1)
[17:12:15]ATTACK: venus human trap attacked Cazador  (NEWHP: 50)(161,151,1)
[17:12:15]ATTACK: Cazador attacked venus human trap  (NEWHP: 44)(160,152,1)
[17:12:17]ATTACK: venus human trap attacked Cazador  (NEWHP: 25)(161,151,1)
[17:12:17]ATTACK: yaogai attacked Gekkon  (NEWHP: 60)(140,157,1)
[17:12:17]ATTACK: Gekkon attacked yaogai  (NEWHP: 225)(141,158,1)
[17:12:19]ATTACK: venus human trap attacked Cazador  (NEWHP: 0)(161,151,1)
[17:12:19]ATTACK: yaogai attacked Gekkon  (NEWHP: 29)(140,157,1)
[17:12:22]ATTACK: Gekkon attacked yaogai  (NEWHP: 210)(141,158,1)
[17:12:22]ATTACK: Gekkon attacked yaogai  (NEWHP: 199)(141,158,1)
[17:12:24]ATTACK: yaogai attacked Gekkon  (NEWHP: 60)(140,157,1)
[17:12:24]ATTACK: Gekkon attacked yaogai  (NEWHP: 185)(141,158,1)
[17:12:24]ATTACK: Gekkon attacked yaogai  (NEWHP: 171)(141,158,1)
[17:12:26]ATTACK: yaogai attacked Gekkon  (NEWHP: 60)(140,158,1)
[17:12:26]ATTACK: Gekkon attacked yaogai  (NEWHP: 159)(141,158,1)
[17:12:26]ATTACK: Gekkon attacked yaogai  (NEWHP: 145)(141,158,1)
[17:12:28]ATTACK: yaogai attacked Gekkon  (NEWHP: 35)(140,158,1)
[17:12:28]ATTACK: Gekkon attacked yaogai  (NEWHP: 134)(141,158,1)
[17:12:28]ATTACK: Gekkon attacked yaogai  (NEWHP: 120)(141,158,1)
[17:12:30]ATTACK: yaogai attacked Gekkon  (NEWHP: 35)(140,157,1)
[17:12:30]ATTACK: Gekkon attacked yaogai  (NEWHP: 105)(141,158,1)
[17:12:30]ATTACK: Gekkon attacked yaogai  (NEWHP: 91)(141,158,1)
[17:12:32]ATTACK: yaogai attacked Gekkon  (NEWHP: 4)(140,157,1)
[17:12:32]ATTACK: Gekkon attacked yaogai  (NEWHP: 77)(141,158,1)
[17:12:35]ATTACK: Gekkon attacked yaogai  (NEWHP: 62)(141,158,1)
[17:12:37]ATTACK: yaogai attacked Gekkon  (NEWHP: 8)(140,158,1)
[17:12:41]ATTACK: giant rad scorpion (570) attacked Gekkon  (NEWHP: 60)(109,57,1)
[17:12:41]ATTACK: Gekkon attacked giant rad scorpion (570)  (NEWHP: 200)(108,57,1)
[17:12:43]ATTACK: giant rad scorpion (570) attacked Gekkon  (NEWHP: 41)(109,57,1)
[17:12:43]ATTACK: Gekkon attacked giant rad scorpion (570)  (NEWHP: 186)(108,57,1)
[17:12:43]ATTACK: yaogai attacked Gekkon  (NEWHP: 60)(140,158,1)
[17:12:43]ATTACK: Gekkon attacked yaogai  (NEWHP: 51)(141,158,1)
[17:12:45]ATTACK: giant rad scorpion (570) attacked Gekkon  (NEWHP: 25)(109,57,1)
[17:12:45]ATTACK: Gekkon attacked giant rad scorpion (570)  (NEWHP: 171)(108,57,1)
[17:12:45]ATTACK: yaogai attacked Gekkon  (NEWHP: 35)(140,158,1)
[17:12:45]ATTACK: Gekkon attacked yaogai  (NEWHP: 36)(141,158,1)
[17:12:48]ATTACK: giant rad scorpion (570) attacked Gekkon  (NEWHP: 9)(109,57,1)
[17:12:48]ATTACK: yaogai attacked Gekkon  (NEWHP: 2)(140,158,1)
[17:12:50]ATTACK: Molerat attacked Gekkon  (NEWHP: 22)(116,138,1)
[17:12:50]ATTACK: Gekkon attacked Molerat  (NEWHP: 50)(115,138,1)
[17:12:50]ATTACK: Gekkon attacked Molerat  (NEWHP: 39)(115,138,1)
[17:12:52]ATTACK: Molerat attacked Gekkon  (NEWHP: 1)(115,139,1)
[17:12:52]ATTACK: Gekkon attacked Molerat  (NEWHP: 24)(115,138,1)
[17:12:54]ATTACK: Gekkon attacked Molerat  (NEWHP: 12)(115,138,1)
[17:13:20]ATTACK: Deathclaw attacked Unknown(jackerzz)  (NEWHP: 100)(372,394,1)
[17:13:23]ATTACK: Deathclaw attacked Unknown(jackerzz)  (NEWHP: 100)(374,396,1)
[17:13:25]ATTACK: Deathclaw attacked Unknown(jackerzz)  (NEWHP: 100)(375,396,1)
[17:13:25]ATTACK: Deathclaw attacked Unknown(jackerzz)  (NEWHP: 100)(375,396,1)
[17:13:25]ATTACK: Deathclaw attacked Unknown(jackerzz)  (NEWHP: 100)(375,396,1)
[17:13:27]ATTACK: Deathclaw attacked Unknown(jackerzz)  (NEWHP: 100)(375,396,1)
[17:13:27]ATTACK: Deathclaw attacked Unknown(jackerzz)  (NEWHP: 100)(375,396,1)
[17:13:27]ATTACK: Deathclaw attacked Unknown(jackerzz)  (NEWHP: 100)(375,396,1)
[17:13:29]ATTACK: Deathclaw attacked Unknown(jackerzz)  (NEWHP: 100)(375,396,1)
[17:13:29]ATTACK: Deathclaw attacked Unknown(jackerzz)  (NEWHP: 100)(375,396,1)
[17:13:29]ATTACK: Deathclaw attacked Unknown(jackerzz)  (NEWHP: 100)(375,396,1)
[17:13:31]ATTACK: Deathclaw attacked Unknown(jackerzz)  (NEWHP: 100)(375,396,1)
[17:13:31]ATTACK: Deathclaw attacked Unknown(jackerzz)  (NEWHP: 100)(375,396,1)
[17:13:31]ATTACK: Deathclaw attacked Unknown(jackerzz)  (NEWHP: 100)(375,396,1)
[17:13:34]ATTACK: Deathclaw attacked Unknown(jackerzz)  (NEWHP: 100)(375,396,1)
[17:13:34]ATTACK: Deathclaw attacked Unknown(jackerzz)  (NEWHP: 100)(375,396,1)
[17:13:34]ATTACK: Deathclaw attacked Unknown(jackerzz)  (NEWHP: 100)(375,396,1)
[17:13:36]ATTACK: Deathclaw attacked Unknown(jackerzz)  (NEWHP: 100)(375,396,1)
[17:13:36]ATTACK: Deathclaw attacked Unknown(jackerzz)  (NEWHP: 100)(375,396,1)
[17:13:36]ATTACK: Deathclaw attacked Unknown(jackerzz)  (NEWHP: 100)(375,396,1)
[17:13:38]ATTACK: Deathclaw attacked Unknown(jackerzz)  (NEWHP: 100)(375,396,1)
[17:13:38]ATTACK: Deathclaw attacked Unknown(jackerzz)  (NEWHP: 100)(375,396,1)
[17:13:38]ATTACK: Deathclaw attacked Unknown(jackerzz)  (NEWHP: 100)(375,396,1)
[17:13:40]ATTACK: Deathclaw attacked Unknown(jackerzz)  (NEWHP: 100)(375,396,1)
[17:13:40]ATTACK: Deathclaw attacked Unknown(jackerzz)  (NEWHP: 100)(375,396,1)
[17:13:42]ATTACK: Deathclaw attacked Unknown(jackerzz)  (NEWHP: 100)(375,396,1)
[17:13:42]ATTACK: Deathclaw attacked Unknown(jackerzz)  (NEWHP: 100)(375,396,1)
[17:13:43]ATTACK: Unknown(jackerzz) attacked Deathclaw  (NEWHP: 500)(376,395,1)
[17:13:45]ATTACK: Deathclaw attacked Unknown(jackerzz)  (NEWHP: 100)(375,396,1)
[17:13:45]ATTACK: Deathclaw attacked Unknown(jackerzz)  (NEWHP: 100)(375,396,1)
[17:13:45]ATTACK: Deathclaw attacked Unknown(jackerzz)  (NEWHP: 100)(375,396,1)
[17:13:47]ATTACK: Deathclaw attacked Unknown(jackerzz)  (NEWHP: 100)(375,396,1)
[17:13:47]ATTACK: Deathclaw attacked Unknown(jackerzz)  (NEWHP: 100)(375,396,1)
[17:13:49]ATTACK: Deathclaw attacked Unknown(jackerzz)  (NEWHP: 100)(375,396,1)
[17:13:49]ATTACK: Deathclaw attacked Unknown(jackerzz)  (NEWHP: 100)(375,396,1)
[17:13:49]ATTACK: Deathclaw attacked Unknown(jackerzz)  (NEWHP: 100)(375,396,1)
[17:13:51]ATTACK: Deathclaw attacked Unknown(jackerzz)  (NEWHP: 100)(375,396,1)
[17:13:51]ATTACK: Deathclaw attacked Unknown(jackerzz)  (NEWHP: 100)(375,396,1)
[17:13:53]ATTACK: Deathclaw attacked Unknown(jackerzz)  (NEWHP: 100)(375,396,1)
[17:13:53]ATTACK: Deathclaw attacked Unknown(jackerzz)  (NEWHP: 100)(375,396,1)
[17:13:53]ATTACK: Deathclaw attacked Unknown(jackerzz)  (NEWHP: 100)(375,396,1)
[17:13:56]ATTACK: Deathclaw attacked Unknown(jackerzz)  (NEWHP: 100)(375,396,1)
[17:13:56]ATTACK: Deathclaw attacked Unknown(jackerzz)  (NEWHP: 100)(375,396,1)
[17:13:56]ATTACK: Deathclaw attacked Unknown(jackerzz)  (NEWHP: 100)(375,396,1)
[17:13:58]ATTACK: Deathclaw attacked Unknown(jackerzz)  (NEWHP: 100)(375,396,1)
[17:13:58]ATTACK: Deathclaw attacked Unknown(jackerzz)  (NEWHP: 100)(375,396,1)
[17:13:58]ATTACK: Deathclaw attacked Unknown(jackerzz)  (NEWHP: 100)(375,396,1)
[17:14:00]ATTACK: yaogai attacked Gekkon  (NEWHP: 60)(141,158,1)
[17:14:00]ATTACK: Deathclaw attacked Unknown(jackerzz)  (NEWHP: 100)(374,396,1)
[17:14:00]ATTACK: Deathclaw attacked Unknown(jackerzz)  (NEWHP: 100)(374,396,1)
[17:14:00]ATTACK: Gekkon attacked yaogai  (NEWHP: 22)(142,158,1)
[17:14:02]ATTACK: yaogai attacked Gekkon  (NEWHP: 26)(141,158,1)
[17:14:02]ATTACK: Deathclaw attacked Unknown(jackerzz)  (NEWHP: 100)(373,394,1)
[17:14:02]ATTACK: Deathclaw attacked Unknown(jackerzz)  (NEWHP: 100)(373,394,1)
[17:14:02]ATTACK: Deathclaw attacked Unknown(jackerzz)  (NEWHP: 100)(373,394,1)
[17:14:04]ATTACK: Deathclaw attacked Unknown(jackerzz)  (NEWHP: 100)(374,395,1)
[17:14:04]ATTACK: Deathclaw attacked Unknown(jackerzz)  (NEWHP: 100)(374,395,1)
[17:14:04]ATTACK: Deathclaw attacked Unknown(jackerzz)  (NEWHP: 100)(374,395,1)
[17:14:06]ATTACK: Deathclaw attacked Unknown(jackerzz)  (NEWHP: 100)(374,394,1)
[17:14:06]ATTACK: Deathclaw attacked Unknown(jackerzz)  (NEWHP: 100)(374,394,1)
[17:14:09]ATTACK: Deathclaw attacked Unknown(jackerzz)  (NEWHP: 100)(374,394,1)
[17:14:09]ATTACK: Deathclaw attacked Unknown(jackerzz)  (NEWHP: 100)(374,394,1)
[17:14:09]ATTACK: Deathclaw attacked Unknown(jackerzz)  (NEWHP: 100)(374,394,1)
[17:14:11]ATTACK: Deathclaw attacked Unknown(jackerzz)  (NEWHP: 100)(374,394,1)
[17:14:11]ATTACK: Deathclaw attacked Unknown(jackerzz)  (NEWHP: 100)(374,394,1)
[17:14:11]ATTACK: Deathclaw attacked Unknown(jackerzz)  (NEWHP: 100)(374,394,1)
[17:14:13]ATTACK: rad scorpion (797) attacked mouse  (NEWHP: 5)(241,237,1)
[17:14:13]ATTACK: Deathclaw attacked Unknown(jackerzz)  (NEWHP: 100)(374,394,1)
[17:14:13]ATTACK: Deathclaw attacked Unknown(jackerzz)  (NEWHP: 100)(374,394,1)
[17:14:13]ATTACK: Deathclaw attacked Unknown(jackerzz)  (NEWHP: 100)(374,394,1)
[17:14:15]ATTACK: Deathclaw attacked Unknown(jackerzz)  (NEWHP: 100)(374,394,1)
[17:14:15]ATTACK: Deathclaw attacked Unknown(jackerzz)  (NEWHP: 100)(374,394,1)
[17:14:15]ATTACK: Deathclaw attacked Unknown(jackerzz)  (NEWHP: 100)(374,394,1)
[17:14:17]ATTACK: Deathclaw attacked Unknown(jackerzz)  (NEWHP: 100)(374,394,1)
[17:14:17]ATTACK: Deathclaw attacked Unknown(jackerzz)  (NEWHP: 100)(374,394,1)
[17:14:17]ATTACK: Deathclaw attacked Unknown(jackerzz)  (NEWHP: 100)(374,394,1)
[17:14:20]ATTACK: Deathclaw attacked Unknown(jackerzz)  (NEWHP: 100)(374,394,1)
[17:14:20]ATTACK: Deathclaw attacked Unknown(jackerzz)  (NEWHP: 100)(374,394,1)
[17:14:20]ATTACK: Deathclaw attacked Unknown(jackerzz)  (NEWHP: 100)(374,394,1)
[17:14:22]ATTACK: Deathclaw attacked Unknown(jackerzz)  (NEWHP: 100)(374,394,1)
[17:14:22]ATTACK: Deathclaw attacked Unknown(jackerzz)  (NEWHP: 100)(374,394,1)
[17:14:22]ATTACK: Deathclaw attacked Unknown(jackerzz)  (NEWHP: 100)(374,394,1)
[17:14:24]ATTACK: Deathclaw attacked Unknown(jackerzz)  (NEWHP: 100)(374,394,1)
[17:14:24]ATTACK: Deathclaw attacked Unknown(jackerzz)  (NEWHP: 100)(374,394,1)
[17:14:24]ATTACK: Deathclaw attacked Unknown(jackerzz)  (NEWHP: 100)(374,394,1)
[17:14:26]ATTACK: Deathclaw attacked Unknown(jackerzz)  (NEWHP: 100)(374,394,1)
[17:14:26]ATTACK: Deathclaw attacked Unknown(jackerzz)  (NEWHP: 100)(374,394,1)
[17:14:26]ATTACK: Deathclaw attacked Unknown(jackerzz)  (NEWHP: 100)(374,394,1)
[17:14:28]ATTACK: Deathclaw attacked Unknown(jackerzz)  (NEWHP: 100)(374,394,1)
[17:14:28]ATTACK: Deathclaw attacked Unknown(jackerzz)  (NEWHP: 100)(374,394,1)
[17:14:28]ATTACK: Deathclaw attacked Unknown(jackerzz)  (NEWHP: 100)(374,394,1)
[17:14:30]ATTACK: giant rad scorpion (165) attacked brahmin  (NEWHP: 20)(224,145,1)
[17:14:30]ATTACK: Deathclaw attacked Unknown(jackerzz)  (NEWHP: 100)(374,394,1)
[17:14:30]ATTACK: Deathclaw attacked Unknown(jackerzz)  (NEWHP: 100)(374,394,1)
[17:14:30]ATTACK: Deathclaw attacked Unknown(jackerzz)  (NEWHP: 100)(374,394,1)
[17:14:32]ATTACK: Unknown(jackerzz) attacked Deathclaw  (NEWHP: 500)(373,395,1)
[17:14:32]ATTACK: Unknown(jackerzz) attacked Deathclaw  (NEWHP: 500)(373,395,1)
[17:14:32]ATTACK: giant rad scorpion (165) attacked brahmin  (NEWHP: 5)(224,145,1)
[17:14:33]ATTACK: Deathclaw attacked Unknown(jackerzz)  (NEWHP: 100)(374,394,1)
[17:14:33]ATTACK: Deathclaw attacked Unknown(jackerzz)  (NEWHP: 100)(374,394,1)
[17:14:33]ATTACK: Deathclaw attacked Unknown(jackerzz)  (NEWHP: 100)(374,394,1)
[17:14:35]ATTACK: Deathclaw attacked Unknown(jackerzz)  (NEWHP: 100)(374,394,1)
[17:14:35]ATTACK: Deathclaw attacked Unknown(jackerzz)  (NEWHP: 100)(374,394,1)
[17:14:35]ATTACK: Deathclaw attacked Unknown(jackerzz)  (NEWHP: 100)(374,394,1)
[17:14:35]ATTACK: Unknown(jackerzz) attacked Deathclaw with telescopic baton(INTENT: HARM) (DAMTYPE: BRUTE) (NEWHP: 500)(373,395,1)
[17:14:36]ATTACK: Unknown(jackerzz) attacked Deathclaw with telescopic baton(INTENT: HARM) (DAMTYPE: BRUTE) (NEWHP: 500)(373,394,1)
[17:14:37]ATTACK: Unknown(jackerzz) attacked Deathclaw with telescopic baton(INTENT: HARM) (DAMTYPE: BRUTE) (NEWHP: 500)(373,394,1)
[17:14:37]ATTACK: Deathclaw attacked Unknown(jackerzz)  (NEWHP: 100)(374,394,1)
[17:14:37]ATTACK: Deathclaw attacked Unknown(jackerzz)  (NEWHP: 100)(374,394,1)
[17:14:37]ATTACK: Deathclaw attacked Unknown(jackerzz)  (NEWHP: 100)(374,394,1)
[17:14:39]ATTACK: Deathclaw attacked Unknown(jackerzz)  (NEWHP: 100)(374,394,1)
[17:14:39]ATTACK: Deathclaw attacked Unknown(jackerzz)  (NEWHP: 100)(374,394,1)
[17:14:39]ATTACK: Deathclaw attacked Unknown(jackerzz)  (NEWHP: 100)(374,394,1)
[17:14:39]ATTACK: Unknown(jackerzz) attacked Deathclaw with telescopic baton(INTENT: HARM) (DAMTYPE: BRUTE) (NEWHP: 500)(373,394,1)
[17:14:40]ATTACK: Unknown(jackerzz) attacked Deathclaw with telescopic baton(INTENT: HARM) (DAMTYPE: BRUTE) (NEWHP: 500)(373,394,1)
[17:14:41]ATTACK: Deathclaw attacked Unknown(jackerzz)  (NEWHP: 100)(374,394,1)
[17:14:41]ATTACK: Deathclaw attacked Unknown(jackerzz)  (NEWHP: 100)(374,394,1)
[17:14:41]ATTACK: Deathclaw attacked Unknown(jackerzz)  (NEWHP: 100)(374,394,1)
[17:14:43]ATTACK: Deathclaw attacked Unknown(jackerzz)  (NEWHP: 100)(374,394,1)
[17:14:43]ATTACK: Deathclaw attacked Unknown(jackerzz)  (NEWHP: 100)(374,394,1)
[17:14:43]ATTACK: Deathclaw attacked Unknown(jackerzz)  (NEWHP: 100)(374,394,1)
[17:14:46]ATTACK: Deathclaw attacked Unknown(jackerzz)  (NEWHP: 100)(374,394,1)
[17:14:46]ATTACK: Deathclaw attacked Unknown(jackerzz)  (NEWHP: 100)(374,394,1)
[17:14:46]ATTACK: Deathclaw attacked Unknown(jackerzz)  (NEWHP: 100)(374,394,1)
[17:14:48]ATTACK: Deathclaw attacked Unknown(jackerzz)  (NEWHP: 100)(374,394,1)
[17:14:48]ATTACK: Deathclaw attacked Unknown(jackerzz)  (NEWHP: 100)(374,394,1)
[17:14:48]ATTACK: Deathclaw attacked Unknown(jackerzz)  (NEWHP: 100)(374,394,1)
[17:14:50]ATTACK: Deathclaw attacked Unknown(jackerzz)  (NEWHP: 100)(374,394,1)
[17:14:50]ATTACK: Deathclaw attacked Unknown(jackerzz)  (NEWHP: 100)(374,394,1)
[17:14:50]ATTACK: Deathclaw attacked Unknown(jackerzz)  (NEWHP: 100)(374,394,1)


Starting up. 17:24.52
---------------------
[17:28:29]ATTACK: Gunner attacked Deathclaw  (NEWHP: 500)(12,134,1)
[17:28:29]ATTACK: Deathclaw attacked Gunner  (NEWHP: 300)(11,134,1)
[17:28:29]ATTACK: Gunner shot Deathclaw with the bullet (NEWHP: 460)(390,395,1)
[17:28:29]ATTACK: Gunner shot Deathclaw with the bullet (NEWHP: 420)(390,396,1)
[17:28:31]ATTACK: Gunner attacked Deathclaw  (NEWHP: 500)(11,134,1)
[17:28:31]ATTACK: Deathclaw attacked Gunner  (NEWHP: 257)(10,134,1)
[17:28:31]ATTACK: Deathclaw attacked Gunner  (NEWHP: 204)(10,134,1)
[17:28:31]ATTACK: giant rad scorpion (967) attacked Default Cyborg-897  (NEWHP: 100)(40,159,1)
[17:28:31]ATTACK: venus human trap attacked venus human trap  (NEWHP: 75)(296,226,1)
[17:28:31]ATTACK: Mutant attacked Molerat  (NEWHP: 50)(121,238,1)
[17:28:31]ATTACK: Molerat attacked Mutant  (NEWHP: 250)(121,237,1)
[17:28:31]ATTACK: Molerat attacked Mutant  (NEWHP: 250)(121,237,1)
[17:28:31]ATTACK: Mutant attacked Mutant  (NEWHP: 250)(144,239,1)
[17:28:31]ATTACK: Molerat attacked Mutant  (NEWHP: 250)(122,238,1)
[17:28:31]ATTACK: Mutant attacked Mutant  (NEWHP: 222)(144,239,1)
[17:28:31]ATTACK: Molerat attacked Mutant  (NEWHP: 250)(121,237,1)
[17:28:31]ATTACK: Mutant attacked Molerat  (NEWHP: 50)(121,236,1)
[17:28:31]ATTACK: Molerat attacked Mutant  (NEWHP: 250)(122,238,1)
[17:28:31]ATTACK: Mutant attacked Mutant  (NEWHP: 250)(145,240,1)
[17:28:31]ATTACK: Mutant attacked Mutant  (NEWHP: 189)(144,239,1)
[17:28:31]ATTACK: Mutant attacked Mutant  (NEWHP: 154)(144,239,1)
[17:28:31]ATTACK: Deathclaw attacked Gunner  (NEWHP: 300)(392,397,1)
[17:28:31]ATTACK: Gunner attacked Deathclaw  (NEWHP: 420)(391,397,1)
[17:28:33]ATTACK: Gunner attacked Deathclaw  (NEWHP: 500)(10,134,1)
[17:28:33]ATTACK: Deathclaw attacked Gunner  (NEWHP: 156)(9,135,1)
[17:28:33]ATTACK: Deathclaw attacked Gunner  (NEWHP: 112)(9,135,1)
[17:28:33]ATTACK: giant rad scorpion (967) attacked Default Cyborg-897  (NEWHP: 83)(40,159,1)
[17:28:33]ATTACK: venus human trap attacked venus human trap  (NEWHP: 40)(295,226,1)
[17:28:33]ATTACK: venus human trap attacked venus human trap  (NEWHP: 75)(295,225,1)
[17:28:33]ATTACK: Mutant attacked Molerat  (NEWHP: 23)(121,238,1)
[17:28:33]ATTACK: Mutant attacked Mutant  (NEWHP: 128)(144,239,1)
[17:28:33]ATTACK: Molerat attacked Mutant  (NEWHP: 250)(121,237,1)
[17:28:33]ATTACK: Molerat attacked Mutant  (NEWHP: 250)(121,237,1)
[17:28:33]ATTACK: Mutant attacked Mutant  (NEWHP: 100)(144,239,1)
[17:28:33]ATTACK: Mutant attacked Mutant  (NEWHP: 74)(144,239,1)
[17:28:33]ATTACK: Molerat attacked Mutant  (NEWHP: 250)(121,237,1)
[17:28:33]ATTACK: Mutant attacked Molerat  (NEWHP: 16)(121,236,1)
[17:28:33]ATTACK: Molerat attacked Mutant  (NEWHP: 250)(122,238,1)
[17:28:33]ATTACK: Mutant attacked Mutant  (NEWHP: 250)(143,240,1)
[17:28:33]ATTACK: Mutant attacked Mutant  (NEWHP: 48)(144,239,1)
[17:28:33]ATTACK: Mutant attacked Mutant  (NEWHP: 18)(144,239,1)
[17:28:35]ATTACK: Gunner attacked Deathclaw  (NEWHP: 500)(14,137,1)
[17:28:35]ATTACK: Deathclaw attacked Gunner  (NEWHP: 70)(15,137,1)
[17:28:35]ATTACK: giant rad scorpion (967) attacked Default Cyborg-897  (NEWHP: 68)(40,159,1)
[17:28:35]ATTACK: venus human trap attacked venus human trap  (NEWHP: 15)(295,226,1)
[17:28:35]ATTACK: Molerat attacked Mutant  (NEWHP: 250)(121,237,1)
[17:28:35]ATTACK: Molerat attacked Mutant  (NEWHP: 250)(121,237,1)
[17:28:36]ATTACK: Molerat attacked Mutant  (NEWHP: 250)(122,238,1)
[17:28:36]ATTACK: Cazador attacked Space Bat  (NEWHP: 15)(165,157,1)
[17:28:36]ATTACK: Gunner shot Deathclaw with the bullet (NEWHP: 380)(391,398,1)
[17:28:36]ATTACK: Gunner shot Deathclaw with the bullet (NEWHP: 340)(392,398,1)
[17:28:36]ATTACK: Gunner shot Deathclaw with the bullet (NEWHP: 300)(393,398,1)
[17:28:38]ATTACK: Gunner attacked Deathclaw  (NEWHP: 500)(13,134,1)
[17:28:38]ATTACK: Deathclaw attacked Gunner  (NEWHP: 10)(12,134,1)
[17:28:38]ATTACK: giant rad scorpion (967) attacked Default Cyborg-897  (NEWHP: 52)(40,159,1)
[17:28:38]ATTACK: Molerat attacked Mutant  (NEWHP: 250)(121,237,1)
[17:28:38]ATTACK: Molerat attacked Mutant  (NEWHP: 250)(121,237,1)
[17:28:38]ATTACK: Molerat attacked Mutant  (NEWHP: 250)(122,238,1)
[17:28:38]ATTACK: Deathclaw attacked Gunner  (NEWHP: 260)(392,393,1)
[17:28:38]ATTACK: Gunner attacked Deathclaw  (NEWHP: 300)(393,394,1)
[17:28:40]ATTACK: giant rad scorpion (967) attacked Default Cyborg-897  (NEWHP: 33)(40,159,1)
[17:28:40]ATTACK: venus human trap attacked venus human trap  (NEWHP: 45)(294,225,1)
[17:28:40]ATTACK: Mutant attacked Molerat  (NEWHP: 50)(122,237,1)
[17:28:40]ATTACK: Molerat attacked Mutant  (NEWHP: 250)(123,237,1)
[17:28:40]ATTACK: Molerat attacked Mutant  (NEWHP: 250)(123,237,1)
[17:28:40]ATTACK: Mutant attacked Molerat  (NEWHP: 50)(123,238,1)
[17:28:40]ATTACK: Molerat attacked Mutant  (NEWHP: 250)(122,238,1)
[17:28:42]ATTACK: giant rad scorpion (967) attacked Default Cyborg-897  (NEWHP: 16)(40,159,1)
[17:28:42]ATTACK: venus human trap attacked venus human trap  (NEWHP: 20)(294,225,1)
[17:28:42]ATTACK: Mutant attacked Molerat  (NEWHP: 21)(122,237,1)
[17:28:42]ATTACK: Molerat attacked Mutant  (NEWHP: 250)(123,237,1)
[17:28:42]ATTACK: Mutant attacked Molerat  (NEWHP: 20)(123,238,1)
[17:28:42]ATTACK: Gunner shot Deathclaw with the bullet (NEWHP: 260)(393,395,1)
[17:28:42]ATTACK: Gunner shot Deathclaw with the bullet (NEWHP: 220)(393,394,1)
[17:28:43]ATTACK: Gunner shot Deathclaw with the bullet (NEWHP: 180)(393,394,1)
[17:28:44]ATTACK: giant rad scorpion (967) attacked Default Cyborg-897  (NEWHP: -4)(40,159,1)
[17:28:44]ATTACK: Molerat attacked Mutant  (NEWHP: 250)(123,237,1)
[17:28:46]ATTACK: giant rad scorpion (967) attacked Default Cyborg-897  (NEWHP: -20)(40,159,1)
[17:28:46]ATTACK: Molerat attacked Mutant  (NEWHP: 250)(123,237,1)
[17:28:46]ATTACK: Mutant attacked Molerat  (NEWHP: 50)(123,236,1)
[17:28:46]ATTACK: Deathclaw attacked Gunner  (NEWHP: 215)(394,397,1)
[17:28:46]ATTACK: Gunner attacked Deathclaw  (NEWHP: 180)(393,398,1)
[17:28:48]ATTACK: Molerat attacked Gekkon  (NEWHP: 60)(120,149,1)
[17:28:48]ATTACK: giant rad scorpion (967) attacked Default Cyborg-897  (NEWHP: -37)(40,159,1)
[17:28:48]ATTACK: Mutant attacked Molerat  (NEWHP: 21)(123,236,1)
[17:28:48]ATTACK: Gekkon attacked Molerat  (NEWHP: 50)(119,148,1)
[17:28:48]ATTACK: Gunner shot Deathclaw with the bullet (NEWHP: 140)(390,393,1)
[17:28:49]ATTACK: Gunner shot Deathclaw with the bullet (NEWHP: 100)(390,393,1)
[17:28:49]ATTACK: Gunner shot Deathclaw with the bullet (NEWHP: 60)(389,394,1)
[17:28:50]ATTACK: Molerat attacked Gekkon  (NEWHP: 50)(120,149,1)
[17:28:50]ATTACK: Molerat attacked Gekkon  (NEWHP: 41)(120,149,1)
[17:28:50]ATTACK: giant rad scorpion (967) attacked Default Cyborg-897  (NEWHP: -55)(40,159,1)
[17:28:50]ATTACK: Gekkon attacked Molerat  (NEWHP: 35)(119,148,1)
[17:28:52]ATTACK: Molerat attacked Gekkon  (NEWHP: 34)(120,149,1)
[17:28:52]ATTACK: Molerat attacked Gekkon  (NEWHP: 24)(120,149,1)
[17:28:52]ATTACK: giant rad scorpion (967) attacked Default Cyborg-897  (NEWHP: -71)(40,159,1)
[17:28:52]ATTACK: Deathclaw attacked Gunner  (NEWHP: 170)(392,393,1)
[17:28:52]ATTACK: Gunner attacked Deathclaw  (NEWHP: 60)(393,394,1)
[17:28:52]ATTACK: Gekkon attacked Molerat  (NEWHP: 50)(119,149,1)
[17:28:54]ATTACK: Molerat attacked Gekkon  (NEWHP: 17)(120,149,1)
[17:28:54]ATTACK: Molerat attacked Gekkon  (NEWHP: 9)(120,149,1)
[17:28:54]ATTACK: giant rad scorpion (967) attacked Default Cyborg-897  (NEWHP: -91)(40,159,1)
[17:28:55]ATTACK: Gekkon attacked Molerat  (NEWHP: 21)(119,148,1)
[17:28:55]ATTACK: Gekkon attacked Molerat  (NEWHP: 36)(119,149,1)
[17:28:55]ATTACK: Gunner shot Deathclaw with the bullet (NEWHP: 20)(389,397,1)
[17:28:55]ATTACK: Gunner shot Deathclaw with the bullet (NEWHP: 0)(389,397,1)
[17:28:55]ATTACK: Gunner shot Deathclaw with the bullet (NEWHP: 0)(389,397,1)
[17:28:57]ATTACK: Molerat attacked Gekkon  (NEWHP: 4)(120,149,1)
[17:28:57]ATTACK: Gekkon attacked Molerat  (NEWHP: 7)(119,148,1)
[17:28:59]ATTACK: Unknown(jackerzz) stunned Merideth Yeskey(@jackerzz) with the police baton (NEWHP: 100)(190,35,1)
[17:29:01]ATTACK: Molerat attacked Gekkon  (NEWHP: 60)(119,148,1)
[17:29:01]ATTACK: Molerat attacked Gekkon  (NEWHP: 53)(119,149,1)
[17:29:01]ATTACK: Gekkon attacked Molerat  (NEWHP: 50)(120,148,1)
[17:29:03]ATTACK: Molerat attacked Gekkon  (NEWHP: 48)(119,148,1)
[17:29:03]ATTACK: Molerat attacked Gekkon  (NEWHP: 42)(119,148,1)
[17:29:03]ATTACK: Gekkon attacked Molerat  (NEWHP: 35)(120,148,1)
[17:29:03]ATTACK: Gekkon attacked Molerat  (NEWHP: 24)(120,148,1)
[17:29:03]ATTACK: Gekkon attacked Molerat  (NEWHP: 10)(120,148,1)
[17:29:04]ATTACK: Unknown(jackerzz) attacked Unknown(jackerzz) with police baton(INTENT: HELP) (DAMTYPE: BRUTE) (NEWHP: 100)(189,33,1)
[17:29:05]ATTACK: Molerat attacked Gekkon  (NEWHP: 36)(119,148,1)
[17:29:06]ATTACK: Unknown(jackerzz) attacked Unknown(jackerzz) with police baton(INTENT: HELP) (DAMTYPE: BRUTE) (NEWHP: 96.4)(189,33,1)
[17:29:07]ATTACK: Molerat attacked Gekkon  (NEWHP: 26)(119,148,1)
[17:29:09]ATTACK: Unknown(jackerzz) attacked Unknown(jackerzz) with police baton(INTENT: HELP) (DAMTYPE: BRUTE) (NEWHP: 92.8)(190,33,1)
[17:29:09]ATTACK: Molerat attacked Gekkon  (NEWHP: 16)(119,147,1)
[17:29:09]ATTACK: Gekkon attacked Molerat  (NEWHP: 25)(119,148,1)
[17:29:09]ATTACK: Gekkon attacked Molerat  (NEWHP: 15)(119,148,1)
[17:29:11]ATTACK: Molerat attacked Gekkon  (NEWHP: 10)(119,147,1)
[17:29:12]ATTACK: Gekkon attacked Molerat  (NEWHP: 50)(118,147,1)
[17:29:13]ATTACK: Unknown(jackerzz) stunned Unknown(jackerzz) with the police baton (NEWHP: 89.2)(190,33,1)
[17:29:14]ATTACK: Molerat attacked Gekkon  (NEWHP: 5)(119,147,1)
[17:29:14]ATTACK: Gekkon attacked Molerat  (NEWHP: 40)(118,147,1)
[17:29:16]ATTACK: Gekkon attacked Molerat  (NEWHP: 28)(118,148,1)
[17:29:16]ATTACK: Gekkon attacked Molerat  (NEWHP: 15)(118,148,1)
[17:29:16]ATTACK: Gekkon attacked Molerat  (NEWHP: 5)(118,148,1)
[17:29:22]ATTACK: Unknown(jackerzz) attacked Unknown(jackerzz) with police baton(INTENT: HELP) (DAMTYPE: BRUTE) (NEWHP: 85.6)(189,33,1)
[17:29:24]ATTACK: Molerat attacked Gekkon  (NEWHP: 60)(118,147,1)
[17:29:24]ATTACK: Gekkon attacked Molerat  (NEWHP: 50)(117,148,1)
[17:29:24]ATTACK: Gekkon attacked Molerat  (NEWHP: 40)(117,148,1)
[17:29:24]ATTACK: Gekkon attacked Molerat  (NEWHP: 29)(117,148,1)
[17:29:26]ATTACK: Merideth Yeskey(jackerzz) attacked Merideth Yeskey(jackerzz) with police baton(INTENT: HELP) (DAMTYPE: BRUTE) (NEWHP: 85.6)(189,33,1)
[17:29:26]ATTACK: Molerat attacked Gekkon  (NEWHP: 60)(118,148,1)
[17:29:26]ATTACK: Gekkon attacked Molerat  (NEWHP: 16)(117,148,1)
[17:29:26]ATTACK: Gekkon attacked Molerat  (NEWHP: 2)(117,148,1)
[17:29:29]ATTACK: venus human trap attacked venus human trap  (NEWHP: 15)(279,225,1)
[17:29:29]ATTACK: Merideth Yeskey(jackerzz) attacked Merideth Yeskey(jackerzz) with police baton(INTENT: HELP) (DAMTYPE: BRUTE) (NEWHP: 70)(190,33,1)
[17:29:30]ATTACK: Merideth Yeskey(jackerzz) attacked Merideth Yeskey(jackerzz) with police baton(INTENT: HELP) (DAMTYPE: BRUTE) (NEWHP: 70)(192,33,1)
[17:29:31]ATTACK: Merideth Yeskey(jackerzz) attacked Merideth Yeskey(jackerzz) with police baton(INTENT: HELP) (DAMTYPE: BRUTE) (NEWHP: 70)(192,29,1)
[17:29:32]ATTACK: Merideth Yeskey(jackerzz) attacked Merideth Yeskey(jackerzz) with police baton(INTENT: HELP) (DAMTYPE: BRUTE) (NEWHP: 46)(193,28,1)
[17:29:32]ATTACK: Merideth Yeskey(jackerzz) attacked Merideth Yeskey(jackerzz) with police baton(INTENT: HELP) (DAMTYPE: BRUTE) (NEWHP: 46)(193,29,1)
[17:29:33]ATTACK: Merideth Yeskey(jackerzz) attacked Merideth Yeskey(jackerzz) with police baton(INTENT: HELP) (DAMTYPE: BRUTE) (NEWHP: 22)(192,30,1)
[17:29:34]ATTACK: Merideth Yeskey(jackerzz) attacked Merideth Yeskey(jackerzz) with police baton(INTENT: HELP) (DAMTYPE: BRUTE) (NEWHP: 22)(191,30,1)
[17:29:35]ATTACK: Merideth Yeskey(jackerzz) attacked Merideth Yeskey(jackerzz) with police baton(INTENT: HELP) (DAMTYPE: BRUTE) (NEWHP: 6.4)(189,30,1)
[17:30:09]ATTACK: Molerat attacked Gekkon  (NEWHP: 53)(117,137,1)
[17:30:10]ATTACK: Gekkon attacked Molerat  (NEWHP: 50)(118,136,1)
[17:30:12]ATTACK: Molerat attacked Gekkon  (NEWHP: 48)(117,137,1)
[17:30:12]ATTACK: Gekkon attacked Molerat  (NEWHP: 36)(118,136,1)
[17:30:14]ATTACK: Molerat attacked Gekkon  (NEWHP: 41)(117,137,1)
[17:30:14]ATTACK: Gekkon attacked Molerat  (NEWHP: 26)(118,136,1)
[17:30:16]ATTACK: Molerat attacked Gekkon  (NEWHP: 36)(117,137,1)
[17:30:16]ATTACK: Gekkon attacked Molerat  (NEWHP: 15)(118,136,1)
[17:30:18]ATTACK: Molerat attacked Gekkon  (NEWHP: 31)(117,137,1)
[17:30:18]ATTACK: Gekkon attacked Molerat  (NEWHP: 2)(118,136,1)
