

Starting up. 00:14.52
---------------------
[00:16:24]ATTACK: Gunner attacked Deathclaw  (NEWHP: 500)(12,134,1)
[00:16:24]ATTACK: Deathclaw attacked Gunner  (NEWHP: 300)(11,134,1)
[00:16:24]ATTACK: Mutant attacked Molerat  (NEWHP: 50)(125,235,1)
[00:16:24]ATTACK: Gunner shot Deathclaw with the bullet (NEWHP: 460)(390,395,1)
[00:16:25]ATTACK: Gunner shot Deathclaw with the bullet (NEWHP: 420)(390,396,1)
[00:16:26]ATTACK: Gunner attacked Deathclaw  (NEWHP: 500)(11,134,1)
[00:16:26]ATTACK: Deathclaw attacked Gunner  (NEWHP: 257)(10,134,1)
[00:16:26]ATTACK: Deathclaw attacked Gunner  (NEWHP: 215)(10,134,1)
[00:16:26]ATTACK: giant rad scorpion (465) attacked Default Cyborg-251  (NEWHP: 100)(40,159,1)
[00:16:26]ATTACK: venus human trap attacked venus human trap  (NEWHP: 75)(295,226,1)
[00:16:26]ATTACK: Mutant attacked Molerat  (NEWHP: 16)(123,239,1)
[00:16:26]ATTACK: Mutant attacked Mutant  (NEWHP: 250)(144,238,1)
[00:16:26]ATTACK: Molerat attacked Mutant  (NEWHP: 250)(122,240,1)
[00:16:26]ATTACK: Mutant attacked Mutant  (NEWHP: 216)(144,238,1)
[00:16:26]ATTACK: Molerat attacked Mutant  (NEWHP: 250)(122,240,1)
[00:16:26]ATTACK: Mutant attacked Mutant  (NEWHP: 190)(144,238,1)
[00:16:26]ATTACK: Molerat attacked Mutant  (NEWHP: 250)(123,238,1)
[00:16:26]ATTACK: Mutant attacked Molerat  (NEWHP: 50)(122,239,1)
[00:16:26]ATTACK: Molerat attacked Mutant  (NEWHP: 250)(122,240,1)
[00:16:26]ATTACK: Mutant attacked Mutant  (NEWHP: 250)(145,239,1)
[00:16:26]ATTACK: Mutant attacked Mutant  (NEWHP: 157)(144,238,1)
[00:16:26]ATTACK: Deathclaw attacked Gunner  (NEWHP: 300)(392,397,1)
[00:16:26]ATTACK: Gunner attacked Deathclaw  (NEWHP: 420)(391,397,1)
[00:16:28]ATTACK: Gunner attacked Deathclaw  (NEWHP: 500)(10,135,1)
[00:16:28]ATTACK: Deathclaw attacked Gunner  (NEWHP: 172)(9,135,1)
[00:16:28]ATTACK: Deathclaw attacked Gunner  (NEWHP: 112)(9,135,1)
[00:16:28]ATTACK: giant rad scorpion (465) attacked Default Cyborg-251  (NEWHP: 85)(40,159,1)
[00:16:28]ATTACK: venus human trap attacked venus human trap  (NEWHP: 70)(294,226,1)
[00:16:28]ATTACK: venus human trap attacked venus human trap  (NEWHP: 50)(295,226,1)
[00:16:28]ATTACK: venus human trap attacked venus human trap  (NEWHP: 25)(295,226,1)
[00:16:29]ATTACK: Mutant attacked Mutant  (NEWHP: 123)(144,238,1)
[00:16:29]ATTACK: Molerat attacked Mutant  (NEWHP: 250)(122,240,1)
[00:16:29]ATTACK: Mutant attacked Mutant  (NEWHP: 95)(144,238,1)
[00:16:29]ATTACK: Molerat attacked Mutant  (NEWHP: 250)(122,240,1)
[00:16:29]ATTACK: Mutant attacked Mutant  (NEWHP: 66)(144,238,1)
[00:16:29]ATTACK: Molerat attacked Mutant  (NEWHP: 250)(123,238,1)
[00:16:29]ATTACK: Mutant attacked Molerat  (NEWHP: 16)(122,239,1)
[00:16:29]ATTACK: Molerat attacked Mutant  (NEWHP: 250)(122,240,1)
[00:16:29]ATTACK: Mutant attacked Mutant  (NEWHP: 250)(143,238,1)
[00:16:29]ATTACK: Mutant attacked Mutant  (NEWHP: 34)(144,238,1)
[00:16:29]ATTACK: Mutant attacked Mutant  (NEWHP: 1)(144,238,1)
[00:16:29]ATTACK: Deathclaw attacked Gunner  (NEWHP: 249)(393,398,1)
[00:16:29]ATTACK: Gunner attacked Deathclaw  (NEWHP: 420)(393,397,1)
[00:16:31]ATTACK: Gunner attacked Deathclaw  (NEWHP: 500)(11,138,1)
[00:16:31]ATTACK: Deathclaw attacked Gunner  (NEWHP: 59)(12,138,1)
[00:16:31]ATTACK: Deathclaw attacked Gunner  (NEWHP: 13)(12,138,1)
[00:16:31]ATTACK: giant rad scorpion (465) attacked Default Cyborg-251  (NEWHP: 70)(40,159,1)
[00:16:31]ATTACK: Molerat attacked Mutant  (NEWHP: 250)(122,240,1)
[00:16:31]ATTACK: Molerat attacked Mutant  (NEWHP: 250)(123,238,1)
[00:16:31]ATTACK: Molerat attacked Mutant  (NEWHP: 250)(122,240,1)
[00:16:31]ATTACK: Cazador attacked Space Bat  (NEWHP: 15)(163,158,1)
[00:16:31]ATTACK: Gunner shot Deathclaw with the bullet (NEWHP: 380)(389,394,1)
[00:16:31]ATTACK: Gunner shot Deathclaw with the bullet (NEWHP: 340)(389,394,1)
[00:16:32]ATTACK: Gunner shot Deathclaw with the bullet (NEWHP: 300)(390,394,1)
[00:16:33]ATTACK: giant rad scorpion (465) attacked Default Cyborg-251  (NEWHP: 50)(40,159,1)
[00:16:33]ATTACK: Mutant attacked Molerat  (NEWHP: 50)(123,240,1)
[00:16:33]ATTACK: Molerat attacked Mutant  (NEWHP: 250)(122,240,1)
[00:16:33]ATTACK: Molerat attacked Mutant  (NEWHP: 250)(123,239,1)
[00:16:33]ATTACK: Mutant attacked Molerat  (NEWHP: 19)(123,240,1)
[00:16:35]ATTACK: giant rad scorpion (465) attacked Default Cyborg-251  (NEWHP: 33)(40,159,1)
[00:16:35]ATTACK: Molerat attacked Mutant  (NEWHP: 250)(122,240,1)
[00:16:35]ATTACK: Molerat attacked Mutant  (NEWHP: 250)(123,239,1)
[00:16:37]ATTACK: giant rad scorpion (465) attacked Default Cyborg-251  (NEWHP: 16)(40,159,1)
[00:16:37]ATTACK: Mutant attacked Molerat  (NEWHP: 50)(123,238,1)
[00:16:37]ATTACK: Molerat attacked Mutant  (NEWHP: 250)(122,240,1)
[00:16:37]ATTACK: Molerat attacked Mutant  (NEWHP: 250)(123,239,1)
[00:16:37]ATTACK: Gunner shot Deathclaw with the bullet (NEWHP: 260)(390,394,1)
[00:16:38]ATTACK: Gunner shot Deathclaw with the bullet (NEWHP: 220)(391,394,1)
[00:16:38]ATTACK: Gunner shot Deathclaw with the bullet (NEWHP: 180)(392,394,1)
[00:16:39]ATTACK: giant rad scorpion (465) attacked Default Cyborg-251  (NEWHP: -1)(40,159,1)
[00:16:39]ATTACK: venus human trap attacked venus human trap  (NEWHP: 60)(293,226,1)
[00:16:39]ATTACK: Mutant attacked Molerat  (NEWHP: 22)(123,238,1)
[00:16:39]ATTACK: Molerat attacked Mutant  (NEWHP: 250)(122,239,1)
[00:16:41]ATTACK: giant rad scorpion (465) attacked Default Cyborg-251  (NEWHP: -21)(40,159,1)
[00:16:41]ATTACK: Molerat attacked Mutant  (NEWHP: 250)(122,239,1)
[00:16:41]ATTACK: Mutant attacked Molerat  (NEWHP: 50)(121,240,1)
[00:16:44]ATTACK: giant rad scorpion (465) attacked Default Cyborg-251  (NEWHP: -38)(40,159,1)
[00:16:44]ATTACK: venus human trap attacked venus human trap  (NEWHP: 30)(293,227,1)
[00:16:44]ATTACK: Molerat attacked Mutant  (NEWHP: 250)(121,239,1)
[00:16:44]ATTACK: Mutant attacked Molerat  (NEWHP: 22)(121,240,1)
[00:16:44]ATTACK: Gunner shot Deathclaw with the bullet (NEWHP: 140)(393,393,1)
[00:16:44]ATTACK: Gunner shot Deathclaw with the bullet (NEWHP: 100)(393,393,1)
[00:16:44]ATTACK: Gunner shot Deathclaw with the bullet (NEWHP: 60)(394,394,1)
[00:16:46]ATTACK: Molerat attacked Gekkon  (NEWHP: 60)(119,146,1)
[00:16:46]ATTACK: giant rad scorpion (465) attacked Default Cyborg-251  (NEWHP: -55)(40,159,1)
[00:16:46]ATTACK: venus human trap attacked venus human trap  (NEWHP: 5)(293,227,1)
[00:16:48]ATTACK: Molerat attacked Gekkon  (NEWHP: 50)(118,144,1)
[00:16:48]ATTACK: Molerat attacked Gekkon  (NEWHP: 40)(118,144,1)
[00:16:48]ATTACK: Molerat attacked Gekkon  (NEWHP: 35)(118,144,1)
[00:16:48]ATTACK: Molerat attacked Gekkon  (NEWHP: 25)(118,144,1)
[00:16:48]ATTACK: giant rad scorpion (465) attacked Default Cyborg-251  (NEWHP: -75)(40,159,1)
[00:16:48]ATTACK: Deathclaw attacked Gunner  (NEWHP: 193)(390,393,1)
[00:16:48]ATTACK: Gunner attacked Deathclaw  (NEWHP: 60)(389,394,1)
[00:16:48]ATTACK: Gekkon attacked Molerat  (NEWHP: 50)(117,145,1)
[00:16:50]ATTACK: Molerat attacked Gekkon  (NEWHP: 16)(118,144,1)
[00:16:50]ATTACK: Molerat attacked Gekkon  (NEWHP: 11)(118,144,1)
[00:16:50]ATTACK: Molerat attacked Gekkon  (NEWHP: 2)(118,144,1)
[00:16:50]ATTACK: giant rad scorpion (465) attacked Default Cyborg-251  (NEWHP: -91)(40,159,1)
[00:16:50]ATTACK: Gunner shot Deathclaw with the bullet (NEWHP: 20)(394,396,1)
[00:16:51]ATTACK: Gunner shot Deathclaw with the bullet (NEWHP: 0)(394,397,1)
[00:16:51]ATTACK: Gunner shot Deathclaw with the bullet (NEWHP: 0)(394,397,1)
[00:17:01]ATTACK: Molerat attacked Gekkon  (NEWHP: 60)(123,151,1)
[00:17:01]ATTACK: Gekkon attacked Molerat  (NEWHP: 50)(123,150,1)
[00:17:03]ATTACK: Molerat attacked Gekkon  (NEWHP: 55)(123,151,1)
[00:17:03]ATTACK: Molerat attacked Gekkon  (NEWHP: 45)(123,151,1)
[00:17:03]ATTACK: Molerat attacked Gekkon  (NEWHP: 39)(123,151,1)
[00:17:03]ATTACK: Gekkon attacked Molerat  (NEWHP: 39)(123,150,1)
[00:17:03]ATTACK: Gekkon attacked Molerat  (NEWHP: 50)(122,151,1)
[00:17:05]ATTACK: Molerat attacked Gekkon  (NEWHP: 30)(123,152,1)
[00:17:05]ATTACK: Molerat attacked Gekkon  (NEWHP: 24)(123,152,1)
[00:17:05]ATTACK: Molerat attacked Gekkon  (NEWHP: 15)(123,152,1)
[00:17:05]ATTACK: Molerat attacked Gekkon  (NEWHP: 7)(123,152,1)
[00:17:05]ATTACK: Gekkon attacked Molerat  (NEWHP: 24)(120,150,1)
[00:17:05]ATTACK: Gekkon attacked Molerat  (NEWHP: 14)(120,150,1)
[00:17:09]ATTACK: Molerat attacked Gekkon  (NEWHP: 60)(123,151,1)
[00:17:09]ATTACK: Gekkon attacked Molerat  (NEWHP: 40)(122,152,1)
[00:17:11]ATTACK: Molerat attacked Gekkon  (NEWHP: 52)(123,151,1)
[00:17:11]ATTACK: Molerat attacked Gekkon  (NEWHP: 60)(120,152,1)
[00:17:11]ATTACK: Molerat attacked Gekkon  (NEWHP: 42)(123,151,1)
[00:17:11]ATTACK: Molerat attacked Gekkon  (NEWHP: 60)(123,150,1)
[00:17:11]ATTACK: Gekkon attacked Molerat  (NEWHP: 27)(122,150,1)
[00:17:11]ATTACK: Gekkon attacked Molerat  (NEWHP: 13)(122,150,1)
[00:17:14]ATTACK: Molerat attacked Gekkon  (NEWHP: 32)(123,151,1)
[00:17:14]ATTACK: Molerat attacked Gekkon  (NEWHP: 52)(121,151,1)
[00:17:14]ATTACK: Molerat attacked Gekkon  (NEWHP: 51)(123,150,1)
[00:17:14]ATTACK: Gekkon attacked Molerat  (NEWHP: 35)(122,151,1)
[00:17:16]ATTACK: Molerat attacked Gekkon  (NEWHP: 25)(122,152,1)
[00:17:16]ATTACK: Molerat attacked Gekkon  (NEWHP: 47)(121,151,1)
[00:17:16]ATTACK: Molerat attacked Gekkon  (NEWHP: 46)(123,150,1)
[00:17:16]ATTACK: Gekkon attacked Molerat  (NEWHP: 50)(121,152,1)
[00:17:16]ATTACK: Gekkon attacked Molerat  (NEWHP: 36)(121,152,1)
[00:17:16]ATTACK: Gekkon attacked Molerat  (NEWHP: 21)(121,152,1)
[00:17:18]ATTACK: Molerat attacked Gekkon  (NEWHP: 15)(122,152,1)
[00:17:18]ATTACK: Molerat attacked Gekkon  (NEWHP: 37)(124,151,1)
[00:17:18]ATTACK: Gekkon attacked Molerat  (NEWHP: 10)(121,152,1)
[00:17:18]ATTACK: Gekkon attacked Molerat  (NEWHP: 50)(123,152,1)
[00:17:18]ATTACK: Gekkon attacked Molerat  (NEWHP: 37)(123,152,1)
[00:17:18]ATTACK: Gekkon attacked Molerat  (NEWHP: 23)(123,150,1)
[00:17:20]ATTACK: Molerat attacked Gekkon  (NEWHP: 5)(122,152,1)
[00:17:20]ATTACK: Molerat attacked Gekkon  (NEWHP: 31)(124,151,1)
[00:17:20]ATTACK: Gekkon attacked Molerat  (NEWHP: 22)(123,152,1)
[00:17:20]ATTACK: Gekkon attacked Molerat  (NEWHP: 8)(123,150,1)
[00:17:22]ATTACK: Gekkon attacked Molerat  (NEWHP: 12)(123,152,1)
[00:18:33]ATTACK: Molerat attacked Gekkon  (NEWHP: 60)(117,144,1)
[00:18:33]ATTACK: Gekkon attacked Molerat  (NEWHP: 50)(117,143,1)
[00:18:35]ATTACK: Molerat attacked Gekkon  (NEWHP: 50)(117,144,1)
[00:18:35]ATTACK: Gekkon attacked Molerat  (NEWHP: 39)(117,143,1)
[00:18:35]ATTACK: Gekkon attacked Molerat  (NEWHP: 24)(117,143,1)
[00:18:37]ATTACK: Molerat attacked Gekkon  (NEWHP: 39)(116,143,1)
[00:18:38]ATTACK: Gekkon attacked Molerat  (NEWHP: 14)(117,143,1)
[00:18:38]ATTACK: Gekkon attacked Molerat  (NEWHP: 4)(117,143,1)
[00:18:42]ATTACK: Gekkon attacked Unknown(jackerzz)  (NEWHP: 100)(87,97,1)
[00:18:46]ATTACK: Gekkon attacked Unknown(jackerzz)  (NEWHP: 89.2)(65,97,1)
[00:19:06]ATTACK: yaogai attacked Gekkon  (NEWHP: 60)(138,163,1)
[00:19:06]ATTACK: Gekkon attacked yaogai  (NEWHP: 300)(139,164,1)
[00:19:08]ATTACK: yaogai attacked Gekkon  (NEWHP: 25)(138,163,1)
[00:19:23]ATTACK: Gekkon attacked Unknown(jackerzz)  (NEWHP: 77.5)(83,100,1)
[00:19:27]ATTACK: Gekkon attacked Unknown(jackerzz)  (NEWHP: 67.6)(87,117,1)
[00:19:29]ATTACK: Gekkon attacked Unknown(jackerzz)  (NEWHP: 54.1)(91,115,1)
[00:19:29]ATTACK: Gekkon attacked Unknown(jackerzz)  (NEWHP: 42.4)(91,115,1)
[00:19:29]ATTACK: Gekkon attacked Unknown(jackerzz)  (NEWHP: 29.8)(91,115,1)
[00:19:29]ATTACK: Gekkon attacked Unknown(jackerzz)  (NEWHP: 19.9)(91,115,1)
[00:19:32]ATTACK: Gekkon attacked Unknown(jackerzz)  (NEWHP: 7.3)(91,113,1)
[00:19:32]ATTACK: Gekkon attacked Unknown(jackerzz)  (NEWHP: -1.7)(91,113,1)
[00:19:32]ATTACK: Gekkon attacked Unknown(jackerzz)  (NEWHP: -10.7)(91,113,1)
[00:19:32]ATTACK: Gekkon attacked Unknown(jackerzz)  (NEWHP: -23.3)(91,113,1)
[00:19:32]ATTACK: Gekkon attacked Unknown(jackerzz)  (NEWHP: -36.8)(91,113,1)
[00:19:32]ATTACK: Gekkon attacked Unknown(jackerzz)  (NEWHP: -47.6)(91,113,1)
[00:19:32]ATTACK: Gekkon attacked Unknown(jackerzz)  (NEWHP: -60.2)(91,113,1)
[00:19:34]ATTACK: venus human trap attacked venus human trap  (NEWHP: 10)(279,225,1)


Starting up. 01:18.08
---------------------
[01:21:39]ATTACK: Gunner attacked Deathclaw  (NEWHP: 500)(12,134,1)
[01:21:39]ATTACK: Deathclaw attacked Gunner  (NEWHP: 300)(11,134,1)
[01:21:39]ATTACK: Gunner shot Deathclaw with the bullet (NEWHP: 460)(390,395,1)
[01:21:40]ATTACK: Gunner shot Deathclaw with the bullet (NEWHP: 420)(390,396,1)
[01:21:41]ATTACK: Gunner attacked Deathclaw  (NEWHP: 500)(11,134,1)
[01:21:41]ATTACK: Deathclaw attacked Gunner  (NEWHP: 249)(10,134,1)
[01:21:41]ATTACK: Deathclaw attacked Gunner  (NEWHP: 206)(10,134,1)
[01:21:41]ATTACK: giant rad scorpion (977) attacked Default Cyborg-966  (NEWHP: 100)(40,159,1)
[01:21:41]ATTACK: venus human trap attacked venus human trap  (NEWHP: 60)(295,226,1)
[01:21:41]ATTACK: Mutant attacked Molerat  (NEWHP: 50)(124,236,1)
[01:21:41]ATTACK: Mutant attacked Mutant  (NEWHP: 250)(149,242,1)
[01:21:41]ATTACK: Molerat attacked Mutant  (NEWHP: 250)(125,235,1)
[01:21:41]ATTACK: Molerat attacked Mutant  (NEWHP: 250)(125,235,1)
[01:21:41]ATTACK: Mutant attacked Mutant  (NEWHP: 225)(149,242,1)
[01:21:41]ATTACK: Molerat attacked Mutant  (NEWHP: 250)(124,237,1)
[01:21:41]ATTACK: Molerat attacked Mutant  (NEWHP: 250)(124,237,1)
[01:21:41]ATTACK: Mutant attacked Molerat  (NEWHP: 16)(124,236,1)
[01:21:41]ATTACK: Molerat attacked Mutant  (NEWHP: 250)(124,237,1)
[01:21:41]ATTACK: Mutant attacked Mutant  (NEWHP: 250)(150,242,1)
[01:21:41]ATTACK: Mutant attacked Mutant  (NEWHP: 199)(149,242,1)
[01:21:41]ATTACK: Mutant attacked Mutant  (NEWHP: 173)(149,242,1)
[01:21:41]ATTACK: Deathclaw attacked Gunner  (NEWHP: 300)(392,397,1)
[01:21:41]ATTACK: Gunner attacked Deathclaw  (NEWHP: 420)(391,397,1)
[01:21:43]ATTACK: Gunner attacked Deathclaw  (NEWHP: 500)(10,135,1)
[01:21:43]ATTACK: Deathclaw attacked Gunner  (NEWHP: 146)(9,135,1)
[01:21:43]ATTACK: Deathclaw attacked Gunner  (NEWHP: 99)(9,135,1)
[01:21:43]ATTACK: giant rad scorpion (977) attacked Default Cyborg-966  (NEWHP: 85)(40,159,1)
[01:21:43]ATTACK: venus human trap attacked venus human trap  (NEWHP: 35)(295,226,1)
[01:21:43]ATTACK: Mutant attacked Mutant  (NEWHP: 139)(149,242,1)
[01:21:43]ATTACK: Molerat attacked Mutant  (NEWHP: 250)(125,235,1)
[01:21:43]ATTACK: Molerat attacked Mutant  (NEWHP: 250)(125,235,1)
[01:21:43]ATTACK: Mutant attacked Mutant  (NEWHP: 109)(149,242,1)
[01:21:43]ATTACK: Mutant attacked Mutant  (NEWHP: 77)(149,242,1)
[01:21:43]ATTACK: Molerat attacked Mutant  (NEWHP: 250)(124,237,1)
[01:21:43]ATTACK: Molerat attacked Mutant  (NEWHP: 250)(124,237,1)
[01:21:43]ATTACK: Mutant attacked Mutant  (NEWHP: 250)(148,241,1)
[01:21:43]ATTACK: Mutant attacked Mutant  (NEWHP: 42)(149,242,1)
[01:21:43]ATTACK: Mutant attacked Mutant  (NEWHP: 16)(149,242,1)
[01:21:43]ATTACK: Cazador attacked Space Bat  (NEWHP: 15)(163,159,1)
[01:21:45]ATTACK: Gunner attacked Deathclaw  (NEWHP: 500)(11,137,1)
[01:21:45]ATTACK: Deathclaw attacked Gunner  (NEWHP: 48)(12,138,1)
[01:21:46]ATTACK: giant rad scorpion (977) attacked Default Cyborg-966  (NEWHP: 66)(40,159,1)
[01:21:46]ATTACK: venus human trap attacked venus human trap  (NEWHP: 10)(295,226,1)
[01:21:46]ATTACK: Molerat attacked Mutant  (NEWHP: 250)(125,235,1)
[01:21:46]ATTACK: Molerat attacked Mutant  (NEWHP: 250)(125,235,1)
[01:21:46]ATTACK: Molerat attacked Mutant  (NEWHP: 250)(124,237,1)
[01:21:46]ATTACK: Molerat attacked Mutant  (NEWHP: 250)(124,237,1)
[01:21:46]ATTACK: Gunner shot Deathclaw with the bullet (NEWHP: 380)(390,397,1)
[01:21:46]ATTACK: Gunner shot Deathclaw with the bullet (NEWHP: 340)(390,397,1)
[01:21:46]ATTACK: Gunner shot Deathclaw with the bullet (NEWHP: 300)(391,398,1)
[01:21:48]ATTACK: giant rad scorpion (977) attacked Default Cyborg-966  (NEWHP: 51)(40,159,1)
[01:21:48]ATTACK: Mutant attacked Molerat  (NEWHP: 50)(124,237,1)
[01:21:48]ATTACK: Molerat attacked Mutant  (NEWHP: 250)(123,236,1)
[01:21:48]ATTACK: Molerat attacked Mutant  (NEWHP: 250)(123,236,1)
[01:21:48]ATTACK: Molerat attacked Mutant  (NEWHP: 250)(124,236,1)
[01:21:48]ATTACK: Mutant attacked Molerat  (NEWHP: 50)(124,235,1)
[01:21:48]ATTACK: Molerat attacked Mutant  (NEWHP: 250)(123,236,1)
[01:21:50]ATTACK: giant rad scorpion (977) attacked Default Cyborg-966  (NEWHP: 34)(40,159,1)
[01:21:50]ATTACK: Mutant attacked Molerat  (NEWHP: 21)(124,237,1)
[01:21:50]ATTACK: Molerat attacked Mutant  (NEWHP: 250)(124,236,1)
[01:21:50]ATTACK: Molerat attacked Mutant  (NEWHP: 250)(123,236,1)
[01:21:50]ATTACK: Molerat attacked Mutant  (NEWHP: 250)(124,236,1)
[01:21:50]ATTACK: Mutant attacked Molerat  (NEWHP: 24)(124,235,1)
[01:21:52]ATTACK: giant rad scorpion (977) attacked Default Cyborg-966  (NEWHP: 17)(40,159,1)
[01:21:52]ATTACK: venus human trap attacked venus human trap  (NEWHP: 55)(294,226,1)
[01:21:52]ATTACK: Molerat attacked Mutant  (NEWHP: 250)(123,236,1)
[01:21:52]ATTACK: Molerat attacked Mutant  (NEWHP: 250)(124,236,1)
[01:21:52]ATTACK: Deathclaw attacked Gunner  (NEWHP: 241)(394,397,1)
[01:21:52]ATTACK: Gunner attacked Deathclaw  (NEWHP: 300)(393,398,1)
[01:21:54]ATTACK: giant rad scorpion (977) attacked Default Cyborg-966  (NEWHP: 0)(40,159,1)
[01:21:54]ATTACK: venus human trap attacked venus human trap  (NEWHP: 70)(296,226,1)
[01:21:54]ATTACK: Mutant attacked Molerat  (NEWHP: 50)(123,237,1)
[01:21:54]ATTACK: Molerat attacked Mutant  (NEWHP: 250)(123,236,1)
[01:21:54]ATTACK: Molerat attacked Mutant  (NEWHP: 250)(124,236,1)
[01:21:54]ATTACK: Mutant attacked Molerat  (NEWHP: 50)(125,237,1)
[01:21:54]ATTACK: Gunner shot Deathclaw with the bullet (NEWHP: 260)(390,393,1)
[01:21:55]ATTACK: Gunner shot Deathclaw with the bullet (NEWHP: 220)(390,393,1)
[01:21:55]ATTACK: Gunner shot Deathclaw with the bullet (NEWHP: 180)(389,394,1)
[01:21:56]ATTACK: giant rad scorpion (977) attacked Default Cyborg-966  (NEWHP: -18)(40,159,1)
[01:21:56]ATTACK: venus human trap attacked venus human trap  (NEWHP: 20)(295,226,1)
[01:21:56]ATTACK: Mutant attacked Molerat  (NEWHP: 23)(123,237,1)
[01:21:56]ATTACK: Molerat attacked Mutant  (NEWHP: 250)(124,236,1)
[01:21:56]ATTACK: Mutant attacked Molerat  (NEWHP: 19)(125,237,1)
[01:21:58]ATTACK: giant rad scorpion (977) attacked Default Cyborg-966  (NEWHP: -33)(40,159,1)
[01:21:58]ATTACK: Deathclaw attacked Gunner  (NEWHP: 196)(392,393,1)
[01:21:58]ATTACK: Gunner attacked Deathclaw  (NEWHP: 180)(393,394,1)
[01:22:00]ATTACK: giant rad scorpion (977) attacked Default Cyborg-966  (NEWHP: -50)(40,159,1)
[01:22:01]ATTACK: Gunner shot Deathclaw with the bullet (NEWHP: 140)(389,397,1)
[01:22:01]ATTACK: Gunner shot Deathclaw with the bullet (NEWHP: 100)(389,397,1)
[01:22:01]ATTACK: Gunner shot Deathclaw with the bullet (NEWHP: 60)(390,398,1)
[01:22:03]ATTACK: giant rad scorpion (977) attacked Default Cyborg-966  (NEWHP: -70)(40,159,1)
[01:22:05]ATTACK: giant rad scorpion (977) attacked Default Cyborg-966  (NEWHP: -86)(40,159,1)
[01:22:07]ATTACK: Molerat attacked Gekkon  (NEWHP: 60)(119,148,1)
[01:22:07]ATTACK: Molerat attacked Gekkon  (NEWHP: 55)(119,148,1)
[01:22:07]ATTACK: Molerat attacked Gekkon  (NEWHP: 48)(119,148,1)
[01:22:07]ATTACK: Molerat attacked Gekkon  (NEWHP: 42)(119,148,1)
[01:22:07]ATTACK: Deathclaw attacked Gunner  (NEWHP: 139)(394,397,1)
[01:22:07]ATTACK: Gunner attacked Deathclaw  (NEWHP: 60)(393,398,1)
[01:22:07]ATTACK: Gekkon attacked Molerat  (NEWHP: 50)(119,147,1)
[01:22:09]ATTACK: Molerat attacked Gekkon  (NEWHP: 34)(119,148,1)
[01:22:09]ATTACK: Molerat attacked Gekkon  (NEWHP: 26)(119,148,1)
[01:22:09]ATTACK: Molerat attacked Gekkon  (NEWHP: 19)(119,148,1)
[01:22:09]ATTACK: Molerat attacked Gekkon  (NEWHP: 12)(119,148,1)
[01:22:09]ATTACK: Gekkon attacked Molerat  (NEWHP: 50)(118,147,1)
[01:22:09]ATTACK: Gunner shot Deathclaw with the bullet (NEWHP: 20)(391,393,1)
[01:22:09]ATTACK: Gunner shot Deathclaw with the bullet (NEWHP: 0)(390,393,1)
[01:22:09]ATTACK: Gunner shot Deathclaw with the bullet (NEWHP: 0)(390,393,1)
[01:22:11]ATTACK: Molerat attacked Gekkon  (NEWHP: 4)(119,148,1)
[01:22:44]ATTACK: Molerat attacked Gekkon  (NEWHP: 60)(118,148,1)
[01:22:45]ATTACK: Gekkon attacked Molerat  (NEWHP: 37)(119,148,1)
[01:22:47]ATTACK: Molerat attacked Gekkon  (NEWHP: 55)(118,148,1)
[01:22:47]ATTACK: Molerat attacked Gekkon  (NEWHP: 50)(118,148,1)
[01:22:47]ATTACK: Molerat attacked Gekkon  (NEWHP: 40)(118,148,1)
[01:22:47]ATTACK: Molerat attacked Gekkon  (NEWHP: 31)(118,148,1)
[01:22:47]ATTACK: Gekkon attacked Molerat  (NEWHP: 39)(117,147,1)
[01:22:49]ATTACK: Molerat attacked Gekkon  (NEWHP: 24)(118,148,1)
[01:22:49]ATTACK: Molerat attacked Gekkon  (NEWHP: 17)(118,148,1)
[01:22:49]ATTACK: Molerat attacked Gekkon  (NEWHP: 11)(118,148,1)
[01:22:49]ATTACK: Molerat attacked Gekkon  (NEWHP: 1)(118,148,1)
[01:22:51]ATTACK: Gekkon attacked Molerat  (NEWHP: 23)(119,148,1)
[01:22:53]ATTACK: Molerat attacked Gekkon  (NEWHP: 60)(120,148,1)
[01:22:53]ATTACK: Gekkon attacked Molerat  (NEWHP: 12)(119,147,1)
[01:22:55]ATTACK: Molerat attacked Gekkon  (NEWHP: 52)(120,148,1)
[01:22:55]ATTACK: Molerat attacked Gekkon  (NEWHP: 44)(120,148,1)
[01:22:55]ATTACK: Molerat attacked Gekkon  (NEWHP: 38)(120,148,1)
[01:22:55]ATTACK: venus human trap attacked venus human trap  (NEWHP: 65)(275,229,1)
[01:22:55]ATTACK: venus human trap attacked venus human trap  (NEWHP: 55)(275,228,1)
[01:22:55]ATTACK: Gekkon attacked Molerat  (NEWHP: 29)(119,147,1)
[01:22:57]ATTACK: Molerat attacked Gekkon  (NEWHP: 32)(120,148,1)
[01:22:57]ATTACK: Molerat attacked Gekkon  (NEWHP: 23)(120,148,1)
[01:22:57]ATTACK: Molerat attacked Gekkon  (NEWHP: 13)(120,148,1)
[01:22:57]ATTACK: venus human trap attacked venus human trap  (NEWHP: 40)(275,229,1)
[01:22:57]ATTACK: Gekkon attacked Molerat  (NEWHP: 18)(119,147,1)
[01:22:59]ATTACK: venus human trap attacked venus human trap  (NEWHP: 25)(275,229,1)
[01:23:00]ATTACK: Gekkon attacked Molerat  (NEWHP: 7)(119,147,1)
[01:23:02]ATTACK: Molerat attacked Gekkon  (NEWHP: 6)(120,148,1)
[01:23:04]ATTACK: giant rad scorpion (640) attacked brahmin  (NEWHP: 20)(225,145,1)
[01:23:04]ATTACK: Molerat attacked Gekkon  (NEWHP: 60)(122,150,1)
[01:23:04]ATTACK: Gekkon attacked Molerat  (NEWHP: 50)(121,150,1)
[01:23:04]ATTACK: Gekkon attacked Molerat  (NEWHP: 37)(121,150,1)
[01:23:04]ATTACK: Gekkon attacked Molerat  (NEWHP: 24)(121,150,1)
[01:23:06]ATTACK: giant rad scorpion (640) attacked brahmin  (NEWHP: 2)(225,145,1)
[01:23:06]ATTACK: Molerat attacked Gekkon  (NEWHP: 60)(122,151,1)
[01:23:06]ATTACK: Gekkon attacked Molerat  (NEWHP: 9)(121,150,1)
[01:23:08]ATTACK: Molerat attacked Gekko nest  (NEWHP: 150)(129,155,1)
[01:23:10]ATTACK: Molerat attacked Gekko nest  (NEWHP: 142)(129,155,1)
[01:23:10]ATTACK: Gekkon attacked Molerat  (NEWHP: 50)(128,154,1)
[01:23:10]ATTACK: Gekkon attacked Molerat  (NEWHP: 40)(128,154,1)
[01:23:10]ATTACK: Gekkon attacked Molerat  (NEWHP: 27)(128,154,1)
[01:23:10]ATTACK: Gekkon attacked Molerat  (NEWHP: 17)(128,154,1)
[01:23:10]ATTACK: Gekkon attacked Molerat  (NEWHP: 5)(128,154,1)
[01:24:09]ATTACK: Molerat attacked Gekkon  (NEWHP: 55)(121,151,1)
[01:24:09]ATTACK: Gekkon attacked Molerat  (NEWHP: 50)(121,150,1)
[01:24:09]ATTACK: Gekkon attacked Molerat  (NEWHP: 37)(121,150,1)
[01:24:09]ATTACK: Gekkon attacked Molerat  (NEWHP: 24)(121,150,1)
[01:24:09]ATTACK: Gekkon attacked Molerat  (NEWHP: 11)(121,150,1)
[01:24:09]ATTACK: Gekkon attacked Molerat  (NEWHP: 1)(121,150,1)
[01:25:04]ATTACK: Molerat attacked Gekkon  (NEWHP: 60)(114,143,1)
[01:25:04]ATTACK: Gekkon attacked Molerat  (NEWHP: 50)(113,143,1)
[01:25:04]ATTACK: Gekkon attacked Molerat  (NEWHP: 37)(113,143,1)
[01:25:06]ATTACK: Molerat attacked Gekkon  (NEWHP: 60)(113,144,1)
[01:25:06]ATTACK: Gekkon attacked Molerat  (NEWHP: 25)(113,143,1)
[01:25:06]ATTACK: Gekkon attacked Molerat  (NEWHP: 14)(113,143,1)
[01:26:17]ATTACK: Molerat attacked Gekkon  (NEWHP: 60)(101,141,1)
[01:26:18]ATTACK: Gekkon attacked Molerat  (NEWHP: 50)(100,142,1)
[01:26:20]ATTACK: Molerat attacked Gekkon  (NEWHP: 55)(101,141,1)
[01:26:20]ATTACK: Gekkon attacked Molerat  (NEWHP: 40)(100,142,1)
[01:26:22]ATTACK: Molerat attacked Gekkon  (NEWHP: 50)(101,141,1)
[01:26:22]ATTACK: Gekkon attacked Molerat  (NEWHP: 25)(100,142,1)
[01:26:24]ATTACK: Molerat attacked Gekkon  (NEWHP: 44)(101,141,1)
[01:26:24]ATTACK: Gekkon attacked Molerat  (NEWHP: 13)(100,142,1)
[01:26:26]ATTACK: Molerat attacked Gekkon  (NEWHP: 35)(101,141,1)
[01:26:26]ATTACK: Gekkon attacked Molerat  (NEWHP: 2)(100,142,1)
[01:27:12]ATTACK: venus human trap attacked venus human trap  (NEWHP: 15)(284,234,1)
[01:27:25]ATTACK: rad scorpion (337) attacked mouse  (NEWHP: 5)(238,239,1)
[01:28:03]ATTACK: giant rad scorpion (772) attacked Gekkon  (NEWHP: 60)(98,69,1)
[01:28:03]ATTACK: Gekkon attacked giant rad scorpion (772)  (NEWHP: 200)(98,68,1)
[01:28:05]ATTACK: giant rad scorpion (772) attacked Gekkon  (NEWHP: 42)(98,69,1)
[01:28:05]ATTACK: Gekkon attacked giant rad scorpion (772)  (NEWHP: 186)(98,68,1)
[01:28:07]ATTACK: giant rad scorpion (772) attacked Gekkon  (NEWHP: 27)(98,69,1)
[01:28:07]ATTACK: Gekkon attacked giant rad scorpion (772)  (NEWHP: 176)(98,68,1)
[01:28:09]ATTACK: giant rad scorpion (772) attacked Gekkon  (NEWHP: 12)(98,69,1)
[01:29:29]ATTACK: Molerat attacked Gekkon  (NEWHP: 60)(115,155,1)
[01:29:29]ATTACK: Gekkon attacked Molerat  (NEWHP: 50)(116,155,1)
[01:29:31]ATTACK: Molerat attacked Gekkon  (NEWHP: 53)(115,155,1)
[01:29:31]ATTACK: Gekkon attacked Molerat  (NEWHP: 37)(116,155,1)
[01:29:33]ATTACK: Molerat attacked Gekkon  (NEWHP: 44)(115,155,1)
[01:29:33]ATTACK: Gekkon attacked Molerat  (NEWHP: 23)(116,155,1)
[01:29:36]ATTACK: Molerat attacked Gekkon  (NEWHP: 37)(115,155,1)
[01:29:36]ATTACK: Gekkon attacked Molerat  (NEWHP: 8)(116,155,1)
[01:30:34]ATTACK: venus human trap attacked venus human trap  (NEWHP: 55)(161,161,1)
[01:30:39]ATTACK: venus human trap attacked venus human trap  (NEWHP: 25)(161,163,1)
[01:31:06]ATTACK: giant rad scorpion (57) attacked Gekkon  (NEWHP: 60)(373,229,1)
[01:31:06]ATTACK: Gekkon attacked giant rad scorpion (57)  (NEWHP: 200)(373,228,1)
[01:31:08]ATTACK: giant rad scorpion (57) attacked Gekkon  (NEWHP: 41)(373,229,1)
[01:31:08]ATTACK: Gekkon attacked giant rad scorpion (57)  (NEWHP: 190)(373,228,1)
[01:31:10]ATTACK: giant rad scorpion (57) attacked Gekkon  (NEWHP: 23)(373,229,1)
[01:31:10]ATTACK: Gekkon attacked giant rad scorpion (57)  (NEWHP: 175)(373,228,1)
[01:31:10]ATTACK: Gekkon attacked giant rad scorpion (57)  (NEWHP: 161)(373,228,1)
[01:31:12]ATTACK: giant rad scorpion (57) attacked Gekkon  (NEWHP: 8)(373,229,1)
[01:31:12]ATTACK: Gekkon attacked giant rad scorpion (57)  (NEWHP: 147)(373,228,1)
[01:31:15]ATTACK: giant rad scorpion (57) attacked Gekkon  (NEWHP: 60)(374,228,1)
[01:31:15]ATTACK: Gekkon attacked giant rad scorpion (57)  (NEWHP: 132)(373,228,1)
[01:31:15]ATTACK: Gekkon attacked giant rad scorpion (57)  (NEWHP: 120)(373,228,1)
[01:31:17]ATTACK: giant rad scorpion (57) attacked Gekkon  (NEWHP: 45)(374,228,1)
[01:31:17]ATTACK: Gekkon attacked giant rad scorpion (57)  (NEWHP: 110)(373,228,1)
[01:31:17]ATTACK: Gekkon attacked giant rad scorpion (57)  (NEWHP: 98)(373,228,1)
[01:31:19]ATTACK: giant rad scorpion (57) attacked Gekkon  (NEWHP: 60)(373,229,1)
[01:31:19]ATTACK: Gekkon attacked giant rad scorpion (57)  (NEWHP: 87)(373,228,1)
[01:31:19]ATTACK: Gekkon attacked giant rad scorpion (57)  (NEWHP: 73)(373,228,1)
[01:31:21]ATTACK: giant rad scorpion (57) attacked Gekkon  (NEWHP: 27)(374,228,1)
[01:31:21]ATTACK: Gekkon attacked giant rad scorpion (57)  (NEWHP: 59)(373,229,1)
[01:31:21]ATTACK: Gekkon attacked giant rad scorpion (57)  (NEWHP: 48)(373,229,1)
[01:31:21]ATTACK: Gekkon attacked giant rad scorpion (57)  (NEWHP: 33)(373,229,1)
[01:31:23]ATTACK: giant rad scorpion (57) attacked Gekkon  (NEWHP: 40)(373,230,1)
[01:31:23]ATTACK: Gekkon attacked giant rad scorpion (57)  (NEWHP: 23)(373,229,1)
[01:31:23]ATTACK: Gekkon attacked giant rad scorpion (57)  (NEWHP: 13)(373,229,1)
[01:31:23]ATTACK: Gekkon attacked giant rad scorpion (57)  (NEWHP: 3)(373,229,1)
[01:32:20]ATTACK: giant rad scorpion (640) attacked brahmin  (NEWHP: 20)(225,145,1)
[01:32:32]ATTACK: Molerat attacked Gekkon  (NEWHP: 51)(117,126,1)
[01:32:32]ATTACK: Gekkon attacked Molerat  (NEWHP: 50)(117,125,1)
[01:32:34]ATTACK: Molerat attacked Gekkon  (NEWHP: 45)(117,126,1)
[01:32:34]ATTACK: Molerat attacked Gekkon  (NEWHP: 36)(117,126,1)
[01:32:34]ATTACK: Gekkon attacked Molerat  (NEWHP: 36)(117,125,1)
[01:32:36]ATTACK: Molerat attacked Gekkon  (NEWHP: 27)(117,126,1)
[01:32:36]ATTACK: Molerat attacked Gekkon  (NEWHP: 21)(117,126,1)
[01:32:36]ATTACK: Gekkon attacked Molerat  (NEWHP: 24)(117,125,1)
[01:32:38]ATTACK: Molerat attacked Gekkon  (NEWHP: 14)(117,126,1)
[01:32:38]ATTACK: Molerat attacked Gekkon  (NEWHP: 6)(117,126,1)
[01:32:40]ATTACK: yaogai attacked Gekkon  (NEWHP: 60)(137,162,1)
[01:32:41]ATTACK: Gekkon attacked yaogai  (NEWHP: 300)(138,163,1)
[01:32:43]ATTACK: yaogai attacked Gekkon  (NEWHP: 35)(137,162,1)
[01:32:43]ATTACK: Gekkon attacked yaogai  (NEWHP: 288)(138,163,1)
[01:32:45]ATTACK: yaogai attacked Gekkon  (NEWHP: 9)(137,162,1)
[01:32:47]ATTACK: Gekkon attacked yaogai  (NEWHP: 274)(138,163,1)
[01:32:49]ATTACK: yaogai attacked Gekkon  (NEWHP: 60)(137,162,1)
[01:32:49]ATTACK: Gekkon attacked yaogai  (NEWHP: 259)(138,163,1)
[01:32:52]ATTACK: yaogai attacked Gekkon  (NEWHP: 30)(137,162,1)
[01:32:52]ATTACK: Gekkon attacked yaogai  (NEWHP: 245)(138,163,1)
[01:32:54]ATTACK: yaogai attacked Gekkon  (NEWHP: 2)(137,162,1)
[01:33:51]ATTACK: yaogai attacked Gekkon  (NEWHP: 60)(138,163,1)
[01:33:51]ATTACK: Gekkon attacked yaogai  (NEWHP: 233)(139,164,1)
[01:33:53]ATTACK: yaogai attacked Gekkon  (NEWHP: 28)(138,163,1)
[01:35:06]ATTACK: Gunner shot Deathclaw with the bullet (NEWHP: 460)(387,396,1)
[01:35:06]ATTACK: Gunner shot Deathclaw with the bullet (NEWHP: 420)(388,396,1)
[01:35:08]ATTACK: Deathclaw attacked Gunner  (NEWHP: 85)(390,396,1)
[01:35:08]ATTACK: Gunner attacked Deathclaw  (NEWHP: 420)(389,396,1)
[01:35:10]ATTACK: Deathclaw attacked Gunner  (NEWHP: 27)(392,393,1)
[01:35:18]ATTACK: Molerat attacked Gekkon  (NEWHP: 60)(116,141,1)
[01:35:18]ATTACK: Gekkon attacked Molerat  (NEWHP: 11)(116,140,1)
[01:35:50]ATTACK: giant rad scorpion (640) attacked brahmin  (NEWHP: 20)(227,145,1)
[01:35:52]ATTACK: giant rad scorpion (640) attacked brahmin  (NEWHP: 4)(227,145,1)
[01:36:42]ATTACK: giant rad scorpion (43) attacked mouse  (NEWHP: 5)(242,248,1)
[01:36:55]ATTACK: giant rad scorpion (43) attacked mouse  (NEWHP: 5)(244,247,1)


Starting up. 01:46.09
---------------------
[01:49:39]ATTACK: Deathclaw attacked Gunner  (NEWHP: 300)(11,134,1)
[01:49:39]ATTACK: Gunner shot Deathclaw with the bullet (NEWHP: 460)(10,136,1)
[01:49:39]ATTACK: Gunner shot Deathclaw with the bullet (NEWHP: 460)(390,395,1)
[01:49:40]ATTACK: Gunner shot Deathclaw with the bullet (NEWHP: 420)(10,136,1)
[01:49:40]ATTACK: Gunner shot Deathclaw with the bullet (NEWHP: 380)(10,136,1)
[01:49:40]ATTACK: Gunner shot Deathclaw with the bullet (NEWHP: 420)(390,396,1)
[01:49:41]ATTACK: Gunner attacked Deathclaw  (NEWHP: 380)(10,136,1)
[01:49:41]ATTACK: Deathclaw attacked Gunner  (NEWHP: 252)(10,135,1)
[01:49:41]ATTACK: Deathclaw attacked Gunner  (NEWHP: 209)(10,135,1)
[01:49:41]ATTACK: giant rad scorpion (818) attacked Default Cyborg-841  (NEWHP: 100)(40,159,1)
[01:49:42]ATTACK: Mutant attacked Molerat  (NEWHP: 50)(123,237,1)
[01:49:42]ATTACK: Molerat attacked Mutant  (NEWHP: 250)(124,236,1)
[01:49:42]ATTACK: Molerat attacked Mutant  (NEWHP: 250)(123,238,1)
[01:49:42]ATTACK: Mutant attacked Mutant  (NEWHP: 250)(144,239,1)
[01:49:42]ATTACK: Molerat attacked Mutant  (NEWHP: 250)(123,238,1)
[01:49:42]ATTACK: Mutant attacked Mutant  (NEWHP: 225)(144,239,1)
[01:49:42]ATTACK: Molerat attacked Mutant  (NEWHP: 250)(123,238,1)
[01:49:42]ATTACK: Mutant attacked Molerat  (NEWHP: 21)(123,237,1)
[01:49:42]ATTACK: Molerat attacked Mutant  (NEWHP: 250)(123,238,1)
[01:49:42]ATTACK: Mutant attacked Mutant  (NEWHP: 191)(144,239,1)
[01:49:42]ATTACK: Mutant attacked Mutant  (NEWHP: 164)(144,239,1)
[01:49:42]ATTACK: Deathclaw attacked Gunner  (NEWHP: 300)(392,397,1)
[01:49:42]ATTACK: Gunner attacked Deathclaw  (NEWHP: 420)(391,397,1)
[01:49:44]ATTACK: Deathclaw attacked Gunner  (NEWHP: 163)(15,131,1)
[01:49:44]ATTACK: Deathclaw attacked Gunner  (NEWHP: 109)(15,131,1)
[01:49:44]ATTACK: giant rad scorpion (818) attacked Default Cyborg-841  (NEWHP: 84)(40,159,1)
[01:49:44]ATTACK: venus human trap attacked venus human trap  (NEWHP: 55)(293,226,1)
[01:49:44]ATTACK: Mutant attacked Mutant  (NEWHP: 132)(142,238,1)
[01:49:44]ATTACK: Molerat attacked Mutant  (NEWHP: 250)(123,238,1)
[01:49:44]ATTACK: Mutant attacked Mutant  (NEWHP: 99)(142,238,1)
[01:49:44]ATTACK: Molerat attacked Mutant  (NEWHP: 250)(123,238,1)
[01:49:44]ATTACK: Molerat attacked Mutant  (NEWHP: 250)(123,238,1)
[01:49:44]ATTACK: Molerat attacked Mutant  (NEWHP: 250)(123,238,1)
[01:49:44]ATTACK: Mutant attacked Mutant  (NEWHP: 250)(143,239,1)
[01:49:44]ATTACK: Mutant attacked Mutant  (NEWHP: 69)(142,238,1)
[01:49:44]ATTACK: Mutant attacked Mutant  (NEWHP: 41)(142,238,1)
[01:49:44]ATTACK: Cazador attacked Space Bat  (NEWHP: 15)(165,158,1)
[01:49:46]ATTACK: Deathclaw attacked Gunner  (NEWHP: 60)(19,126,1)
[01:49:46]ATTACK: Deathclaw attacked Gunner  (NEWHP: 18)(19,126,1)
[01:49:46]ATTACK: giant rad scorpion (818) attacked Default Cyborg-841  (NEWHP: 66)(40,159,1)
[01:49:46]ATTACK: venus human trap attacked venus human trap  (NEWHP: 30)(292,226,1)
[01:49:46]ATTACK: Mutant attacked Mutant  (NEWHP: 11)(142,238,1)
[01:49:46]ATTACK: Molerat attacked Mutant  (NEWHP: 250)(123,238,1)
[01:49:46]ATTACK: Molerat attacked Mutant  (NEWHP: 250)(123,238,1)
[01:49:46]ATTACK: Molerat attacked Mutant  (NEWHP: 250)(123,238,1)
[01:49:46]ATTACK: Mutant attacked Molerat  (NEWHP: 50)(124,239,1)
[01:49:46]ATTACK: Molerat attacked Mutant  (NEWHP: 250)(123,238,1)
[01:49:46]ATTACK: Gunner shot Deathclaw with the bullet (NEWHP: 380)(393,398,1)
[01:49:46]ATTACK: Gunner shot Deathclaw with the bullet (NEWHP: 340)(393,398,1)
[01:49:47]ATTACK: Gunner shot Deathclaw with the bullet (NEWHP: 300)(394,397,1)
[01:49:48]ATTACK: giant rad scorpion (818) attacked Default Cyborg-841  (NEWHP: 47)(40,159,1)
[01:49:48]ATTACK: Mutant attacked Molerat  (NEWHP: 50)(122,238,1)
[01:49:48]ATTACK: Molerat attacked Mutant  (NEWHP: 250)(123,238,1)
[01:49:48]ATTACK: Molerat attacked Mutant  (NEWHP: 250)(123,238,1)
[01:49:48]ATTACK: Molerat attacked Mutant  (NEWHP: 250)(123,238,1)
[01:49:48]ATTACK: Mutant attacked Molerat  (NEWHP: 16)(124,239,1)
[01:49:48]ATTACK: Molerat attacked Mutant  (NEWHP: 250)(123,238,1)
[01:49:50]ATTACK: giant rad scorpion (818) attacked Default Cyborg-841  (NEWHP: 30)(40,159,1)
[01:49:50]ATTACK: Mutant attacked Molerat  (NEWHP: 17)(122,238,1)
[01:49:50]ATTACK: Molerat attacked Mutant  (NEWHP: 250)(123,238,1)
[01:49:50]ATTACK: Molerat attacked Mutant  (NEWHP: 250)(123,238,1)
[01:49:52]ATTACK: giant rad scorpion (818) attacked Default Cyborg-841  (NEWHP: 12)(40,159,1)
[01:49:52]ATTACK: Molerat attacked Mutant  (NEWHP: 250)(123,238,1)
[01:49:52]ATTACK: Mutant attacked Molerat  (NEWHP: 50)(124,238,1)
[01:49:52]ATTACK: Molerat attacked Mutant  (NEWHP: 250)(123,238,1)
[01:49:52]ATTACK: Deathclaw attacked Gunner  (NEWHP: 256)(392,393,1)
[01:49:52]ATTACK: Gunner attacked Deathclaw  (NEWHP: 300)(393,394,1)
[01:49:54]ATTACK: Molerat attacked Gekkon  (NEWHP: 60)(124,151,1)
[01:49:54]ATTACK: giant rad scorpion (818) attacked Default Cyborg-841  (NEWHP: -3)(40,159,1)
[01:49:54]ATTACK: venus human trap attacked venus human trap  (NEWHP: 20)(294,226,1)
[01:49:55]ATTACK: Molerat attacked Mutant  (NEWHP: 250)(123,238,1)
[01:49:55]ATTACK: Mutant attacked Molerat  (NEWHP: 23)(124,238,1)
[01:49:55]ATTACK: Gekkon attacked Molerat  (NEWHP: 50)(123,151,1)
[01:49:55]ATTACK: Gunner shot Deathclaw with the bullet (NEWHP: 260)(389,397,1)
[01:49:55]ATTACK: Gunner shot Deathclaw with the bullet (NEWHP: 220)(389,397,1)
[01:49:55]ATTACK: Gunner shot Deathclaw with the bullet (NEWHP: 180)(390,398,1)
[01:49:57]ATTACK: Molerat attacked Gekkon  (NEWHP: 52)(124,151,1)
[01:49:57]ATTACK: giant rad scorpion (818) attacked Default Cyborg-841  (NEWHP: -22)(40,159,1)
[01:49:57]ATTACK: Molerat attacked Mutant  (NEWHP: 250)(123,238,1)
[01:49:57]ATTACK: Gekkon attacked Molerat  (NEWHP: 36)(123,151,1)
[01:49:59]ATTACK: Molerat attacked Gekkon  (NEWHP: 46)(124,151,1)
[01:49:59]ATTACK: giant rad scorpion (818) attacked Default Cyborg-841  (NEWHP: -39)(40,159,1)
[01:49:59]ATTACK: Molerat attacked Mutant  (NEWHP: 250)(123,238,1)
[01:49:59]ATTACK: Mutant attacked Molerat  (NEWHP: 50)(123,238,1)
[01:49:59]ATTACK: Gekkon attacked Molerat  (NEWHP: 23)(123,151,1)
[01:50:01]ATTACK: Molerat attacked Gekkon  (NEWHP: 40)(124,151,1)
[01:50:01]ATTACK: giant rad scorpion (818) attacked Default Cyborg-841  (NEWHP: -54)(40,159,1)
[01:50:01]ATTACK: Mutant attacked Molerat  (NEWHP: 18)(123,238,1)
[01:50:01]ATTACK: Gekkon attacked Molerat  (NEWHP: 9)(123,151,1)
[01:50:01]ATTACK: Gunner shot Deathclaw with the bullet (NEWHP: 140)(393,398,1)
[01:50:01]ATTACK: Gunner shot Deathclaw with the bullet (NEWHP: 100)(393,398,1)
[01:50:01]ATTACK: Gunner shot Deathclaw with the bullet (NEWHP: 60)(394,397,1)
[01:50:03]ATTACK: giant rad scorpion (818) attacked Default Cyborg-841  (NEWHP: -69)(40,159,1)
[01:50:05]ATTACK: giant rad scorpion (818) attacked Default Cyborg-841  (NEWHP: -85)(40,159,1)
[01:50:07]ATTACK: Gunner shot Deathclaw with the bullet (NEWHP: 20)(393,394,1)
[01:50:07]ATTACK: Gunner shot Deathclaw with the bullet (NEWHP: 0)(393,394,1)
[01:50:08]ATTACK: Gunner shot Deathclaw with the bullet (NEWHP: 0)(393,394,1)
[01:50:11]ATTACK: Molerat attacked Gekkon  (NEWHP: 35)(115,149,1)
[01:50:11]ATTACK: Gekkon attacked Molerat  (NEWHP: 50)(114,150,1)
[01:50:13]ATTACK: Molerat attacked Gekkon  (NEWHP: 25)(115,149,1)
[01:50:13]ATTACK: Molerat attacked Gekkon  (NEWHP: 15)(115,149,1)
[01:50:13]ATTACK: Molerat attacked Gekkon  (NEWHP: 5)(115,149,1)
[01:50:13]ATTACK: yaogai attacked Gekkon  (NEWHP: 60)(137,162,1)
[01:50:13]ATTACK: Gekkon attacked yaogai  (NEWHP: 300)(138,163,1)
[01:50:15]ATTACK: yaogai attacked Gekkon  (NEWHP: 27)(137,162,1)
[01:50:17]ATTACK: Molerat attacked Gekkon  (NEWHP: 60)(116,148,1)
[01:50:17]ATTACK: Molerat attacked Gekkon  (NEWHP: 53)(116,148,1)
[01:50:18]ATTACK: Gekkon attacked Molerat  (NEWHP: 50)(115,148,1)
[01:50:20]ATTACK: Molerat attacked Gekkon  (NEWHP: 46)(116,149,1)
[01:50:20]ATTACK: Molerat attacked Gekkon  (NEWHP: 38)(116,149,1)
[01:50:20]ATTACK: Molerat attacked Gekkon  (NEWHP: 32)(116,149,1)
[01:50:20]ATTACK: Molerat attacked Gekkon  (NEWHP: 22)(116,149,1)
[01:50:20]ATTACK: Gekkon attacked Molerat  (NEWHP: 39)(115,149,1)
[01:50:22]ATTACK: Molerat attacked Gekkon  (NEWHP: 12)(116,149,1)
[01:50:22]ATTACK: Molerat attacked Gekkon  (NEWHP: 3)(116,149,1)
[01:50:43]ATTACK: Molerat attacked Gekkon  (NEWHP: 60)(118,147,1)
[01:50:43]ATTACK: Molerat attacked Gekkon  (NEWHP: 50)(118,147,1)
[01:50:43]ATTACK: Molerat attacked Gekkon  (NEWHP: 43)(118,147,1)
[01:50:43]ATTACK: Molerat attacked Gekkon  (NEWHP: 60)(118,149,1)
[01:50:43]ATTACK: Gekkon attacked Molerat  (NEWHP: 35)(117,149,1)
[01:50:43]ATTACK: Gekkon attacked Molerat  (NEWHP: 50)(117,148,1)
[01:50:45]ATTACK: Molerat attacked Gekkon  (NEWHP: 38)(118,147,1)
[01:50:45]ATTACK: Molerat attacked Gekkon  (NEWHP: 31)(118,147,1)
[01:50:45]ATTACK: Molerat attacked Gekkon  (NEWHP: 24)(118,147,1)
[01:50:45]ATTACK: Molerat attacked Gekkon  (NEWHP: 53)(118,149,1)
[01:50:45]ATTACK: Gekkon attacked Molerat  (NEWHP: 39)(117,148,1)
[01:50:45]ATTACK: Gekkon attacked Molerat  (NEWHP: 29)(118,148,1)
[01:50:47]ATTACK: Molerat attacked Gekkon  (NEWHP: 15)(118,147,1)
[01:50:47]ATTACK: Molerat attacked Gekkon  (NEWHP: 7)(118,147,1)
[01:50:47]ATTACK: Molerat attacked Gekkon  (NEWHP: 48)(118,149,1)
[01:50:47]ATTACK: Gekkon attacked Molerat  (NEWHP: 20)(117,149,1)
[01:50:49]ATTACK: Molerat attacked Gekkon  (NEWHP: 38)(118,149,1)
[01:50:49]ATTACK: Gekkon attacked Molerat  (NEWHP: 9)(117,149,1)
[01:50:51]ATTACK: Molerat attacked Gekkon  (NEWHP: 28)(118,149,1)
[01:50:51]ATTACK: Molerat attacked Gekkon  (NEWHP: 21)(118,149,1)
[01:50:51]ATTACK: Molerat attacked Gekkon  (NEWHP: 16)(118,149,1)
[01:50:52]ATTACK: Gekkon attacked Molerat  (NEWHP: 15)(117,148,1)
[01:50:54]ATTACK: Molerat attacked Gekkon  (NEWHP: 9)(118,149,1)
[01:50:54]ATTACK: Gekkon attacked Molerat  (NEWHP: 25)(118,148,1)
[01:50:56]ATTACK: Molerat attacked Gekkon  (NEWHP: 60)(119,148,1)
[01:50:56]ATTACK: Gekkon attacked Molerat  (NEWHP: 12)(118,149,1)
[01:50:58]ATTACK: Molerat attacked Gekkon  (NEWHP: 54)(119,148,1)
[01:51:00]ATTACK: Molerat attacked Gekkon  (NEWHP: 44)(119,148,1)
[01:51:00]ATTACK: Molerat attacked Gekkon  (NEWHP: 36)(119,148,1)
[01:51:00]ATTACK: Gekkon attacked Molerat  (NEWHP: 50)(118,147,1)
[01:51:02]ATTACK: Molerat attacked Gekkon  (NEWHP: 31)(119,148,1)
[01:51:02]ATTACK: Molerat attacked Gekkon  (NEWHP: 25)(119,148,1)
[01:51:03]ATTACK: Gekkon attacked Molerat  (NEWHP: 38)(119,149,1)
[01:51:03]ATTACK: Gekkon attacked Molerat  (NEWHP: 26)(119,149,1)
[01:51:05]ATTACK: Molerat attacked Gekkon  (NEWHP: 18)(119,148,1)
[01:51:05]ATTACK: Molerat attacked Gekkon  (NEWHP: 8)(119,148,1)
[01:51:05]ATTACK: Gekkon attacked Molerat  (NEWHP: 11)(119,149,1)
[01:51:05]ATTACK: Gekkon attacked Molerat  (NEWHP: 1)(119,149,1)
[01:51:07]ATTACK: Molerat attacked Gekkon  (NEWHP: 1)(119,148,1)
[01:51:07]ATTACK: Gekkon attacked Molerat  (NEWHP: 50)(118,147,1)
[01:51:09]ATTACK: Gekkon attacked Molerat  (NEWHP: 35)(118,147,1)
[01:51:09]ATTACK: Gekkon attacked Molerat  (NEWHP: 25)(118,147,1)
[01:51:11]ATTACK: Gekkon attacked Molerat  (NEWHP: 10)(117,148,1)
[01:52:06]ATTACK: giant rad scorpion (485) attacked brahmin  (NEWHP: 20)(224,145,1)
[01:52:08]ATTACK: giant rad scorpion (485) attacked brahmin  (NEWHP: 3)(224,145,1)
[01:52:14]ATTACK: giant rad scorpion (485) attacked brahmin  (NEWHP: 20)(226,145,1)
[01:52:39]ATTACK: Molerat attacked Gekkon  (NEWHP: 60)(115,143,1)
[01:52:40]ATTACK: Gekkon attacked Molerat  (NEWHP: 50)(114,143,1)
[01:52:40]ATTACK: Gekkon attacked Molerat  (NEWHP: 35)(114,143,1)
[01:52:40]ATTACK: Gekkon attacked Molerat  (NEWHP: 21)(114,143,1)
[01:52:40]ATTACK: Gekkon attacked Molerat  (NEWHP: 11)(114,143,1)
[01:53:24]ATTACK: rad scorpion (50) attacked mouse  (NEWHP: 5)(239,241,1)
[01:53:28]ATTACK: venus human trap attacked venus human trap  (NEWHP: 65)(279,227,1)
[01:53:30]ATTACK: venus human trap attacked venus human trap  (NEWHP: 40)(279,228,1)
[01:53:32]ATTACK: venus human trap attacked venus human trap  (NEWHP: 15)(279,228,1)
[01:53:51]ATTACK: giant rad scorpion (485) attacked brahmin  (NEWHP: 20)(227,145,1)
[01:53:53]ATTACK: giant rad scorpion (485) attacked brahmin  (NEWHP: 5)(227,145,1)
[01:54:11]ATTACK: Gunner shot Deathclaw with the bullet (NEWHP: 460)(387,396,1)
[01:54:11]ATTACK: Gunner shot Deathclaw with the bullet (NEWHP: 420)(388,396,1)
[01:54:12]ATTACK: Deathclaw attacked Gunner  (NEWHP: 203)(389,396,1)
[01:54:12]ATTACK: Gunner attacked Deathclaw  (NEWHP: 420)(388,396,1)
[01:54:14]ATTACK: Deathclaw attacked Gunner  (NEWHP: 155)(394,393,1)
[01:54:14]ATTACK: Gunner attacked Deathclaw  (NEWHP: 420)(394,394,1)
[01:54:17]ATTACK: Deathclaw attacked Gunner  (NEWHP: 111)(389,396,1)
[01:54:17]ATTACK: Gunner attacked Deathclaw  (NEWHP: 420)(389,395,1)
[01:54:19]ATTACK: Deathclaw attacked Gunner  (NEWHP: 70)(394,397,1)
[01:54:19]ATTACK: Gunner attacked Deathclaw  (NEWHP: 420)(393,398,1)
[01:54:21]ATTACK: Deathclaw attacked Gunner  (NEWHP: 14)(390,393,1)
[01:55:17]ATTACK: Molerat attacked Gekkon  (NEWHP: 60)(121,133,1)
[01:55:17]ATTACK: Gekkon attacked Molerat  (NEWHP: 50)(121,132,1)
[01:55:17]ATTACK: Gekkon attacked Molerat  (NEWHP: 40)(121,132,1)
[01:55:19]ATTACK: Molerat attacked Gekkon  (NEWHP: 55)(121,132,1)
[01:55:19]ATTACK: Molerat attacked Gekkon  (NEWHP: 48)(121,132,1)
[01:55:19]ATTACK: Gekkon attacked Molerat  (NEWHP: 50)(120,133,1)
[01:55:19]ATTACK: Gekkon attacked Molerat  (NEWHP: 29)(121,131,1)
[01:55:21]ATTACK: Molerat attacked Gekkon  (NEWHP: 40)(121,132,1)
[01:55:21]ATTACK: Molerat attacked Gekkon  (NEWHP: 30)(121,132,1)
[01:55:21]ATTACK: Gekkon attacked Molerat  (NEWHP: 38)(120,133,1)
[01:55:21]ATTACK: Gekkon attacked Molerat  (NEWHP: 17)(121,131,1)
[01:55:23]ATTACK: Molerat attacked Gekkon  (NEWHP: 23)(121,132,1)
[01:55:23]ATTACK: Molerat attacked Gekkon  (NEWHP: 18)(121,132,1)
[01:55:24]ATTACK: Gekkon attacked Molerat  (NEWHP: 23)(120,133,1)
[01:55:24]ATTACK: Gekkon attacked Molerat  (NEWHP: 3)(121,131,1)
[01:55:26]ATTACK: Molerat attacked Gekkon  (NEWHP: 13)(121,132,1)
[01:55:26]ATTACK: Gekkon attacked Molerat  (NEWHP: 11)(120,133,1)
[01:55:57]ATTACK: Molerat attacked Gekkon  (NEWHP: 3)(118,128,1)
[01:55:57]ATTACK: Mutant attacked Gekkon  (NEWHP: 52)(99,137,1)
[01:55:57]ATTACK: Gekkon attacked Mutant  (NEWHP: 250)(99,136,1)


Starting up. 02:09.16
---------------------
[02:12:51]ATTACK: Deathclaw attacked Gunner  (NEWHP: 300)(11,134,1)
[02:12:51]ATTACK: venus human trap attacked venus human trap  (NEWHP: 70)(295,226,1)
[02:12:51]ATTACK: Molerat attacked Mutant  (NEWHP: 250)(126,234,1)
[02:12:51]ATTACK: Gunner shot Deathclaw with the bullet (NEWHP: 460)(10,136,1)
[02:12:51]ATTACK: Gunner shot Deathclaw with the bullet (NEWHP: 460)(390,395,1)
[02:12:52]ATTACK: Gunner shot Deathclaw with the bullet (NEWHP: 420)(10,136,1)
[02:12:52]ATTACK: Gunner shot Deathclaw with the bullet (NEWHP: 380)(10,136,1)
[02:12:52]ATTACK: Gunner shot Deathclaw with the bullet (NEWHP: 420)(390,396,1)
[02:12:53]ATTACK: Gunner attacked Deathclaw  (NEWHP: 500)(11,135,1)
[02:12:53]ATTACK: Deathclaw attacked Gunner  (NEWHP: 244)(10,135,1)
[02:12:53]ATTACK: Deathclaw attacked Gunner  (NEWHP: 191)(10,135,1)
[02:12:53]ATTACK: giant rad scorpion (531) attacked Default Cyborg-997  (NEWHP: 100)(40,159,1)
[02:12:53]ATTACK: venus human trap attacked venus human trap  (NEWHP: 65)(294,225,1)
[02:12:53]ATTACK: venus human trap attacked venus human trap  (NEWHP: 75)(295,225,1)
[02:12:53]ATTACK: Mutant attacked Molerat  (NEWHP: 50)(127,240,1)
[02:12:53]ATTACK: Mutant attacked Mutant  (NEWHP: 250)(149,242,1)
[02:12:53]ATTACK: Molerat attacked Mutant  (NEWHP: 250)(126,240,1)
[02:12:53]ATTACK: Molerat attacked Mutant  (NEWHP: 250)(126,240,1)
[02:12:53]ATTACK: Mutant attacked Mutant  (NEWHP: 216)(149,242,1)
[02:12:53]ATTACK: Molerat attacked Mutant  (NEWHP: 250)(126,240,1)
[02:12:53]ATTACK: Mutant attacked Molerat  (NEWHP: 50)(125,240,1)
[02:12:53]ATTACK: Molerat attacked Mutant  (NEWHP: 250)(126,241,1)
[02:12:53]ATTACK: Mutant attacked Mutant  (NEWHP: 250)(150,242,1)
[02:12:53]ATTACK: Mutant attacked Mutant  (NEWHP: 182)(149,242,1)
[02:12:53]ATTACK: Mutant attacked Mutant  (NEWHP: 153)(149,242,1)
[02:12:53]ATTACK: Deathclaw attacked Gunner  (NEWHP: 300)(392,397,1)
[02:12:53]ATTACK: Gunner attacked Deathclaw  (NEWHP: 420)(391,397,1)
[02:12:55]ATTACK: Gunner attacked Deathclaw  (NEWHP: 500)(13,137,1)
[02:12:55]ATTACK: Deathclaw attacked Gunner  (NEWHP: 147)(14,137,1)
[02:12:55]ATTACK: Deathclaw attacked Gunner  (NEWHP: 101)(14,137,1)
[02:12:55]ATTACK: giant rad scorpion (531) attacked Default Cyborg-997  (NEWHP: 82)(40,159,1)
[02:12:55]ATTACK: venus human trap attacked venus human trap  (NEWHP: 50)(295,225,1)
[02:12:55]ATTACK: venus human trap attacked venus human trap  (NEWHP: 45)(295,226,1)
[02:12:55]ATTACK: Mutant attacked Molerat  (NEWHP: 22)(127,240,1)
[02:12:55]ATTACK: Mutant attacked Mutant  (NEWHP: 118)(149,242,1)
[02:12:55]ATTACK: Molerat attacked Mutant  (NEWHP: 250)(127,241,1)
[02:12:55]ATTACK: Molerat attacked Mutant  (NEWHP: 250)(127,241,1)
[02:12:55]ATTACK: Mutant attacked Mutant  (NEWHP: 85)(149,242,1)
[02:12:55]ATTACK: Molerat attacked Mutant  (NEWHP: 250)(127,241,1)
[02:12:55]ATTACK: Mutant attacked Mutant  (NEWHP: 60)(149,242,1)
[02:12:55]ATTACK: Molerat attacked Mutant  (NEWHP: 250)(126,240,1)
[02:12:55]ATTACK: Mutant attacked Molerat  (NEWHP: 17)(126,241,1)
[02:12:55]ATTACK: Mutant attacked Mutant  (NEWHP: 250)(148,243,1)
[02:12:55]ATTACK: Mutant attacked Mutant  (NEWHP: 35)(149,242,1)
[02:12:55]ATTACK: Mutant attacked Mutant  (NEWHP: 4)(149,242,1)
[02:12:55]ATTACK: Cazador attacked Space Bat  (NEWHP: 15)(164,158,1)
[02:12:57]ATTACK: Deathclaw attacked Gunner  (NEWHP: 44)(14,131,1)
[02:12:58]ATTACK: giant rad scorpion (531) attacked Default Cyborg-997  (NEWHP: 62)(40,159,1)
[02:12:58]ATTACK: venus human trap attacked venus human trap  (NEWHP: 35)(294,226,1)
[02:12:58]ATTACK: venus human trap attacked venus human trap  (NEWHP: 25)(295,225,1)
[02:12:58]ATTACK: venus human trap attacked venus human trap  (NEWHP: 10)(294,226,1)
[02:12:58]ATTACK: Molerat attacked Mutant  (NEWHP: 250)(127,241,1)
[02:12:58]ATTACK: Molerat attacked Mutant  (NEWHP: 250)(127,241,1)
[02:12:58]ATTACK: Molerat attacked Mutant  (NEWHP: 250)(126,240,1)
[02:12:58]ATTACK: Gunner shot Deathclaw with the bullet (NEWHP: 380)(392,393,1)
[02:12:58]ATTACK: Gunner shot Deathclaw with the bullet (NEWHP: 340)(393,394,1)
[02:12:58]ATTACK: Gunner shot Deathclaw with the bullet (NEWHP: 300)(393,394,1)
[02:13:00]ATTACK: giant rad scorpion (531) attacked Default Cyborg-997  (NEWHP: 45)(40,159,1)
[02:13:00]ATTACK: Mutant attacked Molerat  (NEWHP: 50)(126,242,1)
[02:13:00]ATTACK: Molerat attacked Mutant  (NEWHP: 250)(127,241,1)
[02:13:00]ATTACK: Molerat attacked Mutant  (NEWHP: 250)(127,241,1)
[02:13:00]ATTACK: Molerat attacked Mutant  (NEWHP: 250)(126,240,1)
[02:13:02]ATTACK: giant rad scorpion (531) attacked Default Cyborg-997  (NEWHP: 26)(40,159,1)
[02:13:02]ATTACK: Mutant attacked Molerat  (NEWHP: 19)(126,242,1)
[02:13:02]ATTACK: Molerat attacked Mutant  (NEWHP: 250)(127,241,1)
[02:13:02]ATTACK: Molerat attacked Mutant  (NEWHP: 250)(127,240,1)
[02:13:02]ATTACK: Mutant attacked Molerat  (NEWHP: 50)(128,240,1)
[02:13:04]ATTACK: giant rad scorpion (531) attacked Default Cyborg-997  (NEWHP: 9)(40,159,1)
[02:13:04]ATTACK: Molerat attacked Mutant  (NEWHP: 250)(127,241,1)
[02:13:04]ATTACK: Molerat attacked Mutant  (NEWHP: 250)(127,240,1)
[02:13:04]ATTACK: Mutant attacked Molerat  (NEWHP: 15)(128,240,1)
[02:13:04]ATTACK: Gunner shot Deathclaw with the bullet (NEWHP: 260)(394,394,1)
[02:13:04]ATTACK: Gunner shot Deathclaw with the bullet (NEWHP: 220)(394,395,1)
[02:13:05]ATTACK: Gunner shot Deathclaw with the bullet (NEWHP: 180)(394,396,1)
[02:13:06]ATTACK: giant rad scorpion (531) attacked Default Cyborg-997  (NEWHP: -8)(40,159,1)
[02:13:06]ATTACK: Molerat attacked Mutant  (NEWHP: 250)(127,240,1)
[02:13:08]ATTACK: giant rad scorpion (531) attacked Default Cyborg-997  (NEWHP: -27)(40,159,1)
[02:13:08]ATTACK: Mutant attacked Molerat  (NEWHP: 50)(126,240,1)
[02:13:08]ATTACK: Molerat attacked Mutant  (NEWHP: 250)(127,241,1)
[02:13:08]ATTACK: Mutant attacked Molerat  (NEWHP: 19)(126,240,1)
[02:13:08]ATTACK: Deathclaw attacked Gunner  (NEWHP: 241)(389,397,1)
[02:13:08]ATTACK: Gunner attacked Deathclaw  (NEWHP: 180)(390,397,1)
[02:13:10]ATTACK: Molerat attacked Gekkon  (NEWHP: 60)(124,152,1)
[02:13:10]ATTACK: giant rad scorpion (531) attacked Default Cyborg-997  (NEWHP: -47)(40,159,1)
[02:13:10]ATTACK: Gekkon attacked Molerat  (NEWHP: 50)(123,152,1)
[02:13:10]ATTACK: Gekkon attacked Molerat  (NEWHP: 38)(123,152,1)
[02:13:10]ATTACK: Gunner shot Deathclaw with the bullet (NEWHP: 140)(394,397,1)
[02:13:11]ATTACK: Gunner shot Deathclaw with the bullet (NEWHP: 100)(394,396,1)
[02:13:11]ATTACK: Gunner shot Deathclaw with the bullet (NEWHP: 60)(394,395,1)
[02:13:12]ATTACK: Molerat attacked Gekkon  (NEWHP: 60)(123,151,1)
[02:13:12]ATTACK: Molerat attacked Gekkon  (NEWHP: 55)(123,151,1)
[02:13:12]ATTACK: giant rad scorpion (531) attacked Default Cyborg-997  (NEWHP: -62)(40,159,1)
[02:13:12]ATTACK: Gekkon attacked Molerat  (NEWHP: 24)(123,152,1)
[02:13:12]ATTACK: Gekkon attacked Molerat  (NEWHP: 13)(123,152,1)
[02:13:12]ATTACK: Gekkon attacked Molerat  (NEWHP: 2)(123,152,1)
[02:13:14]ATTACK: Molerat attacked Gekkon  (NEWHP: 46)(123,151,1)
[02:13:14]ATTACK: giant rad scorpion (531) attacked Default Cyborg-997  (NEWHP: -78)(40,159,1)
[02:13:14]ATTACK: Gekkon attacked Molerat  (NEWHP: 50)(122,151,1)
[02:13:17]ATTACK: Molerat attacked Gekkon  (NEWHP: 36)(123,151,1)
[02:13:17]ATTACK: giant rad scorpion (531) attacked Default Cyborg-997  (NEWHP: -97)(40,159,1)
[02:13:17]ATTACK: Deathclaw attacked Gunner  (NEWHP: 181)(393,393,1)
[02:13:17]ATTACK: Gunner attacked Deathclaw  (NEWHP: 60)(394,394,1)
[02:13:17]ATTACK: Gekkon attacked Molerat  (NEWHP: 35)(122,151,1)
[02:13:17]ATTACK: Gekkon attacked Molerat  (NEWHP: 24)(122,151,1)
[02:13:19]ATTACK: Molerat attacked Gekkon  (NEWHP: 26)(124,151,1)
[02:13:19]ATTACK: Gekkon attacked Molerat  (NEWHP: 11)(123,150,1)
[02:13:19]ATTACK: Gunner shot Deathclaw with the bullet (NEWHP: 20)(389,396,1)
[02:13:19]ATTACK: Gunner shot Deathclaw with the bullet (NEWHP: 0)(389,397,1)
[02:13:19]ATTACK: Gunner shot Deathclaw with the bullet (NEWHP: 0)(389,397,1)
[02:13:21]ATTACK: Gekkon attacked Molerat  (NEWHP: 50)(121,151,1)
[02:13:23]ATTACK: Molerat attacked Gekkon  (NEWHP: 60)(121,151,1)
[02:13:23]ATTACK: Gekkon attacked Molerat  (NEWHP: 38)(122,151,1)
[02:13:23]ATTACK: Gekkon attacked Molerat  (NEWHP: 25)(122,151,1)
[02:13:23]ATTACK: Gekkon attacked Molerat  (NEWHP: 14)(122,151,1)
[02:13:23]ATTACK: Gekkon attacked Molerat  (NEWHP: 4)(122,151,1)
[02:13:31]ATTACK: Molerat attacked Gekkon  (NEWHP: 60)(114,151,1)
[02:13:31]ATTACK: Molerat attacked Gekkon  (NEWHP: 53)(114,151,1)
[02:13:31]ATTACK: Gekkon attacked Molerat  (NEWHP: 50)(114,152,1)
[02:13:33]ATTACK: Molerat attacked Gekkon  (NEWHP: 44)(114,151,1)
[02:13:33]ATTACK: Molerat attacked Gekkon  (NEWHP: 34)(114,151,1)
[02:13:33]ATTACK: Gekkon attacked Molerat  (NEWHP: 50)(113,152,1)
[02:13:35]ATTACK: Molerat attacked Gekkon  (NEWHP: 24)(114,151,1)
[02:13:35]ATTACK: Molerat attacked Gekkon  (NEWHP: 15)(114,151,1)
[02:13:35]ATTACK: Gekkon attacked Molerat  (NEWHP: 37)(114,152,1)
[02:13:37]ATTACK: Molerat attacked Gekkon  (NEWHP: 9)(114,151,1)
[02:13:37]ATTACK: Molerat attacked Gekkon  (NEWHP: 1)(114,151,1)
[02:13:42]ATTACK: Molerat attacked Gekkon  (NEWHP: 60)(114,151,1)
[02:13:42]ATTACK: Molerat attacked Gekkon  (NEWHP: 55)(114,151,1)
[02:13:42]ATTACK: Gekkon attacked Molerat  (NEWHP: 22)(113,152,1)
[02:13:44]ATTACK: Molerat attacked Gekkon  (NEWHP: 48)(114,151,1)
[02:13:44]ATTACK: Molerat attacked Gekkon  (NEWHP: 42)(114,151,1)
[02:13:44]ATTACK: Gekkon attacked Molerat  (NEWHP: 35)(114,152,1)
[02:13:46]ATTACK: Molerat attacked Gekkon  (NEWHP: 34)(114,151,1)
[02:13:46]ATTACK: Molerat attacked Gekkon  (NEWHP: 27)(114,151,1)
[02:13:46]ATTACK: Gekkon attacked Molerat  (NEWHP: 21)(114,152,1)
[02:13:48]ATTACK: Molerat attacked Gekkon  (NEWHP: 17)(114,151,1)
[02:13:48]ATTACK: Molerat attacked Gekkon  (NEWHP: 8)(114,151,1)
[02:14:03]ATTACK: Molerat attacked Gekkon  (NEWHP: 52)(112,151,1)
[02:14:03]ATTACK: Gekkon attacked Molerat  (NEWHP: 8)(111,151,1)
[02:14:05]ATTACK: Molerat attacked Gekkon  (NEWHP: 43)(112,151,1)
[02:14:07]ATTACK: Molerat attacked Gekkon  (NEWHP: 38)(112,151,1)
[02:14:07]ATTACK: Gekkon attacked Molerat  (NEWHP: 8)(112,152,1)
[02:14:09]ATTACK: venus human trap attacked venus human trap  (NEWHP: 70)(275,228,1)
[02:14:09]ATTACK: venus human trap attacked venus human trap  (NEWHP: 65)(276,227,1)
[02:14:14]ATTACK: venus human trap attacked venus human trap  (NEWHP: 40)(277,227,1)
[02:14:16]ATTACK: venus human trap attacked venus human trap  (NEWHP: 25)(276,227,1)
